
==================================================
18. 负荷曲线数据  测试开始  表位号：8
==================================================
―――――――――――――――――――――――――――
清空采集任务配置表
―――――――――――――――――――――――――――
发送时间：2016-09-13 19:12:38.959
发送内容：68 18 00 43 05 08 00 00 00 00 00 10 53 AB 07 01 00 60 12 81 00 00 00 25 73 16 
接收时间：2016-09-13 19:12:39.084
接收内容：68 1A 00 C3 05 08 00 00 00 00 00 10 A6 C4 87 01 00 60 12 81 00 00 00 00 00 CB 81 16 
清空任务配置表成功！
―――――――――――――――――――――――――――
清空普通采集方案
―――――――――――――――――――――――――――
发送时间：2016-09-13 19:12:39.099
发送内容：68 18 00 43 05 08 00 00 00 00 00 10 53 AB 07 01 01 60 14 81 00 00 00 68 D7 16 
接收时间：2016-09-13 19:12:39.224
接收内容：68 1A 00 C3 05 08 00 00 00 00 00 10 A6 C4 87 01 01 60 14 81 00 00 00 00 00 FB 94 16 
清空普通采集方案 成功。
―――――――――――――――――――――――――――
配置虚拟表
―――――――――――――――――――――――――――
―――――――――――――――――――――――――――
终端校时到 2016-09-13 12:00:00
―――――――――――――――――――――――――――
发送时间：2016-09-13 19:12:39.302
发送内容：68 1F 00 43 05 08 00 00 00 00 00 10 B5 0B 06 01 02 40 00 02 00 1C 07 E0 09 0D 0C 00 00 00 9D A4 16 
接收时间：2016-09-13 19:12:40.722
接收内容：68 19 00 C3 05 08 00 00 00 00 00 10 15 3A 86 01 02 40 00 02 00 00 00 00 E6 BD 16 
设置终端时间为系统时间 成功。
―――――――――――――――――――――――――――
数据区初始化
―――――――――――――――――――――――――――
发送时间：2016-09-13 19:12:40.753
发送内容：68 18 00 43 05 08 00 00 00 00 00 10 53 AB 07 01 03 43 00 03 00 00 00 86 E4 16 
接收时间：2016-09-13 19:12:40.862
接收内容：68 1A 00 C3 05 08 00 00 00 00 00 10 A6 C4 87 01 03 43 00 03 00 00 00 00 00 6A E4 16 
数据区初始化 成功
―――――――――――――――――――――――――――
等待 120 秒…
―――――――――――――――――――――――――――
延时等待结束。
―――――――――――――――――――――――――――
下装普通采集方案
―――――――――――――――――――――――――――
发送时间：2016-09-13 19:14:42.573
发送内容：68 41 00 43 05 08 00 00 00 00 00 10 28 FE 
07 
01 
04 
60 14 7F 00 
01 //array
01 
02 //struct
06 
11 unsigned int ----01  //方案编号
12 long unsigned int 01 00  //存储深度
02 struc 整体大结构体 02 元素个数
11 unsigned int--- 03  //采集类型  按时标间隔采集
54 
01 00 0F 
01 01 
5B 
01 
50 02 02 00 
03 
20 21 02 00 
00 10 02 00 
00 20 02 00 
5C 01 16 04 00 F5 C5 16 
接收时间：2016-09-13 19:14:42.698
接收内容：68 1A 00 C3 05 08 00 00 00 00 00 10 A6 C4 87 01 04 60 14 7F 00 00 00 00 00 E2 1F 16 
下装普通采集方案 成功
―――――――――――――――――――――――――――
下装采集任务
―――――――――――――――――――――――――――
发送时间：2016-09-13 19:14:42.745
发送内容：68 53 00 43 05 08 00 00 00 00 00 10 4F 24 
07 01 05 
60 12 7F 00 
01
01 02 0C 11 01 
54 03 00 01  //TI  执行频率  03：日  间隔：1天
16 01 11 01 1C 07 E0 09 0D 00 00 00 1C 08 33 09 09 09 09 09 54 00 00 00 16 02 16 01 12 00 00 12 00 00 02 02 16 00 01 01 02 04 11 00 11 00 11 17 11 3B 00 ED D3 16 
接收时间：2016-09-13 19:14:42.870
接收内容：68 1A 00 C3 05 08 00 00 00 00 00 10 A6 C4 87 01 05 60 12 7F 00 00 00 00 00 D2 0A 16 
下装采集任务 成功！
―――――――――――――――――――――――――――
终端校时到 2016-09-13 23:59:50
―――――――――――――――――――――――――――
发送时间：2016-09-13 19:14:42.901
发送内容：68 1F 00 43 05 08 00 00 00 00 00 10 B5 0B 06 01 06 40 00 02 00 1C 07 E0 09 0D 17 3B 32 00 8A 7E 16 
接收时间：2016-09-13 19:14:44.367
接收内容：68 19 00 C3 05 08 00 00 00 00 00 10 15 3A 86 01 06 40 00 02 00 00 00 00 38 AB 16 
设置终端时间为系统时间 成功。
―――――――――――――――――――――――――――
等待 480 秒…
―――――――――――――――――――――――――――
延时等待结束。
―――――――――――――――――――――――――――
读取采集任务监控数据
―――――――――――――――――――――――――――
发送时间：2016-09-13 19:22:51.151
发送内容：68 1F 00 43 05 08 00 00 00 00 00 10 B5 0B 05 03 07 60 34 02 00 01 60 35 02 01 11 01 00 00 DA 5C 16 
接收时间：2016-09-13 19:22:51.775
接收内容：68 42 00 C3 05 08 00 00 00 00 00 10 4C C4 85 03 07 60 34 02 00 01 00 60 35 02 00 01 01 02 08 11 01 16 02 1C 07 E0 09 0E 00 00 00 1C 07 E0 09 0E 00 02 0B 12 00 02 12 00 02 12 00 61 12 00 61 00 00 37 4E 16 
读取采集任务检测数据并验证成功！
―――――――――――――――――――――――――――
读取电表负荷曲线数据
―――――――――――――――――――――――――――
发送时间：2016-09-13 19:22:51.806
发送内容：68 3D 00 43 05 08 00 00 00 00 00 10 1D 42 05 03 08 60 12 03 00 05 07 E0 09 0D 00 00 00 01 03 00 60 42 02 00 00 40 01 02 00 01 50 02 02 00 03 20 21 02 00 00 10 02 00 00 20 02 00 00 56 00 16 
接收时间：2016-09-13 19:22:53.194
接收内容：68 3F 06 C3 05 08 00 00 00 00 00 10 3A C5 85 05 08 00 00 01 02 01 60 12 03 00 03 00 60 42 02 00 00 40 01 02 00 01 50 02 02 00 03 20 21 02 00 00 10 02 00 00 20 02 00 01 13 1C 07 E0 09 0D 00 00 00 55 07 05 00 00 00 00 00 01 01 03 1C 07 E0 09 0D 00 00 00 01 05 06 00 09 00 B0 06 00 01 D4 C0 06 00 02 22 E0 06 00 01 FB D0 06 00 03 0D 40 01 05 06 00 09 00 B0 06 00 01 D4 C0 06 00 02 22 E0 06 00 01 FB D0 06 00 03 0D 40 1C 07 E0 09 0D 00 00 00 55 07 05 00 00 00 00 00 01 01 03 1C 07 E0 09 0D 00 0F 00 01 05 06 00 09 00 B0 06 00 01 D4 C0 06 00 02 22 E0 06 00 01 FB D0 06 00 03 0D 40 01 05 06 00 09 00 B0 06 00 01 D4 C0 06 00 02 22 E0 06 00 01 FB D0 06 00 03 0D 40 1C 07 E0 09 0D 00 00 00 55 07 05 00 00 00 00 00 01 01 03 1C 07 E0 09 0D 00 1E 00 01 05 06 00 09 00 B0 06 00 01 D4 C0 06 00 02 22 E0 06 00 01 FB D0 06 00 03 0D 40 01 05 06 00 09 00 B0 06 00 01 D4 C0 06 00 02 22 E0 06 00 01 FB D0 06 00 03 0D 40 1C 07 E0 09 0D 00 00 00 55 07 05 00 00 00 00 00 01 01 03 1C 07 E0 09 0D 00 2D 00 01 05 06 00 09 00 B0 06 00 01 D4 C0 06 00 02 22 E0 06 00 01 FB D0 06 00 03 0D 40 01 05 06 00 09 00 B0 06 00 01 D4 C0 06 00 02 22 E0 06 00 01 FB D0 06 00 03 0D 40 1C 07 E0 09 0D 00 00 00 55 07 05 00 00 00 00 00 01 01 03 1C 07 E0 09 0D 01 00 00 01 05 06 00 09 00 B0 06 00 01 D4 C0 06 00 02 22 E0 06 00 01 FB D0 06 00 03 0D 40 01 05 06 00 09 00 B0 06 00 01 D4 C0 06 00 02 22 E0 06 00 01 FB D0 06 00 03 0D 40 1C 07 E0 09 0D 00 00 00 55 07 05 00 00 00 00 00 01 01 03 1C 07 E0 09 0D 01 0F 00 01 05 06 00 09 00 B0 06 00 01 D4 C0 06 00 02 22 E0 06 00 01 FB D0 06 00 03 0D 40 01 05 06 00 09 00 B0 06 00 01 D4 C0 06 00 02 22 E0 06 00 01 FB D0 06 00 03 0D 40 1C 07 E0 09 0D 00 00 00 55 07 05 00 00 00 00 00 01 01 03 1C 07 E0 09 0D 01 1E 00 01 05 06 00 09 00 B0 06 00 01 D4 C0 06 00 02 22 E0 06 00 01 FB D0 06 00 03 0D 40 01 05 06 00 09 00 B0 06 00 01 D4 C0 06 00 02 22 E0 06 00 01 FB D0 06 00 03 0D 40 1C 07 E0 09 0D 00 00 00 55 07 05 00 00 00 00 00 01 01 03 1C 07 E0 09 0D 01 2D 00 01 05 06 00 09 00 B0 06 00 01 D4 C0 06 00 02 22 E0 06 00 01 FB D0 06 00 03 0D 40 01 05 06 00 09 00 B0 06 00 01 D4 C0 06 00 02 22 E0 06 00 01 FB D0 06 00 03 0D 40 1C 07 E0 09 0D 00 00 00 55 07 05 00 00 00 00 00 01 01 03 1C 07 E0 09 0D 02 00 00 01 05 06 00 09 00 B0 06 00 01 D4 C0 06 00 02 22 E0 06 00 01 FB D0 06 00 03 0D 40 01 05 06 00 09 00 B0 06 00 01 D4 C0 06 00 02 22 E0 06 00 01 FB D0 06 00 03 0D 40 1C 07 E0 09 0D 00 00 00 55 07 05 00 00 00 00 00 01 01 03 1C 07 E0 09 0D 02 0F 00 01 05 06 00 09 00 B0 06 00 01 D4 C0 06 00 02 22 E0 06 00 01 FB D0 06 00 03 0D 40 01 05 06 00 09 00 B0 06 00 01 D4 C0 06 00 02 22 E0 06 00 01 FB D0 06 00 03 0D 40 1C 07 E0 09 0D 00 00 00 55 07 05 00 00 00 00 00 01 01 03 1C 07 E0 09 0D 02 1E 00 01 05 06 00 09 00 B0 06 00 01 D4 C0 06 00 02 22 E0 06 00 01 FB D0 06 00 03 0D 40 01 05 06 00 09 00 B0 06 00 01 D4 C0 06 00 02 22 E0 06 00 01 FB D0 06 00 03 0D 40 1C 07 E0 09 0D 00 00 00 55 07 05 00 00 00 00 00 01 01 03 1C 07 E0 09 0D 02 2D 00 01 05 06 00 09 00 B0 06 00 01 D4 C0 06 00 02 22 E0 06 00 01 FB D0 06 00 03 0D 40 01 05 06 00 09 00 B0 06 00 01 D4 C0 06 00 02 22 E0 06 00 01 FB D0 06 00 03 0D 40 1C 07 E0 09 0D 00 00 00 55 07 05 00 00 00 00 00 01 01 03 1C 07 E0 09 0D 03 00 00 01 05 06 00 09 00 B0 06 00 01 D4 C0 06 00 02 22 E0 06 00 01 FB D0 06 00 03 0D 40 01 05 06 00 09 00 B0 06 00 01 D4 C0 06 00 02 22 E0 06 00 01 FB D0 06 00 03 0D 40 1C 07 E0 09 0D 00 00 00 55 07 05 00 00 00 00 00 01 01 03 1C 07 E0 09 0D 03 0F 00 01 05 06 00 09 00 B0 06 00 01 D4 C0 06 00 02 22 E0 06 00 01 FB D0 06 00 03 0D 40 01 05 06 00 09 00 B0 06 00 01 D4 C0 06 00 02 22 E0 06 00 01 FB D0 06 00 03 0D 40 1C 07 E0 09 0D 00 00 00 55 07 05 00 00 00 00 00 01 01 03 1C 07 E0 09 0D 03 1E 00 01 05 06 00 09 00 B0 06 00 01 D4 C0 06 00 02 22 E0 06 00 01 FB D0 06 00 03 0D 40 01 05 06 00 09 00 B0 06 00 01 D4 C0 06 00 02 22 E0 06 00 01 FB D0 06 00 03 0D 40 1C 07 E0 09 0D 00 00 00 55 07 05 00 00 00 00 00 01 01 03 1C 07 E0 09 0D 03 2D 00 01 05 06 00 09 00 B0 06 00 01 D4 C0 06 00 02 22 E0 06 00 01 FB D0 06 00 03 0D 40 01 05 06 00 09 00 B0 06 00 01 D4 C0 06 00 02 22 E0 06 00 01 FB D0 06 00 03 0D 40 1C 07 E0 09 0D 00 00 00 55 07 05 00 00 00 00 00 01 01 03 1C 07 E0 09 0D 04 00 00 01 05 06 00 09 00 B0 06 00 01 D4 C0 06 00 02 22 E0 06 00 01 FB D0 06 00 03 0D 40 01 05 06 00 09 00 B0 06 00 01 D4 C0 06 00 02 22 E0 06 00 01 FB D0 06 00 03 0D 40 1C 07 E0 09 0D 00 00 00 55 07 05 00 00 00 00 00 01 01 03 1C 07 E0 09 0D 04 0F 00 01 05 06 00 09 00 B0 06 00 01 D4 C0 06 00 02 22 E0 06 00 01 FB D0 06 00 03 0D 40 01 05 06 00 09 00 B0 06 00 01 D4 C0 06 00 02 22 E0 06 00 01 FB D0 06 00 03 0D 40 1C 07 E0 09 0D 00 00 00 55 07 05 00 00 00 00 00 01 01 03 1C 07 E0 09 0D 04 1E 00 01 05 06 00 09 00 B0 06 00 01 D4 C0 06 00 02 22 E0 06 00 01 FB D0 06 00 03 0D 40 01 05 06 00 09 00 B0 06 00 01 D4 C0 06 00 02 22 E0 06 00 01 FB D0 06 00 03 0D 40 00 00 32 07 16 
读取负荷曲线数据并验证成功！
发送时间：2016-09-13 19:22:53.241
发送内容：68 15 00 43 05 08 00 00 00 00 00 10 3D 1C 05 05 09 00 01 00 1B 51 16 
读取分帧数据 序号1
接收时间：2016-09-13 19:22:54.598
接收内容：68 3F 06 C3 05 08 00 00 00 00 00 10 3A C5 85 05 09 00 00 02 02 01 60 12 03 00 03 00 60 42 02 00 00 40 01 02 00 01 50 02 02 00 03 20 21 02 00 00 10 02 00 00 20 02 00 01 13 1C 07 E0 09 0D 00 00 00 55 07 05 00 00 00 00 00 01 01 03 1C 07 E0 09 0D 04 2D 00 01 05 06 00 09 00 B0 06 00 01 D4 C0 06 00 02 22 E0 06 00 01 FB D0 06 00 03 0D 40 01 05 06 00 09 00 B0 06 00 01 D4 C0 06 00 02 22 E0 06 00 01 FB D0 06 00 03 0D 40 1C 07 E0 09 0D 00 00 00 55 07 05 00 00 00 00 00 01 01 03 1C 07 E0 09 0D 05 00 00 01 05 06 00 09 00 B0 06 00 01 D4 C0 06 00 02 22 E0 06 00 01 FB D0 06 00 03 0D 40 01 05 06 00 09 00 B0 06 00 01 D4 C0 06 00 02 22 E0 06 00 01 FB D0 06 00 03 0D 40 1C 07 E0 09 0D 00 00 00 55 07 05 00 00 00 00 00 01 01 03 1C 07 E0 09 0D 05 0F 00 01 05 06 00 09 00 B0 06 00 01 D4 C0 06 00 02 22 E0 06 00 01 FB D0 06 00 03 0D 40 01 05 06 00 09 00 B0 06 00 01 D4 C0 06 00 02 22 E0 06 00 01 FB D0 06 00 03 0D 40 1C 07 E0 09 0D 00 00 00 55 07 05 00 00 00 00 00 01 01 03 1C 07 E0 09 0D 05 1E 00 01 05 06 00 09 00 B0 06 00 01 D4 C0 06 00 02 22 E0 06 00 01 FB D0 06 00 03 0D 40 01 05 06 00 09 00 B0 06 00 01 D4 C0 06 00 02 22 E0 06 00 01 FB D0 06 00 03 0D 40 1C 07 E0 09 0D 00 00 00 55 07 05 00 00 00 00 00 01 01 03 1C 07 E0 09 0D 05 2D 00 01 05 06 00 09 00 B0 06 00 01 D4 C0 06 00 02 22 E0 06 00 01 FB D0 06 00 03 0D 40 01 05 06 00 09 00 B0 06 00 01 D4 C0 06 00 02 22 E0 06 00 01 FB D0 06 00 03 0D 40 1C 07 E0 09 0D 00 00 00 55 07 05 00 00 00 00 00 01 01 03 1C 07 E0 09 0D 06 00 00 01 05 06 00 09 00 B0 06 00 01 D4 C0 06 00 02 22 E0 06 00 01 FB D0 06 00 03 0D 40 01 05 06 00 09 00 B0 06 00 01 D4 C0 06 00 02 22 E0 06 00 01 FB D0 06 00 03 0D 40 1C 07 E0 09 0D 00 00 00 55 07 05 00 00 00 00 00 01 01 03 1C 07 E0 09 0D 06 0F 00 01 05 06 00 09 00 B0 06 00 01 D4 C0 06 00 02 22 E0 06 00 01 FB D0 06 00 03 0D 40 01 05 06 00 09 00 B0 06 00 01 D4 C0 06 00 02 22 E0 06 00 01 FB D0 06 00 03 0D 40 1C 07 E0 09 0D 00 00 00 55 07 05 00 00 00 00 00 01 01 03 1C 07 E0 09 0D 06 1E 00 01 05 06 00 09 00 B0 06 00 01 D4 C0 06 00 02 22 E0 06 00 01 FB D0 06 00 03 0D 40 01 05 06 00 09 00 B0 06 00 01 D4 C0 06 00 02 22 E0 06 00 01 FB D0 06 00 03 0D 40 1C 07 E0 09 0D 00 00 00 55 07 05 00 00 00 00 00 01 01 03 1C 07 E0 09 0D 06 2D 00 01 05 06 00 09 00 B0 06 00 01 D4 C0 06 00 02 22 E0 06 00 01 FB D0 06 00 03 0D 40 01 05 06 00 09 00 B0 06 00 01 D4 C0 06 00 02 22 E0 06 00 01 FB D0 06 00 03 0D 40 1C 07 E0 09 0D 00 00 00 55 07 05 00 00 00 00 00 01 01 03 1C 07 E0 09 0D 07 00 00 01 05 06 00 09 00 B0 06 00 01 D4 C0 06 00 02 22 E0 06 00 01 FB D0 06 00 03 0D 40 01 05 06 00 09 00 B0 06 00 01 D4 C0 06 00 02 22 E0 06 00 01 FB D0 06 00 03 0D 40 1C 07 E0 09 0D 00 00 00 55 07 05 00 00 00 00 00 01 01 03 1C 07 E0 09 0D 07 0F 00 01 05 06 00 09 00 B0 06 00 01 D4 C0 06 00 02 22 E0 06 00 01 FB D0 06 00 03 0D 40 01 05 06 00 09 00 B0 06 00 01 D4 C0 06 00 02 22 E0 06 00 01 FB D0 06 00 03 0D 40 1C 07 E0 09 0D 00 00 00 55 07 05 00 00 00 00 00 01 01 03 1C 07 E0 09 0D 07 1E 00 01 05 06 00 09 00 B0 06 00 01 D4 C0 06 00 02 22 E0 06 00 01 FB D0 06 00 03 0D 40 01 05 06 00 09 00 B0 06 00 01 D4 C0 06 00 02 22 E0 06 00 01 FB D0 06 00 03 0D 40 1C 07 E0 09 0D 00 00 00 55 07 05 00 00 00 00 00 01 01 03 1C 07 E0 09 0D 07 2D 00 01 05 06 00 09 00 B0 06 00 01 D4 C0 06 00 02 22 E0 06 00 01 FB D0 06 00 03 0D 40 01 05 06 00 09 00 B0 06 00 01 D4 C0 06 00 02 22 E0 06 00 01 FB D0 06 00 03 0D 40 1C 07 E0 09 0D 00 00 00 55 07 05 00 00 00 00 00 01 01 03 1C 07 E0 09 0D 08 00 00 01 05 06 00 09 00 B0 06 00 01 D4 C0 06 00 02 22 E0 06 00 01 FB D0 06 00 03 0D 40 01 05 06 00 09 00 B0 06 00 01 D4 C0 06 00 02 22 E0 06 00 01 FB D0 06 00 03 0D 40 1C 07 E0 09 0D 00 00 00 55 07 05 00 00 00 00 00 01 01 03 1C 07 E0 09 0D 08 0F 00 01 05 06 00 09 00 B0 06 00 01 D4 C0 06 00 02 22 E0 06 00 01 FB D0 06 00 03 0D 40 01 05 06 00 09 00 B0 06 00 01 D4 C0 06 00 02 22 E0 06 00 01 FB D0 06 00 03 0D 40 1C 07 E0 09 0D 00 00 00 55 07 05 00 00 00 00 00 01 01 03 1C 07 E0 09 0D 08 1E 00 01 05 06 00 09 00 B0 06 00 01 D4 C0 06 00 02 22 E0 06 00 01 FB D0 06 00 03 0D 40 01 05 06 00 09 00 B0 06 00 01 D4 C0 06 00 02 22 E0 06 00 01 FB D0 06 00 03 0D 40 1C 07 E0 09 0D 00 00 00 55 07 05 00 00 00 00 00 01 01 03 1C 07 E0 09 0D 08 2D 00 01 05 06 00 09 00 B0 06 00 01 D4 C0 06 00 02 22 E0 06 00 01 FB D0 06 00 03 0D 40 01 05 06 00 09 00 B0 06 00 01 D4 C0 06 00 02 22 E0 06 00 01 FB D0 06 00 03 0D 40 1C 07 E0 09 0D 00 00 00 55 07 05 00 00 00 00 00 01 01 03 1C 07 E0 09 0D 09 00 00 01 05 06 00 09 00 B0 06 00 01 D4 C0 06 00 02 22 E0 06 00 01 FB D0 06 00 03 0D 40 01 05 06 00 09 00 B0 06 00 01 D4 C0 06 00 02 22 E0 06 00 01 FB D0 06 00 03 0D 40 1C 07 E0 09 0D 00 00 00 55 07 05 00 00 00 00 00 01 01 03 1C 07 E0 09 0D 09 0F 00 01 05 06 00 09 00 B0 06 00 01 D4 C0 06 00 02 22 E0 06 00 01 FB D0 06 00 03 0D 40 01 05 06 00 09 00 B0 06 00 01 D4 C0 06 00 02 22 E0 06 00 01 FB D0 06 00 03 0D 40 00 00 A6 C8 16 
读取负荷曲线数据并验证成功！
发送时间：2016-09-13 19:22:54.645
发送内容：68 15 00 43 05 08 00 00 00 00 00 10 3D 1C 05 05 0A 00 02 00 BE 5E 16 
读取分帧数据 序号2
接收时间：2016-09-13 19:22:56.033
接收内容：68 3F 06 C3 05 08 00 00 00 00 00 10 3A C5 85 05 0A 00 00 03 02 01 60 12 03 00 03 00 60 42 02 00 00 40 01 02 00 01 50 02 02 00 03 20 21 02 00 00 10 02 00 00 20 02 00 01 13 1C 07 E0 09 0D 00 00 00 55 07 05 00 00 00 00 00 01 01 03 1C 07 E0 09 0D 09 1E 00 01 05 06 00 09 00 B0 06 00 01 D4 C0 06 00 02 22 E0 06 00 01 FB D0 06 00 03 0D 40 01 05 06 00 09 00 B0 06 00 01 D4 C0 06 00 02 22 E0 06 00 01 FB D0 06 00 03 0D 40 1C 07 E0 09 0D 00 00 00 55 07 05 00 00 00 00 00 01 01 03 1C 07 E0 09 0D 09 2D 00 01 05 06 00 09 00 B0 06 00 01 D4 C0 06 00 02 22 E0 06 00 01 FB D0 06 00 03 0D 40 01 05 06 00 09 00 B0 06 00 01 D4 C0 06 00 02 22 E0 06 00 01 FB D0 06 00 03 0D 40 1C 07 E0 09 0D 00 00 00 55 07 05 00 00 00 00 00 01 01 03 1C 07 E0 09 0D 0A 00 00 01 05 06 00 09 00 B0 06 00 01 D4 C0 06 00 02 22 E0 06 00 01 FB D0 06 00 03 0D 40 01 05 06 00 09 00 B0 06 00 01 D4 C0 06 00 02 22 E0 06 00 01 FB D0 06 00 03 0D 40 1C 07 E0 09 0D 00 00 00 55 07 05 00 00 00 00 00 01 01 03 1C 07 E0 09 0D 0A 0F 00 01 05 06 00 09 00 B0 06 00 01 D4 C0 06 00 02 22 E0 06 00 01 FB D0 06 00 03 0D 40 01 05 06 00 09 00 B0 06 00 01 D4 C0 06 00 02 22 E0 06 00 01 FB D0 06 00 03 0D 40 1C 07 E0 09 0D 00 00 00 55 07 05 00 00 00 00 00 01 01 03 1C 07 E0 09 0D 0A 1E 00 01 05 06 00 09 00 B0 06 00 01 D4 C0 06 00 02 22 E0 06 00 01 FB D0 06 00 03 0D 40 01 05 06 00 09 00 B0 06 00 01 D4 C0 06 00 02 22 E0 06 00 01 FB D0 06 00 03 0D 40 1C 07 E0 09 0D 00 00 00 55 07 05 00 00 00 00 00 01 01 03 1C 07 E0 09 0D 0A 2D 00 01 05 06 00 09 00 B0 06 00 01 D4 C0 06 00 02 22 E0 06 00 01 FB D0 06 00 03 0D 40 01 05 06 00 09 00 B0 06 00 01 D4 C0 06 00 02 22 E0 06 00 01 FB D0 06 00 03 0D 40 1C 07 E0 09 0D 00 00 00 55 07 05 00 00 00 00 00 01 01 03 1C 07 E0 09 0D 0B 00 00 01 05 06 00 09 00 B0 06 00 01 D4 C0 06 00 02 22 E0 06 00 01 FB D0 06 00 03 0D 40 01 05 06 00 09 00 B0 06 00 01 D4 C0 06 00 02 22 E0 06 00 01 FB D0 06 00 03 0D 40 1C 07 E0 09 0D 00 00 00 55 07 05 00 00 00 00 00 01 01 03 1C 07 E0 09 0D 0B 0F 00 01 05 06 00 09 00 B0 06 00 01 D4 C0 06 00 02 22 E0 06 00 01 FB D0 06 00 03 0D 40 01 05 06 00 09 00 B0 06 00 01 D4 C0 06 00 02 22 E0 06 00 01 FB D0 06 00 03 0D 40 1C 07 E0 09 0D 00 00 00 55 07 05 00 00 00 00 00 01 01 03 1C 07 E0 09 0D 0B 1E 00 01 05 06 00 09 00 B0 06 00 01 D4 C0 06 00 02 22 E0 06 00 01 FB D0 06 00 03 0D 40 01 05 06 00 09 00 B0 06 00 01 D4 C0 06 00 02 22 E0 06 00 01 FB D0 06 00 03 0D 40 1C 07 E0 09 0D 00 00 00 55 07 05 00 00 00 00 00 01 01 03 1C 07 E0 09 0D 0B 2D 00 01 05 06 00 09 00 B0 06 00 01 D4 C0 06 00 02 22 E0 06 00 01 FB D0 06 00 03 0D 40 01 05 06 00 09 00 B0 06 00 01 D4 C0 06 00 02 22 E0 06 00 01 FB D0 06 00 03 0D 40 1C 07 E0 09 0D 00 00 00 55 07 05 00 00 00 00 00 01 01 03 1C 07 E0 09 0D 0C 00 00 01 05 06 00 09 00 B0 06 00 01 D4 C0 06 00 02 22 E0 06 00 01 FB D0 06 00 03 0D 40 01 05 06 00 09 00 B0 06 00 01 D4 C0 06 00 02 22 E0 06 00 01 FB D0 06 00 03 0D 40 1C 07 E0 09 0D 00 00 00 55 07 05 00 00 00 00 00 01 01 03 1C 07 E0 09 0D 0C 0F 00 01 05 06 00 09 00 B0 06 00 01 D4 C0 06 00 02 22 E0 06 00 01 FB D0 06 00 03 0D 40 01 05 06 00 09 00 B0 06 00 01 D4 C0 06 00 02 22 E0 06 00 01 FB D0 06 00 03 0D 40 1C 07 E0 09 0D 00 00 00 55 07 05 00 00 00 00 00 01 01 03 1C 07 E0 09 0D 0C 1E 00 01 05 06 00 09 00 B0 06 00 01 D4 C0 06 00 02 22 E0 06 00 01 FB D0 06 00 03 0D 40 01 05 06 00 09 00 B0 06 00 01 D4 C0 06 00 02 22 E0 06 00 01 FB D0 06 00 03 0D 40 1C 07 E0 09 0D 00 00 00 55 07 05 00 00 00 00 00 01 01 03 1C 07 E0 09 0D 0C 2D 00 01 05 06 00 09 00 B0 06 00 01 D4 C0 06 00 02 22 E0 06 00 01 FB D0 06 00 03 0D 40 01 05 06 00 09 00 B0 06 00 01 D4 C0 06 00 02 22 E0 06 00 01 FB D0 06 00 03 0D 40 1C 07 E0 09 0D 00 00 00 55 07 05 00 00 00 00 00 01 01 03 1C 07 E0 09 0D 0D 00 00 01 05 06 00 09 00 B0 06 00 01 D4 C0 06 00 02 22 E0 06 00 01 FB D0 06 00 03 0D 40 01 05 06 00 09 00 B0 06 00 01 D4 C0 06 00 02 22 E0 06 00 01 FB D0 06 00 03 0D 40 1C 07 E0 09 0D 00 00 00 55 07 05 00 00 00 00 00 01 01 03 1C 07 E0 09 0D 0D 0F 00 01 05 06 00 09 00 B0 06 00 01 D4 C0 06 00 02 22 E0 06 00 01 FB D0 06 00 03 0D 40 01 05 06 00 09 00 B0 06 00 01 D4 C0 06 00 02 22 E0 06 00 01 FB D0 06 00 03 0D 40 1C 07 E0 09 0D 00 00 00 55 07 05 00 00 00 00 00 01 01 03 1C 07 E0 09 0D 0D 1E 00 01 05 06 00 09 00 B0 06 00 01 D4 C0 06 00 02 22 E0 06 00 01 FB D0 06 00 03 0D 40 01 05 06 00 09 00 B0 06 00 01 D4 C0 06 00 02 22 E0 06 00 01 FB D0 06 00 03 0D 40 1C 07 E0 09 0D 00 00 00 55 07 05 00 00 00 00 00 01 01 03 1C 07 E0 09 0D 0D 2D 00 01 05 06 00 09 00 B0 06 00 01 D4 C0 06 00 02 22 E0 06 00 01 FB D0 06 00 03 0D 40 01 05 06 00 09 00 B0 06 00 01 D4 C0 06 00 02 22 E0 06 00 01 FB D0 06 00 03 0D 40 1C 07 E0 09 0D 00 00 00 55 07 05 00 00 00 00 00 01 01 03 1C 07 E0 09 0D 0E 00 00 01 05 06 00 09 00 B0 06 00 01 D4 C0 06 00 02 22 E0 06 00 01 FB D0 06 00 03 0D 40 01 05 06 00 09 00 B0 06 00 01 D4 C0 06 00 02 22 E0 06 00 01 FB D0 06 00 03 0D 40 00 00 67 7A 16 
读取负荷曲线数据并验证成功！
发送时间：2016-09-13 19:22:56.096
发送内容：68 15 00 43 05 08 00 00 00 00 00 10 3D 1C 05 05 0B 00 03 00 DD 5B 16 
读取分帧数据 序号3
接收时间：2016-09-13 19:22:57.437
接收内容：68 3F 06 C3 05 08 00 00 00 00 00 10 3A C5 85 05 0B 00 00 04 02 01 60 12 03 00 03 00 60 42 02 00 00 40 01 02 00 01 50 02 02 00 03 20 21 02 00 00 10 02 00 00 20 02 00 01 13 1C 07 E0 09 0D 00 00 00 55 07 05 00 00 00 00 00 01 01 03 1C 07 E0 09 0D 0E 0F 00 01 05 06 00 09 00 B0 06 00 01 D4 C0 06 00 02 22 E0 06 00 01 FB D0 06 00 03 0D 40 01 05 06 00 09 00 B0 06 00 01 D4 C0 06 00 02 22 E0 06 00 01 FB D0 06 00 03 0D 40 1C 07 E0 09 0D 00 00 00 55 07 05 00 00 00 00 00 01 01 03 1C 07 E0 09 0D 0E 1E 00 01 05 06 00 09 00 B0 06 00 01 D4 C0 06 00 02 22 E0 06 00 01 FB D0 06 00 03 0D 40 01 05 06 00 09 00 B0 06 00 01 D4 C0 06 00 02 22 E0 06 00 01 FB D0 06 00 03 0D 40 1C 07 E0 09 0D 00 00 00 55 07 05 00 00 00 00 00 01 01 03 1C 07 E0 09 0D 0E 2D 00 01 05 06 00 09 00 B0 06 00 01 D4 C0 06 00 02 22 E0 06 00 01 FB D0 06 00 03 0D 40 01 05 06 00 09 00 B0 06 00 01 D4 C0 06 00 02 22 E0 06 00 01 FB D0 06 00 03 0D 40 1C 07 E0 09 0D 00 00 00 55 07 05 00 00 00 00 00 01 01 03 1C 07 E0 09 0D 0F 00 00 01 05 06 00 09 00 B0 06 00 01 D4 C0 06 00 02 22 E0 06 00 01 FB D0 06 00 03 0D 40 01 05 06 00 09 00 B0 06 00 01 D4 C0 06 00 02 22 E0 06 00 01 FB D0 06 00 03 0D 40 1C 07 E0 09 0D 00 00 00 55 07 05 00 00 00 00 00 01 01 03 1C 07 E0 09 0D 0F 0F 00 01 05 06 00 09 00 B0 06 00 01 D4 C0 06 00 02 22 E0 06 00 01 FB D0 06 00 03 0D 40 01 05 06 00 09 00 B0 06 00 01 D4 C0 06 00 02 22 E0 06 00 01 FB D0 06 00 03 0D 40 1C 07 E0 09 0D 00 00 00 55 07 05 00 00 00 00 00 01 01 03 1C 07 E0 09 0D 0F 1E 00 01 05 06 00 09 00 B0 06 00 01 D4 C0 06 00 02 22 E0 06 00 01 FB D0 06 00 03 0D 40 01 05 06 00 09 00 B0 06 00 01 D4 C0 06 00 02 22 E0 06 00 01 FB D0 06 00 03 0D 40 1C 07 E0 09 0D 00 00 00 55 07 05 00 00 00 00 00 01 01 03 1C 07 E0 09 0D 0F 2D 00 01 05 06 00 09 00 B0 06 00 01 D4 C0 06 00 02 22 E0 06 00 01 FB D0 06 00 03 0D 40 01 05 06 00 09 00 B0 06 00 01 D4 C0 06 00 02 22 E0 06 00 01 FB D0 06 00 03 0D 40 1C 07 E0 09 0D 00 00 00 55 07 05 00 00 00 00 00 01 01 03 1C 07 E0 09 0D 10 00 00 01 05 06 00 09 00 B0 06 00 01 D4 C0 06 00 02 22 E0 06 00 01 FB D0 06 00 03 0D 40 01 05 06 00 09 00 B0 06 00 01 D4 C0 06 00 02 22 E0 06 00 01 FB D0 06 00 03 0D 40 1C 07 E0 09 0D 00 00 00 55 07 05 00 00 00 00 00 01 01 03 1C 07 E0 09 0D 10 0F 00 01 05 06 00 09 00 B0 06 00 01 D4 C0 06 00 02 22 E0 06 00 01 FB D0 06 00 03 0D 40 01 05 06 00 09 00 B0 06 00 01 D4 C0 06 00 02 22 E0 06 00 01 FB D0 06 00 03 0D 40 1C 07 E0 09 0D 00 00 00 55 07 05 00 00 00 00 00 01 01 03 1C 07 E0 09 0D 10 1E 00 01 05 06 00 09 00 B0 06 00 01 D4 C0 06 00 02 22 E0 06 00 01 FB D0 06 00 03 0D 40 01 05 06 00 09 00 B0 06 00 01 D4 C0 06 00 02 22 E0 06 00 01 FB D0 06 00 03 0D 40 1C 07 E0 09 0D 00 00 00 55 07 05 00 00 00 00 00 01 01 03 1C 07 E0 09 0D 10 2D 00 01 05 06 00 09 00 B0 06 00 01 D4 C0 06 00 02 22 E0 06 00 01 FB D0 06 00 03 0D 40 01 05 06 00 09 00 B0 06 00 01 D4 C0 06 00 02 22 E0 06 00 01 FB D0 06 00 03 0D 40 1C 07 E0 09 0D 00 00 00 55 07 05 00 00 00 00 00 01 01 03 1C 07 E0 09 0D 11 00 00 01 05 06 00 09 00 B0 06 00 01 D4 C0 06 00 02 22 E0 06 00 01 FB D0 06 00 03 0D 40 01 05 06 00 09 00 B0 06 00 01 D4 C0 06 00 02 22 E0 06 00 01 FB D0 06 00 03 0D 40 1C 07 E0 09 0D 00 00 00 55 07 05 00 00 00 00 00 01 01 03 1C 07 E0 09 0D 11 0F 00 01 05 06 00 09 00 B0 06 00 01 D4 C0 06 00 02 22 E0 06 00 01 FB D0 06 00 03 0D 40 01 05 06 00 09 00 B0 06 00 01 D4 C0 06 00 02 22 E0 06 00 01 FB D0 06 00 03 0D 40 1C 07 E0 09 0D 00 00 00 55 07 05 00 00 00 00 00 01 01 03 1C 07 E0 09 0D 11 1E 00 01 05 06 00 09 00 B0 06 00 01 D4 C0 06 00 02 22 E0 06 00 01 FB D0 06 00 03 0D 40 01 05 06 00 09 00 B0 06 00 01 D4 C0 06 00 02 22 E0 06 00 01 FB D0 06 00 03 0D 40 1C 07 E0 09 0D 00 00 00 55 07 05 00 00 00 00 00 01 01 03 1C 07 E0 09 0D 11 2D 00 01 05 06 00 09 00 B0 06 00 01 D4 C0 06 00 02 22 E0 06 00 01 FB D0 06 00 03 0D 40 01 05 06 00 09 00 B0 06 00 01 D4 C0 06 00 02 22 E0 06 00 01 FB D0 06 00 03 0D 40 1C 07 E0 09 0D 00 00 00 55 07 05 00 00 00 00 00 01 01 03 1C 07 E0 09 0D 12 00 00 01 05 06 00 09 00 B0 06 00 01 D4 C0 06 00 02 22 E0 06 00 01 FB D0 06 00 03 0D 40 01 05 06 00 09 00 B0 06 00 01 D4 C0 06 00 02 22 E0 06 00 01 FB D0 06 00 03 0D 40 1C 07 E0 09 0D 00 00 00 55 07 05 00 00 00 00 00 01 01 03 1C 07 E0 09 0D 12 0F 00 01 05 06 00 09 00 B0 06 00 01 D4 C0 06 00 02 22 E0 06 00 01 FB D0 06 00 03 0D 40 01 05 06 00 09 00 B0 06 00 01 D4 C0 06 00 02 22 E0 06 00 01 FB D0 06 00 03 0D 40 1C 07 E0 09 0D 00 00 00 55 07 05 00 00 00 00 00 01 01 03 1C 07 E0 09 0D 12 1E 00 01 05 06 00 09 00 B0 06 00 01 D4 C0 06 00 02 22 E0 06 00 01 FB D0 06 00 03 0D 40 01 05 06 00 09 00 B0 06 00 01 D4 C0 06 00 02 22 E0 06 00 01 FB D0 06 00 03 0D 40 1C 07 E0 09 0D 00 00 00 55 07 05 00 00 00 00 00 01 01 03 1C 07 E0 09 0D 12 2D 00 01 05 06 00 09 00 B0 06 00 01 D4 C0 06 00 02 22 E0 06 00 01 FB D0 06 00 03 0D 40 01 05 06 00 09 00 B0 06 00 01 D4 C0 06 00 02 22 E0 06 00 01 FB D0 06 00 03 0D 40 00 00 CE 5E 16 
读取负荷曲线数据并验证成功！
发送时间：2016-09-13 19:22:57.484
发送内容：68 15 00 43 05 08 00 00 00 00 00 10 3D 1C 05 05 0C 00 04 00 F4 41 16 
读取分帧数据 序号4
接收时间：2016-09-13 19:22:58.841
接收内容：68 3F 06 C3 05 08 00 00 00 00 00 10 3A C5 85 05 0C 00 00 05 02 01 60 12 03 00 03 00 60 42 02 00 00 40 01 02 00 01 50 02 02 00 03 20 21 02 00 00 10 02 00 00 20 02 00 01 13 1C 07 E0 09 0D 00 00 00 55 07 05 00 00 00 00 00 01 01 03 1C 07 E0 09 0D 13 00 00 01 05 06 00 09 00 B0 06 00 01 D4 C0 06 00 02 22 E0 06 00 01 FB D0 06 00 03 0D 40 01 05 06 00 09 00 B0 06 00 01 D4 C0 06 00 02 22 E0 06 00 01 FB D0 06 00 03 0D 40 1C 07 E0 09 0D 00 00 00 55 07 05 00 00 00 00 00 01 01 03 1C 07 E0 09 0D 13 0F 00 01 05 06 00 09 00 B0 06 00 01 D4 C0 06 00 02 22 E0 06 00 01 FB D0 06 00 03 0D 40 01 05 06 00 09 00 B0 06 00 01 D4 C0 06 00 02 22 E0 06 00 01 FB D0 06 00 03 0D 40 1C 07 E0 09 0D 00 00 00 55 07 05 00 00 00 00 00 01 01 03 1C 07 E0 09 0D 13 1E 00 01 05 06 00 09 00 B0 06 00 01 D4 C0 06 00 02 22 E0 06 00 01 FB D0 06 00 03 0D 40 01 05 06 00 09 00 B0 06 00 01 D4 C0 06 00 02 22 E0 06 00 01 FB D0 06 00 03 0D 40 1C 07 E0 09 0D 00 00 00 55 07 05 00 00 00 00 00 01 01 03 1C 07 E0 09 0D 13 2D 00 01 05 06 00 09 00 B0 06 00 01 D4 C0 06 00 02 22 E0 06 00 01 FB D0 06 00 03 0D 40 01 05 06 00 09 00 B0 06 00 01 D4 C0 06 00 02 22 E0 06 00 01 FB D0 06 00 03 0D 40 1C 07 E0 09 0D 00 00 00 55 07 05 00 00 00 00 00 01 01 03 1C 07 E0 09 0D 14 00 00 01 05 06 00 09 00 B0 06 00 01 D4 C0 06 00 02 22 E0 06 00 01 FB D0 06 00 03 0D 40 01 05 06 00 09 00 B0 06 00 01 D4 C0 06 00 02 22 E0 06 00 01 FB D0 06 00 03 0D 40 1C 07 E0 09 0D 00 00 00 55 07 05 00 00 00 00 00 01 01 03 1C 07 E0 09 0D 14 0F 00 01 05 06 00 09 00 B0 06 00 01 D4 C0 06 00 02 22 E0 06 00 01 FB D0 06 00 03 0D 40 01 05 06 00 09 00 B0 06 00 01 D4 C0 06 00 02 22 E0 06 00 01 FB D0 06 00 03 0D 40 1C 07 E0 09 0D 00 00 00 55 07 05 00 00 00 00 00 01 01 03 1C 07 E0 09 0D 14 1E 00 01 05 06 00 09 00 B0 06 00 01 D4 C0 06 00 02 22 E0 06 00 01 FB D0 06 00 03 0D 40 01 05 06 00 09 00 B0 06 00 01 D4 C0 06 00 02 22 E0 06 00 01 FB D0 06 00 03 0D 40 1C 07 E0 09 0D 00 00 00 55 07 05 00 00 00 00 00 01 01 03 1C 07 E0 09 0D 14 2D 00 01 05 06 00 09 00 B0 06 00 01 D4 C0 06 00 02 22 E0 06 00 01 FB D0 06 00 03 0D 40 01 05 06 00 09 00 B0 06 00 01 D4 C0 06 00 02 22 E0 06 00 01 FB D0 06 00 03 0D 40 1C 07 E0 09 0D 00 00 00 55 07 05 00 00 00 00 00 01 01 03 1C 07 E0 09 0D 15 00 00 01 05 06 00 09 00 B0 06 00 01 D4 C0 06 00 02 22 E0 06 00 01 FB D0 06 00 03 0D 40 01 05 06 00 09 00 B0 06 00 01 D4 C0 06 00 02 22 E0 06 00 01 FB D0 06 00 03 0D 40 1C 07 E0 09 0D 00 00 00 55 07 05 00 00 00 00 00 01 01 03 1C 07 E0 09 0D 15 0F 00 01 05 06 00 09 00 B0 06 00 01 D4 C0 06 00 02 22 E0 06 00 01 FB D0 06 00 03 0D 40 01 05 06 00 09 00 B0 06 00 01 D4 C0 06 00 02 22 E0 06 00 01 FB D0 06 00 03 0D 40 1C 07 E0 09 0D 00 00 00 55 07 05 00 00 00 00 00 01 01 03 1C 07 E0 09 0D 15 1E 00 01 05 06 00 09 00 B0 06 00 01 D4 C0 06 00 02 22 E0 06 00 01 FB D0 06 00 03 0D 40 01 05 06 00 09 00 B0 06 00 01 D4 C0 06 00 02 22 E0 06 00 01 FB D0 06 00 03 0D 40 1C 07 E0 09 0D 00 00 00 55 07 05 00 00 00 00 00 01 01 03 1C 07 E0 09 0D 15 2D 00 01 05 06 00 09 00 B0 06 00 01 D4 C0 06 00 02 22 E0 06 00 01 FB D0 06 00 03 0D 40 01 05 06 00 09 00 B0 06 00 01 D4 C0 06 00 02 22 E0 06 00 01 FB D0 06 00 03 0D 40 1C 07 E0 09 0D 00 00 00 55 07 05 00 00 00 00 00 01 01 03 1C 07 E0 09 0D 16 00 00 01 05 06 00 09 00 B0 06 00 01 D4 C0 06 00 02 22 E0 06 00 01 FB D0 06 00 03 0D 40 01 05 06 00 09 00 B0 06 00 01 D4 C0 06 00 02 22 E0 06 00 01 FB D0 06 00 03 0D 40 1C 07 E0 09 0D 00 00 00 55 07 05 00 00 00 00 00 01 01 03 1C 07 E0 09 0D 16 0F 00 01 05 06 00 09 00 B0 06 00 01 D4 C0 06 00 02 22 E0 06 00 01 FB D0 06 00 03 0D 40 01 05 06 00 09 00 B0 06 00 01 D4 C0 06 00 02 22 E0 06 00 01 FB D0 06 00 03 0D 40 1C 07 E0 09 0D 00 00 00 55 07 05 00 00 00 00 00 01 01 03 1C 07 E0 09 0D 16 1E 00 01 05 06 00 09 00 B0 06 00 01 D4 C0 06 00 02 22 E0 06 00 01 FB D0 06 00 03 0D 40 01 05 06 00 09 00 B0 06 00 01 D4 C0 06 00 02 22 E0 06 00 01 FB D0 06 00 03 0D 40 1C 07 E0 09 0D 00 00 00 55 07 05 00 00 00 00 00 01 01 03 1C 07 E0 09 0D 16 2D 00 01 05 06 00 09 00 B0 06 00 01 D4 C0 06 00 02 22 E0 06 00 01 FB D0 06 00 03 0D 40 01 05 06 00 09 00 B0 06 00 01 D4 C0 06 00 02 22 E0 06 00 01 FB D0 06 00 03 0D 40 1C 07 E0 09 0D 00 00 00 55 07 05 00 00 00 00 00 01 01 03 1C 07 E0 09 0D 17 00 00 01 05 06 00 09 00 B0 06 00 01 D4 C0 06 00 02 22 E0 06 00 01 FB D0 06 00 03 0D 40 01 05 06 00 09 00 B0 06 00 01 D4 C0 06 00 02 22 E0 06 00 01 FB D0 06 00 03 0D 40 1C 07 E0 09 0D 00 00 00 55 07 05 00 00 00 00 00 01 01 03 1C 07 E0 09 0D 17 0F 00 01 05 06 00 09 00 B0 06 00 01 D4 C0 06 00 02 22 E0 06 00 01 FB D0 06 00 03 0D 40 01 05 06 00 09 00 B0 06 00 01 D4 C0 06 00 02 22 E0 06 00 01 FB D0 06 00 03 0D 40 1C 07 E0 09 0D 00 00 00 55 07 05 00 00 00 00 00 01 01 03 1C 07 E0 09 0D 17 1E 00 01 05 06 00 09 00 B0 06 00 01 D4 C0 06 00 02 22 E0 06 00 01 FB D0 06 00 03 0D 40 01 05 06 00 09 00 B0 06 00 01 D4 C0 06 00 02 22 E0 06 00 01 FB D0 06 00 03 0D 40 00 00 55 62 16 
读取负荷曲线数据并验证成功！
发送时间：2016-09-13 19:22:58.888
发送内容：68 15 00 43 05 08 00 00 00 00 00 10 3D 1C 05 05 0D 00 05 00 97 44 16 
读取分帧数据 序号5
接收时间：2016-09-13 19:23:00.292
接收内容：68 3F 06 C3 05 08 00 00 00 00 00 10 3A C5 85 05 0D 00 00 06 02 01 60 12 03 00 03 00 60 42 02 00 00 40 01 02 00 01 50 02 02 00 03 20 21 02 00 00 10 02 00 00 20 02 00 01 13 1C 07 E0 09 0D 00 00 00 55 07 05 00 00 00 00 00 01 01 03 1C 07 E0 09 0D 17 2D 00 01 05 06 00 09 00 B0 06 00 01 D4 C0 06 00 02 22 E0 06 00 01 FB D0 06 00 03 0D 40 01 05 06 00 09 00 B0 06 00 01 D4 C0 06 00 02 22 E0 06 00 01 FB D0 06 00 03 0D 40 1C 07 E0 09 0D 00 00 00 55 07 05 00 00 00 00 00 02 01 03 1C 07 E0 09 0D 00 00 00 01 05 06 00 09 00 B0 06 00 01 D4 C0 06 00 02 22 E0 06 00 01 FB D0 06 00 03 0D 40 01 05 06 00 09 00 B0 06 00 01 D4 C0 06 00 02 22 E0 06 00 01 FB D0 06 00 03 0D 40 1C 07 E0 09 0D 00 00 00 55 07 05 00 00 00 00 00 02 01 03 1C 07 E0 09 0D 00 0F 00 01 05 06 00 09 00 B0 06 00 01 D4 C0 06 00 02 22 E0 06 00 01 FB D0 06 00 03 0D 40 01 05 06 00 09 00 B0 06 00 01 D4 C0 06 00 02 22 E0 06 00 01 FB D0 06 00 03 0D 40 1C 07 E0 09 0D 00 00 00 55 07 05 00 00 00 00 00 02 01 03 1C 07 E0 09 0D 00 1E 00 01 05 06 00 09 00 B0 06 00 01 D4 C0 06 00 02 22 E0 06 00 01 FB D0 06 00 03 0D 40 01 05 06 00 09 00 B0 06 00 01 D4 C0 06 00 02 22 E0 06 00 01 FB D0 06 00 03 0D 40 1C 07 E0 09 0D 00 00 00 55 07 05 00 00 00 00 00 02 01 03 1C 07 E0 09 0D 00 2D 00 01 05 06 00 09 00 B0 06 00 01 D4 C0 06 00 02 22 E0 06 00 01 FB D0 06 00 03 0D 40 01 05 06 00 09 00 B0 06 00 01 D4 C0 06 00 02 22 E0 06 00 01 FB D0 06 00 03 0D 40 1C 07 E0 09 0D 00 00 00 55 07 05 00 00 00 00 00 02 01 03 1C 07 E0 09 0D 01 00 00 01 05 06 00 09 00 B0 06 00 01 D4 C0 06 00 02 22 E0 06 00 01 FB D0 06 00 03 0D 40 01 05 06 00 09 00 B0 06 00 01 D4 C0 06 00 02 22 E0 06 00 01 FB D0 06 00 03 0D 40 1C 07 E0 09 0D 00 00 00 55 07 05 00 00 00 00 00 02 01 03 1C 07 E0 09 0D 01 0F 00 01 05 06 00 09 00 B0 06 00 01 D4 C0 06 00 02 22 E0 06 00 01 FB D0 06 00 03 0D 40 01 05 06 00 09 00 B0 06 00 01 D4 C0 06 00 02 22 E0 06 00 01 FB D0 06 00 03 0D 40 1C 07 E0 09 0D 00 00 00 55 07 05 00 00 00 00 00 02 01 03 1C 07 E0 09 0D 01 1E 00 01 05 06 00 09 00 B0 06 00 01 D4 C0 06 00 02 22 E0 06 00 01 FB D0 06 00 03 0D 40 01 05 06 00 09 00 B0 06 00 01 D4 C0 06 00 02 22 E0 06 00 01 FB D0 06 00 03 0D 40 1C 07 E0 09 0D 00 00 00 55 07 05 00 00 00 00 00 02 01 03 1C 07 E0 09 0D 01 2D 00 01 05 06 00 09 00 B0 06 00 01 D4 C0 06 00 02 22 E0 06 00 01 FB D0 06 00 03 0D 40 01 05 06 00 09 00 B0 06 00 01 D4 C0 06 00 02 22 E0 06 00 01 FB D0 06 00 03 0D 40 1C 07 E0 09 0D 00 00 00 55 07 05 00 00 00 00 00 02 01 03 1C 07 E0 09 0D 02 00 00 01 05 06 00 09 00 B0 06 00 01 D4 C0 06 00 02 22 E0 06 00 01 FB D0 06 00 03 0D 40 01 05 06 00 09 00 B0 06 00 01 D4 C0 06 00 02 22 E0 06 00 01 FB D0 06 00 03 0D 40 1C 07 E0 09 0D 00 00 00 55 07 05 00 00 00 00 00 02 01 03 1C 07 E0 09 0D 02 0F 00 01 05 06 00 09 00 B0 06 00 01 D4 C0 06 00 02 22 E0 06 00 01 FB D0 06 00 03 0D 40 01 05 06 00 09 00 B0 06 00 01 D4 C0 06 00 02 22 E0 06 00 01 FB D0 06 00 03 0D 40 1C 07 E0 09 0D 00 00 00 55 07 05 00 00 00 00 00 02 01 03 1C 07 E0 09 0D 02 1E 00 01 05 06 00 09 00 B0 06 00 01 D4 C0 06 00 02 22 E0 06 00 01 FB D0 06 00 03 0D 40 01 05 06 00 09 00 B0 06 00 01 D4 C0 06 00 02 22 E0 06 00 01 FB D0 06 00 03 0D 40 1C 07 E0 09 0D 00 00 00 55 07 05 00 00 00 00 00 02 01 03 1C 07 E0 09 0D 02 2D 00 01 05 06 00 09 00 B0 06 00 01 D4 C0 06 00 02 22 E0 06 00 01 FB D0 06 00 03 0D 40 01 05 06 00 09 00 B0 06 00 01 D4 C0 06 00 02 22 E0 06 00 01 FB D0 06 00 03 0D 40 1C 07 E0 09 0D 00 00 00 55 07 05 00 00 00 00 00 02 01 03 1C 07 E0 09 0D 03 00 00 01 05 06 00 09 00 B0 06 00 01 D4 C0 06 00 02 22 E0 06 00 01 FB D0 06 00 03 0D 40 01 05 06 00 09 00 B0 06 00 01 D4 C0 06 00 02 22 E0 06 00 01 FB D0 06 00 03 0D 40 1C 07 E0 09 0D 00 00 00 55 07 05 00 00 00 00 00 02 01 03 1C 07 E0 09 0D 03 0F 00 01 05 06 00 09 00 B0 06 00 01 D4 C0 06 00 02 22 E0 06 00 01 FB D0 06 00 03 0D 40 01 05 06 00 09 00 B0 06 00 01 D4 C0 06 00 02 22 E0 06 00 01 FB D0 06 00 03 0D 40 1C 07 E0 09 0D 00 00 00 55 07 05 00 00 00 00 00 02 01 03 1C 07 E0 09 0D 03 1E 00 01 05 06 00 09 00 B0 06 00 01 D4 C0 06 00 02 22 E0 06 00 01 FB D0 06 00 03 0D 40 01 05 06 00 09 00 B0 06 00 01 D4 C0 06 00 02 22 E0 06 00 01 FB D0 06 00 03 0D 40 1C 07 E0 09 0D 00 00 00 55 07 05 00 00 00 00 00 02 01 03 1C 07 E0 09 0D 03 2D 00 01 05 06 00 09 00 B0 06 00 01 D4 C0 06 00 02 22 E0 06 00 01 FB D0 06 00 03 0D 40 01 05 06 00 09 00 B0 06 00 01 D4 C0 06 00 02 22 E0 06 00 01 FB D0 06 00 03 0D 40 1C 07 E0 09 0D 00 00 00 55 07 05 00 00 00 00 00 02 01 03 1C 07 E0 09 0D 04 00 00 01 05 06 00 09 00 B0 06 00 01 D4 C0 06 00 02 22 E0 06 00 01 FB D0 06 00 03 0D 40 01 05 06 00 09 00 B0 06 00 01 D4 C0 06 00 02 22 E0 06 00 01 FB D0 06 00 03 0D 40 1C 07 E0 09 0D 00 00 00 55 07 05 00 00 00 00 00 02 01 03 1C 07 E0 09 0D 04 0F 00 01 05 06 00 09 00 B0 06 00 01 D4 C0 06 00 02 22 E0 06 00 01 FB D0 06 00 03 0D 40 01 05 06 00 09 00 B0 06 00 01 D4 C0 06 00 02 22 E0 06 00 01 FB D0 06 00 03 0D 40 00 00 36 A5 16 
读取负荷曲线数据并验证成功！
发送时间：2016-09-13 19:23:00.355
发送内容：68 15 00 43 05 08 00 00 00 00 00 10 3D 1C 05 05 0E 00 06 00 32 4B 16 
读取分帧数据 序号6
接收时间：2016-09-13 19:23:01.727
接收内容：68 3F 06 C3 05 08 00 00 00 00 00 10 3A C5 85 05 0E 00 00 07 02 01 60 12 03 00 03 00 60 42 02 00 00 40 01 02 00 01 50 02 02 00 03 20 21 02 00 00 10 02 00 00 20 02 00 01 13 1C 07 E0 09 0D 00 00 00 55 07 05 00 00 00 00 00 02 01 03 1C 07 E0 09 0D 04 1E 00 01 05 06 00 09 00 B0 06 00 01 D4 C0 06 00 02 22 E0 06 00 01 FB D0 06 00 03 0D 40 01 05 06 00 09 00 B0 06 00 01 D4 C0 06 00 02 22 E0 06 00 01 FB D0 06 00 03 0D 40 1C 07 E0 09 0D 00 00 00 55 07 05 00 00 00 00 00 02 01 03 1C 07 E0 09 0D 04 2D 00 01 05 06 00 09 00 B0 06 00 01 D4 C0 06 00 02 22 E0 06 00 01 FB D0 06 00 03 0D 40 01 05 06 00 09 00 B0 06 00 01 D4 C0 06 00 02 22 E0 06 00 01 FB D0 06 00 03 0D 40 1C 07 E0 09 0D 00 00 00 55 07 05 00 00 00 00 00 02 01 03 1C 07 E0 09 0D 05 00 00 01 05 06 00 09 00 B0 06 00 01 D4 C0 06 00 02 22 E0 06 00 01 FB D0 06 00 03 0D 40 01 05 06 00 09 00 B0 06 00 01 D4 C0 06 00 02 22 E0 06 00 01 FB D0 06 00 03 0D 40 1C 07 E0 09 0D 00 00 00 55 07 05 00 00 00 00 00 02 01 03 1C 07 E0 09 0D 05 0F 00 01 05 06 00 09 00 B0 06 00 01 D4 C0 06 00 02 22 E0 06 00 01 FB D0 06 00 03 0D 40 01 05 06 00 09 00 B0 06 00 01 D4 C0 06 00 02 22 E0 06 00 01 FB D0 06 00 03 0D 40 1C 07 E0 09 0D 00 00 00 55 07 05 00 00 00 00 00 02 01 03 1C 07 E0 09 0D 05 1E 00 01 05 06 00 09 00 B0 06 00 01 D4 C0 06 00 02 22 E0 06 00 01 FB D0 06 00 03 0D 40 01 05 06 00 09 00 B0 06 00 01 D4 C0 06 00 02 22 E0 06 00 01 FB D0 06 00 03 0D 40 1C 07 E0 09 0D 00 00 00 55 07 05 00 00 00 00 00 02 01 03 1C 07 E0 09 0D 05 2D 00 01 05 06 00 09 00 B0 06 00 01 D4 C0 06 00 02 22 E0 06 00 01 FB D0 06 00 03 0D 40 01 05 06 00 09 00 B0 06 00 01 D4 C0 06 00 02 22 E0 06 00 01 FB D0 06 00 03 0D 40 1C 07 E0 09 0D 00 00 00 55 07 05 00 00 00 00 00 02 01 03 1C 07 E0 09 0D 06 00 00 01 05 06 00 09 00 B0 06 00 01 D4 C0 06 00 02 22 E0 06 00 01 FB D0 06 00 03 0D 40 01 05 06 00 09 00 B0 06 00 01 D4 C0 06 00 02 22 E0 06 00 01 FB D0 06 00 03 0D 40 1C 07 E0 09 0D 00 00 00 55 07 05 00 00 00 00 00 02 01 03 1C 07 E0 09 0D 06 0F 00 01 05 06 00 09 00 B0 06 00 01 D4 C0 06 00 02 22 E0 06 00 01 FB D0 06 00 03 0D 40 01 05 06 00 09 00 B0 06 00 01 D4 C0 06 00 02 22 E0 06 00 01 FB D0 06 00 03 0D 40 1C 07 E0 09 0D 00 00 00 55 07 05 00 00 00 00 00 02 01 03 1C 07 E0 09 0D 06 1E 00 01 05 06 00 09 00 B0 06 00 01 D4 C0 06 00 02 22 E0 06 00 01 FB D0 06 00 03 0D 40 01 05 06 00 09 00 B0 06 00 01 D4 C0 06 00 02 22 E0 06 00 01 FB D0 06 00 03 0D 40 1C 07 E0 09 0D 00 00 00 55 07 05 00 00 00 00 00 02 01 03 1C 07 E0 09 0D 06 2D 00 01 05 06 00 09 00 B0 06 00 01 D4 C0 06 00 02 22 E0 06 00 01 FB D0 06 00 03 0D 40 01 05 06 00 09 00 B0 06 00 01 D4 C0 06 00 02 22 E0 06 00 01 FB D0 06 00 03 0D 40 1C 07 E0 09 0D 00 00 00 55 07 05 00 00 00 00 00 02 01 03 1C 07 E0 09 0D 07 00 00 01 05 06 00 09 00 B0 06 00 01 D4 C0 06 00 02 22 E0 06 00 01 FB D0 06 00 03 0D 40 01 05 06 00 09 00 B0 06 00 01 D4 C0 06 00 02 22 E0 06 00 01 FB D0 06 00 03 0D 40 1C 07 E0 09 0D 00 00 00 55 07 05 00 00 00 00 00 02 01 03 1C 07 E0 09 0D 07 0F 00 01 05 06 00 09 00 B0 06 00 01 D4 C0 06 00 02 22 E0 06 00 01 FB D0 06 00 03 0D 40 01 05 06 00 09 00 B0 06 00 01 D4 C0 06 00 02 22 E0 06 00 01 FB D0 06 00 03 0D 40 1C 07 E0 09 0D 00 00 00 55 07 05 00 00 00 00 00 02 01 03 1C 07 E0 09 0D 07 1E 00 01 05 06 00 09 00 B0 06 00 01 D4 C0 06 00 02 22 E0 06 00 01 FB D0 06 00 03 0D 40 01 05 06 00 09 00 B0 06 00 01 D4 C0 06 00 02 22 E0 06 00 01 FB D0 06 00 03 0D 40 1C 07 E0 09 0D 00 00 00 55 07 05 00 00 00 00 00 02 01 03 1C 07 E0 09 0D 07 2D 00 01 05 06 00 09 00 B0 06 00 01 D4 C0 06 00 02 22 E0 06 00 01 FB D0 06 00 03 0D 40 01 05 06 00 09 00 B0 06 00 01 D4 C0 06 00 02 22 E0 06 00 01 FB D0 06 00 03 0D 40 1C 07 E0 09 0D 00 00 00 55 07 05 00 00 00 00 00 02 01 03 1C 07 E0 09 0D 08 00 00 01 05 06 00 09 00 B0 06 00 01 D4 C0 06 00 02 22 E0 06 00 01 FB D0 06 00 03 0D 40 01 05 06 00 09 00 B0 06 00 01 D4 C0 06 00 02 22 E0 06 00 01 FB D0 06 00 03 0D 40 1C 07 E0 09 0D 00 00 00 55 07 05 00 00 00 00 00 02 01 03 1C 07 E0 09 0D 08 0F 00 01 05 06 00 09 00 B0 06 00 01 D4 C0 06 00 02 22 E0 06 00 01 FB D0 06 00 03 0D 40 01 05 06 00 09 00 B0 06 00 01 D4 C0 06 00 02 22 E0 06 00 01 FB D0 06 00 03 0D 40 1C 07 E0 09 0D 00 00 00 55 07 05 00 00 00 00 00 02 01 03 1C 07 E0 09 0D 08 1E 00 01 05 06 00 09 00 B0 06 00 01 D4 C0 06 00 02 22 E0 06 00 01 FB D0 06 00 03 0D 40 01 05 06 00 09 00 B0 06 00 01 D4 C0 06 00 02 22 E0 06 00 01 FB D0 06 00 03 0D 40 1C 07 E0 09 0D 00 00 00 55 07 05 00 00 00 00 00 02 01 03 1C 07 E0 09 0D 08 2D 00 01 05 06 00 09 00 B0 06 00 01 D4 C0 06 00 02 22 E0 06 00 01 FB D0 06 00 03 0D 40 01 05 06 00 09 00 B0 06 00 01 D4 C0 06 00 02 22 E0 06 00 01 FB D0 06 00 03 0D 40 1C 07 E0 09 0D 00 00 00 55 07 05 00 00 00 00 00 02 01 03 1C 07 E0 09 0D 09 00 00 01 05 06 00 09 00 B0 06 00 01 D4 C0 06 00 02 22 E0 06 00 01 FB D0 06 00 03 0D 40 01 05 06 00 09 00 B0 06 00 01 D4 C0 06 00 02 22 E0 06 00 01 FB D0 06 00 03 0D 40 00 00 FA AD 16 
读取负荷曲线数据并验证成功！
发送时间：2016-09-13 19:23:01.774
发送内容：68 15 00 43 05 08 00 00 00 00 00 10 3D 1C 05 05 0F 00 07 00 51 4E 16 
读取分帧数据 序号7
接收时间：2016-09-13 19:23:03.163
接收内容：68 3F 06 C3 05 08 00 00 00 00 00 10 3A C5 85 05 0F 00 00 08 02 01 60 12 03 00 03 00 60 42 02 00 00 40 01 02 00 01 50 02 02 00 03 20 21 02 00 00 10 02 00 00 20 02 00 01 13 1C 07 E0 09 0D 00 00 00 55 07 05 00 00 00 00 00 02 01 03 1C 07 E0 09 0D 09 0F 00 01 05 06 00 09 00 B0 06 00 01 D4 C0 06 00 02 22 E0 06 00 01 FB D0 06 00 03 0D 40 01 05 06 00 09 00 B0 06 00 01 D4 C0 06 00 02 22 E0 06 00 01 FB D0 06 00 03 0D 40 1C 07 E0 09 0D 00 00 00 55 07 05 00 00 00 00 00 02 01 03 1C 07 E0 09 0D 09 1E 00 01 05 06 00 09 00 B0 06 00 01 D4 C0 06 00 02 22 E0 06 00 01 FB D0 06 00 03 0D 40 01 05 06 00 09 00 B0 06 00 01 D4 C0 06 00 02 22 E0 06 00 01 FB D0 06 00 03 0D 40 1C 07 E0 09 0D 00 00 00 55 07 05 00 00 00 00 00 02 01 03 1C 07 E0 09 0D 09 2D 00 01 05 06 00 09 00 B0 06 00 01 D4 C0 06 00 02 22 E0 06 00 01 FB D0 06 00 03 0D 40 01 05 06 00 09 00 B0 06 00 01 D4 C0 06 00 02 22 E0 06 00 01 FB D0 06 00 03 0D 40 1C 07 E0 09 0D 00 00 00 55 07 05 00 00 00 00 00 02 01 03 1C 07 E0 09 0D 0A 00 00 01 05 06 00 09 00 B0 06 00 01 D4 C0 06 00 02 22 E0 06 00 01 FB D0 06 00 03 0D 40 01 05 06 00 09 00 B0 06 00 01 D4 C0 06 00 02 22 E0 06 00 01 FB D0 06 00 03 0D 40 1C 07 E0 09 0D 00 00 00 55 07 05 00 00 00 00 00 02 01 03 1C 07 E0 09 0D 0A 0F 00 01 05 06 00 09 00 B0 06 00 01 D4 C0 06 00 02 22 E0 06 00 01 FB D0 06 00 03 0D 40 01 05 06 00 09 00 B0 06 00 01 D4 C0 06 00 02 22 E0 06 00 01 FB D0 06 00 03 0D 40 1C 07 E0 09 0D 00 00 00 55 07 05 00 00 00 00 00 02 01 03 1C 07 E0 09 0D 0A 1E 00 01 05 06 00 09 00 B0 06 00 01 D4 C0 06 00 02 22 E0 06 00 01 FB D0 06 00 03 0D 40 01 05 06 00 09 00 B0 06 00 01 D4 C0 06 00 02 22 E0 06 00 01 FB D0 06 00 03 0D 40 1C 07 E0 09 0D 00 00 00 55 07 05 00 00 00 00 00 02 01 03 1C 07 E0 09 0D 0A 2D 00 01 05 06 00 09 00 B0 06 00 01 D4 C0 06 00 02 22 E0 06 00 01 FB D0 06 00 03 0D 40 01 05 06 00 09 00 B0 06 00 01 D4 C0 06 00 02 22 E0 06 00 01 FB D0 06 00 03 0D 40 1C 07 E0 09 0D 00 00 00 55 07 05 00 00 00 00 00 02 01 03 1C 07 E0 09 0D 0B 00 00 01 05 06 00 09 00 B0 06 00 01 D4 C0 06 00 02 22 E0 06 00 01 FB D0 06 00 03 0D 40 01 05 06 00 09 00 B0 06 00 01 D4 C0 06 00 02 22 E0 06 00 01 FB D0 06 00 03 0D 40 1C 07 E0 09 0D 00 00 00 55 07 05 00 00 00 00 00 02 01 03 1C 07 E0 09 0D 0B 0F 00 01 05 06 00 09 00 B0 06 00 01 D4 C0 06 00 02 22 E0 06 00 01 FB D0 06 00 03 0D 40 01 05 06 00 09 00 B0 06 00 01 D4 C0 06 00 02 22 E0 06 00 01 FB D0 06 00 03 0D 40 1C 07 E0 09 0D 00 00 00 55 07 05 00 00 00 00 00 02 01 03 1C 07 E0 09 0D 0B 1E 00 01 05 06 00 09 00 B0 06 00 01 D4 C0 06 00 02 22 E0 06 00 01 FB D0 06 00 03 0D 40 01 05 06 00 09 00 B0 06 00 01 D4 C0 06 00 02 22 E0 06 00 01 FB D0 06 00 03 0D 40 1C 07 E0 09 0D 00 00 00 55 07 05 00 00 00 00 00 02 01 03 1C 07 E0 09 0D 0B 2D 00 01 05 06 00 09 00 B0 06 00 01 D4 C0 06 00 02 22 E0 06 00 01 FB D0 06 00 03 0D 40 01 05 06 00 09 00 B0 06 00 01 D4 C0 06 00 02 22 E0 06 00 01 FB D0 06 00 03 0D 40 1C 07 E0 09 0D 00 00 00 55 07 05 00 00 00 00 00 02 01 03 1C 07 E0 09 0D 0C 00 00 01 05 06 00 09 00 B0 06 00 01 D4 C0 06 00 02 22 E0 06 00 01 FB D0 06 00 03 0D 40 01 05 06 00 09 00 B0 06 00 01 D4 C0 06 00 02 22 E0 06 00 01 FB D0 06 00 03 0D 40 1C 07 E0 09 0D 00 00 00 55 07 05 00 00 00 00 00 02 01 03 1C 07 E0 09 0D 0C 0F 00 01 05 06 00 09 00 B0 06 00 01 D4 C0 06 00 02 22 E0 06 00 01 FB D0 06 00 03 0D 40 01 05 06 00 09 00 B0 06 00 01 D4 C0 06 00 02 22 E0 06 00 01 FB D0 06 00 03 0D 40 1C 07 E0 09 0D 00 00 00 55 07 05 00 00 00 00 00 02 01 03 1C 07 E0 09 0D 0C 1E 00 01 05 06 00 09 00 B0 06 00 01 D4 C0 06 00 02 22 E0 06 00 01 FB D0 06 00 03 0D 40 01 05 06 00 09 00 B0 06 00 01 D4 C0 06 00 02 22 E0 06 00 01 FB D0 06 00 03 0D 40 1C 07 E0 09 0D 00 00 00 55 07 05 00 00 00 00 00 02 01 03 1C 07 E0 09 0D 0C 2D 00 01 05 06 00 09 00 B0 06 00 01 D4 C0 06 00 02 22 E0 06 00 01 FB D0 06 00 03 0D 40 01 05 06 00 09 00 B0 06 00 01 D4 C0 06 00 02 22 E0 06 00 01 FB D0 06 00 03 0D 40 1C 07 E0 09 0D 00 00 00 55 07 05 00 00 00 00 00 02 01 03 1C 07 E0 09 0D 0D 00 00 01 05 06 00 09 00 B0 06 00 01 D4 C0 06 00 02 22 E0 06 00 01 FB D0 06 00 03 0D 40 01 05 06 00 09 00 B0 06 00 01 D4 C0 06 00 02 22 E0 06 00 01 FB D0 06 00 03 0D 40 1C 07 E0 09 0D 00 00 00 55 07 05 00 00 00 00 00 02 01 03 1C 07 E0 09 0D 0D 0F 00 01 05 06 00 09 00 B0 06 00 01 D4 C0 06 00 02 22 E0 06 00 01 FB D0 06 00 03 0D 40 01 05 06 00 09 00 B0 06 00 01 D4 C0 06 00 02 22 E0 06 00 01 FB D0 06 00 03 0D 40 1C 07 E0 09 0D 00 00 00 55 07 05 00 00 00 00 00 02 01 03 1C 07 E0 09 0D 0D 1E 00 01 05 06 00 09 00 B0 06 00 01 D4 C0 06 00 02 22 E0 06 00 01 FB D0 06 00 03 0D 40 01 05 06 00 09 00 B0 06 00 01 D4 C0 06 00 02 22 E0 06 00 01 FB D0 06 00 03 0D 40 1C 07 E0 09 0D 00 00 00 55 07 05 00 00 00 00 00 02 01 03 1C 07 E0 09 0D 0D 2D 00 01 05 06 00 09 00 B0 06 00 01 D4 C0 06 00 02 22 E0 06 00 01 FB D0 06 00 03 0D 40 01 05 06 00 09 00 B0 06 00 01 D4 C0 06 00 02 22 E0 06 00 01 FB D0 06 00 03 0D 40 00 00 5E 20 16 
读取负荷曲线数据并验证成功！
发送时间：2016-09-13 19:23:03.209
发送内容：68 15 00 43 05 08 00 00 00 00 00 10 3D 1C 05 05 10 00 08 00 C1 BC 16 
读取分帧数据 序号8
接收时间：2016-09-13 19:23:04.582
接收内容：68 3F 06 C3 05 08 00 00 00 00 00 10 3A C5 85 05 10 00 00 09 02 01 60 12 03 00 03 00 60 42 02 00 00 40 01 02 00 01 50 02 02 00 03 20 21 02 00 00 10 02 00 00 20 02 00 01 13 1C 07 E0 09 0D 00 00 00 55 07 05 00 00 00 00 00 02 01 03 1C 07 E0 09 0D 0E 00 00 01 05 06 00 09 00 B0 06 00 01 D4 C0 06 00 02 22 E0 06 00 01 FB D0 06 00 03 0D 40 01 05 06 00 09 00 B0 06 00 01 D4 C0 06 00 02 22 E0 06 00 01 FB D0 06 00 03 0D 40 1C 07 E0 09 0D 00 00 00 55 07 05 00 00 00 00 00 02 01 03 1C 07 E0 09 0D 0E 0F 00 01 05 06 00 09 00 B0 06 00 01 D4 C0 06 00 02 22 E0 06 00 01 FB D0 06 00 03 0D 40 01 05 06 00 09 00 B0 06 00 01 D4 C0 06 00 02 22 E0 06 00 01 FB D0 06 00 03 0D 40 1C 07 E0 09 0D 00 00 00 55 07 05 00 00 00 00 00 02 01 03 1C 07 E0 09 0D 0E 1E 00 01 05 06 00 09 00 B0 06 00 01 D4 C0 06 00 02 22 E0 06 00 01 FB D0 06 00 03 0D 40 01 05 06 00 09 00 B0 06 00 01 D4 C0 06 00 02 22 E0 06 00 01 FB D0 06 00 03 0D 40 1C 07 E0 09 0D 00 00 00 55 07 05 00 00 00 00 00 02 01 03 1C 07 E0 09 0D 0E 2D 00 01 05 06 00 09 00 B0 06 00 01 D4 C0 06 00 02 22 E0 06 00 01 FB D0 06 00 03 0D 40 01 05 06 00 09 00 B0 06 00 01 D4 C0 06 00 02 22 E0 06 00 01 FB D0 06 00 03 0D 40 1C 07 E0 09 0D 00 00 00 55 07 05 00 00 00 00 00 02 01 03 1C 07 E0 09 0D 0F 00 00 01 05 06 00 09 00 B0 06 00 01 D4 C0 06 00 02 22 E0 06 00 01 FB D0 06 00 03 0D 40 01 05 06 00 09 00 B0 06 00 01 D4 C0 06 00 02 22 E0 06 00 01 FB D0 06 00 03 0D 40 1C 07 E0 09 0D 00 00 00 55 07 05 00 00 00 00 00 02 01 03 1C 07 E0 09 0D 0F 0F 00 01 05 06 00 09 00 B0 06 00 01 D4 C0 06 00 02 22 E0 06 00 01 FB D0 06 00 03 0D 40 01 05 06 00 09 00 B0 06 00 01 D4 C0 06 00 02 22 E0 06 00 01 FB D0 06 00 03 0D 40 1C 07 E0 09 0D 00 00 00 55 07 05 00 00 00 00 00 02 01 03 1C 07 E0 09 0D 0F 1E 00 01 05 06 00 09 00 B0 06 00 01 D4 C0 06 00 02 22 E0 06 00 01 FB D0 06 00 03 0D 40 01 05 06 00 09 00 B0 06 00 01 D4 C0 06 00 02 22 E0 06 00 01 FB D0 06 00 03 0D 40 1C 07 E0 09 0D 00 00 00 55 07 05 00 00 00 00 00 02 01 03 1C 07 E0 09 0D 0F 2D 00 01 05 06 00 09 00 B0 06 00 01 D4 C0 06 00 02 22 E0 06 00 01 FB D0 06 00 03 0D 40 01 05 06 00 09 00 B0 06 00 01 D4 C0 06 00 02 22 E0 06 00 01 FB D0 06 00 03 0D 40 1C 07 E0 09 0D 00 00 00 55 07 05 00 00 00 00 00 02 01 03 1C 07 E0 09 0D 10 00 00 01 05 06 00 09 00 B0 06 00 01 D4 C0 06 00 02 22 E0 06 00 01 FB D0 06 00 03 0D 40 01 05 06 00 09 00 B0 06 00 01 D4 C0 06 00 02 22 E0 06 00 01 FB D0 06 00 03 0D 40 1C 07 E0 09 0D 00 00 00 55 07 05 00 00 00 00 00 02 01 03 1C 07 E0 09 0D 10 0F 00 01 05 06 00 09 00 B0 06 00 01 D4 C0 06 00 02 22 E0 06 00 01 FB D0 06 00 03 0D 40 01 05 06 00 09 00 B0 06 00 01 D4 C0 06 00 02 22 E0 06 00 01 FB D0 06 00 03 0D 40 1C 07 E0 09 0D 00 00 00 55 07 05 00 00 00 00 00 02 01 03 1C 07 E0 09 0D 10 1E 00 01 05 06 00 09 00 B0 06 00 01 D4 C0 06 00 02 22 E0 06 00 01 FB D0 06 00 03 0D 40 01 05 06 00 09 00 B0 06 00 01 D4 C0 06 00 02 22 E0 06 00 01 FB D0 06 00 03 0D 40 1C 07 E0 09 0D 00 00 00 55 07 05 00 00 00 00 00 02 01 03 1C 07 E0 09 0D 10 2D 00 01 05 06 00 09 00 B0 06 00 01 D4 C0 06 00 02 22 E0 06 00 01 FB D0 06 00 03 0D 40 01 05 06 00 09 00 B0 06 00 01 D4 C0 06 00 02 22 E0 06 00 01 FB D0 06 00 03 0D 40 1C 07 E0 09 0D 00 00 00 55 07 05 00 00 00 00 00 02 01 03 1C 07 E0 09 0D 11 00 00 01 05 06 00 09 00 B0 06 00 01 D4 C0 06 00 02 22 E0 06 00 01 FB D0 06 00 03 0D 40 01 05 06 00 09 00 B0 06 00 01 D4 C0 06 00 02 22 E0 06 00 01 FB D0 06 00 03 0D 40 1C 07 E0 09 0D 00 00 00 55 07 05 00 00 00 00 00 02 01 03 1C 07 E0 09 0D 11 0F 00 01 05 06 00 09 00 B0 06 00 01 D4 C0 06 00 02 22 E0 06 00 01 FB D0 06 00 03 0D 40 01 05 06 00 09 00 B0 06 00 01 D4 C0 06 00 02 22 E0 06 00 01 FB D0 06 00 03 0D 40 1C 07 E0 09 0D 00 00 00 55 07 05 00 00 00 00 00 02 01 03 1C 07 E0 09 0D 11 1E 00 01 05 06 00 09 00 B0 06 00 01 D4 C0 06 00 02 22 E0 06 00 01 FB D0 06 00 03 0D 40 01 05 06 00 09 00 B0 06 00 01 D4 C0 06 00 02 22 E0 06 00 01 FB D0 06 00 03 0D 40 1C 07 E0 09 0D 00 00 00 55 07 05 00 00 00 00 00 02 01 03 1C 07 E0 09 0D 11 2D 00 01 05 06 00 09 00 B0 06 00 01 D4 C0 06 00 02 22 E0 06 00 01 FB D0 06 00 03 0D 40 01 05 06 00 09 00 B0 06 00 01 D4 C0 06 00 02 22 E0 06 00 01 FB D0 06 00 03 0D 40 1C 07 E0 09 0D 00 00 00 55 07 05 00 00 00 00 00 02 01 03 1C 07 E0 09 0D 12 00 00 01 05 06 00 09 00 B0 06 00 01 D4 C0 06 00 02 22 E0 06 00 01 FB D0 06 00 03 0D 40 01 05 06 00 09 00 B0 06 00 01 D4 C0 06 00 02 22 E0 06 00 01 FB D0 06 00 03 0D 40 1C 07 E0 09 0D 00 00 00 55 07 05 00 00 00 00 00 02 01 03 1C 07 E0 09 0D 12 0F 00 01 05 06 00 09 00 B0 06 00 01 D4 C0 06 00 02 22 E0 06 00 01 FB D0 06 00 03 0D 40 01 05 06 00 09 00 B0 06 00 01 D4 C0 06 00 02 22 E0 06 00 01 FB D0 06 00 03 0D 40 1C 07 E0 09 0D 00 00 00 55 07 05 00 00 00 00 00 02 01 03 1C 07 E0 09 0D 12 1E 00 01 05 06 00 09 00 B0 06 00 01 D4 C0 06 00 02 22 E0 06 00 01 FB D0 06 00 03 0D 40 01 05 06 00 09 00 B0 06 00 01 D4 C0 06 00 02 22 E0 06 00 01 FB D0 06 00 03 0D 40 00 00 5F 88 16 
读取负荷曲线数据并验证成功！
发送时间：2016-09-13 19:23:04.629
发送内容：68 15 00 43 05 08 00 00 00 00 00 10 3D 1C 05 05 11 00 09 00 A2 B9 16 
读取分帧数据 序号9
接收时间：2016-09-13 19:23:06.017
接收内容：68 3F 06 C3 05 08 00 00 00 00 00 10 3A C5 85 05 11 00 00 0A 02 01 60 12 03 00 03 00 60 42 02 00 00 40 01 02 00 01 50 02 02 00 03 20 21 02 00 00 10 02 00 00 20 02 00 01 13 1C 07 E0 09 0D 00 00 00 55 07 05 00 00 00 00 00 02 01 03 1C 07 E0 09 0D 12 2D 00 01 05 06 00 09 00 B0 06 00 01 D4 C0 06 00 02 22 E0 06 00 01 FB D0 06 00 03 0D 40 01 05 06 00 09 00 B0 06 00 01 D4 C0 06 00 02 22 E0 06 00 01 FB D0 06 00 03 0D 40 1C 07 E0 09 0D 00 00 00 55 07 05 00 00 00 00 00 02 01 03 1C 07 E0 09 0D 13 00 00 01 05 06 00 09 00 B0 06 00 01 D4 C0 06 00 02 22 E0 06 00 01 FB D0 06 00 03 0D 40 01 05 06 00 09 00 B0 06 00 01 D4 C0 06 00 02 22 E0 06 00 01 FB D0 06 00 03 0D 40 1C 07 E0 09 0D 00 00 00 55 07 05 00 00 00 00 00 02 01 03 1C 07 E0 09 0D 13 0F 00 01 05 06 00 09 00 B0 06 00 01 D4 C0 06 00 02 22 E0 06 00 01 FB D0 06 00 03 0D 40 01 05 06 00 09 00 B0 06 00 01 D4 C0 06 00 02 22 E0 06 00 01 FB D0 06 00 03 0D 40 1C 07 E0 09 0D 00 00 00 55 07 05 00 00 00 00 00 02 01 03 1C 07 E0 09 0D 13 1E 00 01 05 06 00 09 00 B0 06 00 01 D4 C0 06 00 02 22 E0 06 00 01 FB D0 06 00 03 0D 40 01 05 06 00 09 00 B0 06 00 01 D4 C0 06 00 02 22 E0 06 00 01 FB D0 06 00 03 0D 40 1C 07 E0 09 0D 00 00 00 55 07 05 00 00 00 00 00 02 01 03 1C 07 E0 09 0D 13 2D 00 01 05 06 00 09 00 B0 06 00 01 D4 C0 06 00 02 22 E0 06 00 01 FB D0 06 00 03 0D 40 01 05 06 00 09 00 B0 06 00 01 D4 C0 06 00 02 22 E0 06 00 01 FB D0 06 00 03 0D 40 1C 07 E0 09 0D 00 00 00 55 07 05 00 00 00 00 00 02 01 03 1C 07 E0 09 0D 14 00 00 01 05 06 00 09 00 B0 06 00 01 D4 C0 06 00 02 22 E0 06 00 01 FB D0 06 00 03 0D 40 01 05 06 00 09 00 B0 06 00 01 D4 C0 06 00 02 22 E0 06 00 01 FB D0 06 00 03 0D 40 1C 07 E0 09 0D 00 00 00 55 07 05 00 00 00 00 00 02 01 03 1C 07 E0 09 0D 14 0F 00 01 05 06 00 09 00 B0 06 00 01 D4 C0 06 00 02 22 E0 06 00 01 FB D0 06 00 03 0D 40 01 05 06 00 09 00 B0 06 00 01 D4 C0 06 00 02 22 E0 06 00 01 FB D0 06 00 03 0D 40 1C 07 E0 09 0D 00 00 00 55 07 05 00 00 00 00 00 02 01 03 1C 07 E0 09 0D 14 1E 00 01 05 06 00 09 00 B0 06 00 01 D4 C0 06 00 02 22 E0 06 00 01 FB D0 06 00 03 0D 40 01 05 06 00 09 00 B0 06 00 01 D4 C0 06 00 02 22 E0 06 00 01 FB D0 06 00 03 0D 40 1C 07 E0 09 0D 00 00 00 55 07 05 00 00 00 00 00 02 01 03 1C 07 E0 09 0D 14 2D 00 01 05 06 00 09 00 B0 06 00 01 D4 C0 06 00 02 22 E0 06 00 01 FB D0 06 00 03 0D 40 01 05 06 00 09 00 B0 06 00 01 D4 C0 06 00 02 22 E0 06 00 01 FB D0 06 00 03 0D 40 1C 07 E0 09 0D 00 00 00 55 07 05 00 00 00 00 00 02 01 03 1C 07 E0 09 0D 15 00 00 01 05 06 00 09 00 B0 06 00 01 D4 C0 06 00 02 22 E0 06 00 01 FB D0 06 00 03 0D 40 01 05 06 00 09 00 B0 06 00 01 D4 C0 06 00 02 22 E0 06 00 01 FB D0 06 00 03 0D 40 1C 07 E0 09 0D 00 00 00 55 07 05 00 00 00 00 00 02 01 03 1C 07 E0 09 0D 15 0F 00 01 05 06 00 09 00 B0 06 00 01 D4 C0 06 00 02 22 E0 06 00 01 FB D0 06 00 03 0D 40 01 05 06 00 09 00 B0 06 00 01 D4 C0 06 00 02 22 E0 06 00 01 FB D0 06 00 03 0D 40 1C 07 E0 09 0D 00 00 00 55 07 05 00 00 00 00 00 02 01 03 1C 07 E0 09 0D 15 1E 00 01 05 06 00 09 00 B0 06 00 01 D4 C0 06 00 02 22 E0 06 00 01 FB D0 06 00 03 0D 40 01 05 06 00 09 00 B0 06 00 01 D4 C0 06 00 02 22 E0 06 00 01 FB D0 06 00 03 0D 40 1C 07 E0 09 0D 00 00 00 55 07 05 00 00 00 00 00 02 01 03 1C 07 E0 09 0D 15 2D 00 01 05 06 00 09 00 B0 06 00 01 D4 C0 06 00 02 22 E0 06 00 01 FB D0 06 00 03 0D 40 01 05 06 00 09 00 B0 06 00 01 D4 C0 06 00 02 22 E0 06 00 01 FB D0 06 00 03 0D 40 1C 07 E0 09 0D 00 00 00 55 07 05 00 00 00 00 00 02 01 03 1C 07 E0 09 0D 16 00 00 01 05 06 00 09 00 B0 06 00 01 D4 C0 06 00 02 22 E0 06 00 01 FB D0 06 00 03 0D 40 01 05 06 00 09 00 B0 06 00 01 D4 C0 06 00 02 22 E0 06 00 01 FB D0 06 00 03 0D 40 1C 07 E0 09 0D 00 00 00 55 07 05 00 00 00 00 00 02 01 03 1C 07 E0 09 0D 16 0F 00 01 05 06 00 09 00 B0 06 00 01 D4 C0 06 00 02 22 E0 06 00 01 FB D0 06 00 03 0D 40 01 05 06 00 09 00 B0 06 00 01 D4 C0 06 00 02 22 E0 06 00 01 FB D0 06 00 03 0D 40 1C 07 E0 09 0D 00 00 00 55 07 05 00 00 00 00 00 02 01 03 1C 07 E0 09 0D 16 1E 00 01 05 06 00 09 00 B0 06 00 01 D4 C0 06 00 02 22 E0 06 00 01 FB D0 06 00 03 0D 40 01 05 06 00 09 00 B0 06 00 01 D4 C0 06 00 02 22 E0 06 00 01 FB D0 06 00 03 0D 40 1C 07 E0 09 0D 00 00 00 55 07 05 00 00 00 00 00 02 01 03 1C 07 E0 09 0D 16 2D 00 01 05 06 00 09 00 B0 06 00 01 D4 C0 06 00 02 22 E0 06 00 01 FB D0 06 00 03 0D 40 01 05 06 00 09 00 B0 06 00 01 D4 C0 06 00 02 22 E0 06 00 01 FB D0 06 00 03 0D 40 1C 07 E0 09 0D 00 00 00 55 07 05 00 00 00 00 00 02 01 03 1C 07 E0 09 0D 17 00 00 01 05 06 00 09 00 B0 06 00 01 D4 C0 06 00 02 22 E0 06 00 01 FB D0 06 00 03 0D 40 01 05 06 00 09 00 B0 06 00 01 D4 C0 06 00 02 22 E0 06 00 01 FB D0 06 00 03 0D 40 1C 07 E0 09 0D 00 00 00 55 07 05 00 00 00 00 00 02 01 03 1C 07 E0 09 0D 17 0F 00 01 05 06 00 09 00 B0 06 00 01 D4 C0 06 00 02 22 E0 06 00 01 FB D0 06 00 03 0D 40 01 05 06 00 09 00 B0 06 00 01 D4 C0 06 00 02 22 E0 06 00 01 FB D0 06 00 03 0D 40 00 00 12 01 16 
读取负荷曲线数据并验证成功！
发送时间：2016-09-13 19:23:06.095
发送内容：68 15 00 43 05 08 00 00 00 00 00 10 3D 1C 05 05 12 00 0A 00 07 B6 16 
读取分帧数据 序号10
接收时间：2016-09-13 19:23:06.392
接收内容：68 DE 00 C3 05 08 00 00 00 00 00 10 ED C5 85 05 12 01 00 0B 02 01 60 12 03 00 03 00 60 42 02 00 00 40 01 02 00 01 50 02 02 00 03 20 21 02 00 00 10 02 00 00 20 02 00 01 02 1C 07 E0 09 0D 00 00 00 55 07 05 00 00 00 00 00 02 01 03 1C 07 E0 09 0D 17 1E 00 01 05 06 00 09 00 B0 06 00 01 D4 C0 06 00 02 22 E0 06 00 01 FB D0 06 00 03 0D 40 01 05 06 00 09 00 B0 06 00 01 D4 C0 06 00 02 22 E0 06 00 01 FB D0 06 00 03 0D 40 1C 07 E0 09 0D 00 00 00 55 07 05 00 00 00 00 00 02 01 03 1C 07 E0 09 0D 17 2D 00 01 05 06 00 09 00 B0 06 00 01 D4 C0 06 00 02 22 E0 06 00 01 FB D0 06 00 03 0D 40 01 05 06 00 09 00 B0 06 00 01 D4 C0 06 00 02 22 E0 06 00 01 FB D0 06 00 03 0D 40 00 00 0F 17 16 
读取负荷曲线数据并验证成功！
――――――――――
检测结论：合格
――――――――――
==================================================
18. 负荷曲线数据  测试结束  表位号：8
==================================================