
2016-09-11 10:21:40:788  接收←  68 1E 00 81 05 01 00 00 00 00 00 00 D2 B6 01 00 00 01 2C 07 E0 09 0B 07 0A 15 28 02 F5 0B 65 16 （登录）
2016-09-11 10:21:40:788  发送→  68 30 00 01 05 01 00 00 00 00 00 10 D3 C9 81 00 00 07 E0 09 0B 07 0A 15 28 02 F5 07 E0 09 0B 00 0A 15 28 03 14 07 E0 09 0B 00 0A 15 28 03 14 7F D0 16 
2016-09-11 10:21:52:940  接收←  68 1E 00 81 05 01 00 00 00 00 00 00 D2 B6 01 01 00 01 2C 07 E0 09 0B 07 0A 15 34 03 9D 41 CD 16 （登录）
2016-09-11 10:21:52:956  发送→  68 30 00 01 05 01 00 00 00 00 00 10 D3 C9 81 01 00 07 E0 09 0B 07 0A 15 34 03 9D 07 E0 09 0B 00 0A 15 34 03 BC 07 E0 09 0B 00 0A 15 34 03 BC 5B F2 16 
2016-09-11 10:21:54:173  接收←  68 1E 00 81 05 01 00 00 00 00 00 00 D2 B6 01 02 00 01 2C 07 E0 09 0B 07 0A 15 36 00 9D AF D1 16 （登录）
2016-09-11 10:21:54:173  发送→  68 30 00 01 05 01 00 00 00 00 00 10 D3 C9 81 02 00 07 E0 09 0B 07 0A 15 36 00 9D 07 E0 09 0B 00 0A 15 36 00 AD 07 E0 09 0B 00 0A 15 36 00 AD 30 B5 16 
2016-09-11 10:21:54:750  接收←  68 1E 00 81 05 01 00 00 00 00 00 00 D2 B6 01 03 00 01 2C 07 E0 09 0B 07 0A 15 36 02 DE 6A EC 16 （登录）
2016-09-11 10:21:54:750  发送→  68 30 00 01 05 01 00 00 00 00 00 10 D3 C9 81 03 00 07 E0 09 0B 07 0A 15 36 02 DE 07 E0 09 0B 00 0A 15 36 02 EE 07 E0 09 0B 00 0A 15 36 02 EE B2 00 16 
2016-09-11 10:21:55:202  接收←  68 1E 00 81 05 01 00 00 00 00 00 00 D2 B6 01 04 00 01 2C 07 E0 09 0B 07 0A 15 37 00 BB 2A C1 16 （登录）
2016-09-11 10:21:55:218  发送→  68 30 00 01 05 01 00 00 00 00 00 10 D3 C9 81 04 00 07 E0 09 0B 07 0A 15 37 00 BB 07 E0 09 0B 00 0A 15 37 00 DA 07 E0 09 0B 00 0A 15 37 00 DA 4F CF 16 
2016-09-11 10:21:55:608  接收←  68 1E 00 81 05 01 00 00 00 00 00 00 D2 B6 01 05 00 01 2C 07 E0 09 0B 07 0A 15 37 02 50 AD D5 16 （登录）
2016-09-11 10:21:55:623  发送→  68 30 00 01 05 01 00 00 00 00 00 10 D3 C9 81 05 00 07 E0 09 0B 07 0A 15 37 02 50 07 E0 09 0B 00 0A 15 37 02 6F 07 E0 09 0B 00 0A 15 37 02 6F EE D0 16 
2016-09-11 10:21:56:029  接收←  68 1E 00 81 05 01 00 00 00 00 00 00 D2 B6 01 06 00 01 2C 07 E0 09 0B 07 0A 15 38 00 0D 84 A6 16 （登录）
2016-09-11 10:21:56:045  发送→  68 30 00 01 05 01 00 00 00 00 00 10 D3 C9 81 06 00 07 E0 09 0B 07 0A 15 38 00 0D 07 E0 09 0B 00 0A 15 38 00 2D 07 E0 09 0B 00 0A 15 38 00 2D F6 15 16 
2016-09-11 10:21:57:355  接收←  68 1E 00 81 05 01 00 00 00 00 00 00 D2 B6 01 07 00 01 2C 07 E0 09 0B 07 0A 15 39 01 53 91 20 16 （登录）
2016-09-11 10:21:57:355  发送→  68 30 00 01 05 01 00 00 00 00 00 10 D3 C9 81 07 00 07 E0 09 0B 07 0A 15 39 01 53 07 E0 09 0B 00 0A 15 39 01 63 07 E0 09 0B 00 0A 15 39 01 63 69 73 16 
2016-09-11 10:21:58:977  接收←  68 1E 00 81 05 01 00 00 00 00 00 00 D2 B6 01 08 00 01 2C 07 E0 09 0B 07 0A 15 3A 03 C2 A1 E6 16 （登录）
2016-09-11 10:21:58:993  发送→  68 30 00 01 05 01 00 00 00 00 00 10 D3 C9 81 08 00 07 E0 09 0B 07 0A 15 3A 03 C2 07 E0 09 0B 00 0A 15 3A 03 E1 07 E0 09 0B 00 0A 15 3A 03 E1 1B 2C 16 
2016-09-11 10:21:59:617  接收←  68 1E 00 81 05 01 00 00 00 00 00 00 D2 B6 01 09 00 01 2C 07 E0 09 0B 07 0A 15 3B 02 4A 0F D3 16 （登录）
2016-09-11 10:21:59:617  发送→  68 30 00 01 05 01 00 00 00 00 00 10 D3 C9 81 09 00 07 E0 09 0B 07 0A 15 3B 02 4A 07 E0 09 0B 00 0A 15 3B 02 69 07 E0 09 0B 00 0A 15 3B 02 69 3A 42 16 
2016-09-11 10:22:00:147  接收←  68 1E 00 81 05 01 00 00 00 00 00 00 D2 B6 01 0A 00 01 2C 07 E0 09 0B 07 0A 16 00 00 84 36 C6 16 （登录）
2016-09-11 10:22:00:163  发送→  68 30 00 01 05 01 00 00 00 00 00 10 D3 C9 81 0A 00 07 E0 09 0B 07 0A 16 00 00 84 07 E0 09 0B 00 0A 16 00 00 A3 07 E0 09 0B 00 0A 16 00 00 A3 34 F5 16 
2016-09-11 10:22:00:631  接收←  68 1E 00 81 05 01 00 00 00 00 00 00 D2 B6 01 0B 00 01 2C 07 E0 09 0B 07 0A 16 00 02 67 F9 5E 16 （登录）
2016-09-11 10:22:00:647  发送→  68 30 00 01 05 01 00 00 00 00 00 10 D3 C9 81 0B 00 07 E0 09 0B 07 0A 16 00 02 67 07 E0 09 0B 00 0A 16 00 02 87 07 E0 09 0B 00 0A 16 00 02 87 2B 6A 16 
2016-09-11 11:38:19:700  接收←  68 1E 00 81 05 01 00 00 00 00 00 00 D2 B6 01 0C 00 01 2C 07 E0 09 0B 07 0B 26 13 02 9D EC 5B 16 （登录）
2016-09-11 11:38:19:700  发送→  68 30 00 01 05 01 00 00 00 00 00 10 D3 C9 81 0C 00 07 E0 09 0B 07 0B 26 13 02 9D 07 E0 09 0B 00 0B 26 13 02 BC 07 E0 09 0B 00 0B 26 13 02 BC 7D 6E 16 
2016-09-11 11:39:19:292  接收←  68 1E 00 81 05 01 00 00 00 00 00 00 D2 B6 01 0D 01 01 2C 07 E0 09 0B 07 0B 27 13 01 14 B1 0F 16 （心跳）
2016-09-11 11:39:19:292  发送→  68 30 00 01 05 01 00 00 00 00 00 10 D3 C9 81 0D 00 07 E0 09 0B 07 0B 27 13 01 14 07 E0 09 0B 00 0B 27 13 01 24 07 E0 09 0B 00 0B 27 13 01 24 F9 D2 16 
2016-09-11 11:41:19:316  接收←  68 1E 00 81 05 01 00 00 00 00 00 00 D2 B6 01 0E 01 01 2C 07 E0 09 0B 07 0B 29 12 03 C8 40 57 16 （心跳）
2016-09-11 11:41:19:316  发送→  68 30 00 01 05 01 00 00 00 00 00 10 D3 C9 81 0E 00 07 E0 09 0B 07 0B 29 12 03 C8 07 E0 09 0B 00 0B 29 13 01 3C 07 E0 09 0B 00 0B 29 13 01 3C 98 43 16 
2016-09-11 11:43:19:327  接收←  68 1E 00 81 05 01 00 00 00 00 00 00 D2 B6 01 0F 01 01 2C 07 E0 09 0B 07 00 01 23 01 1D 2F 6A 16 （心跳）
2016-09-11 11:43:19:327  发送→  68 30 00 01 05 01 00 00 00 00 00 10 D3 C9 81 0F 00 07 E0 09 0B 07 00 01 23 01 1D 07 E0 09 0B 00 0B 2B 13 01 47 07 E0 09 0B 00 0B 2B 13 01 47 B1 13 16 
2016-09-11 11:45:19:339  接收←  68 1E 00 81 05 01 00 00 00 00 00 00 D2 B6 01 10 01 01 2C 07 E0 09 0C 01 00 00 1F 02 AB 9D 39 16 （心跳）
2016-09-11 11:45:19:339  发送→  68 30 00 01 05 01 00 00 00 00 00 10 D3 C9 81 10 00 07 E0 09 0C 01 00 00 1F 02 AB 07 E0 09 0B 00 0B 2D 13 01 53 07 E0 09 0B 00 0B 2D 13 01 53 C4 74 16 
2016-09-11 11:47:19:350  接收←  68 1E 00 81 05 01 00 00 00 00 00 00 D2 B6 01 11 01 01 2C 07 E0 09 0C 01 00 02 1F 02 B6 65 B5 16 （心跳）
2016-09-11 11:47:19:350  发送→  68 30 00 01 05 01 00 00 00 00 00 10 D3 C9 81 11 00 07 E0 09 0C 01 00 02 1F 02 B6 07 E0 09 0B 00 0B 2F 13 01 5E 07 E0 09 0B 00 0B 2F 13 01 5E 59 2A 16 
2016-09-11 11:49:19:361  接收←  68 1E 00 81 05 01 00 00 00 00 00 00 D2 B6 01 12 01 01 2C 07 E0 09 0C 01 00 04 1F 02 C1 F9 7A 16 （心跳）
2016-09-11 11:49:19:361  发送→  68 30 00 01 05 01 00 00 00 00 00 10 D3 C9 81 12 00 07 E0 09 0C 01 00 04 1F 02 C1 07 E0 09 0B 00 0B 31 13 01 69 07 E0 09 0B 00 0B 31 13 01 69 95 C8 16 
2016-09-11 11:51:19:372  接收←  68 1E 00 81 05 01 00 00 00 00 00 00 D2 B6 01 13 01 01 2C 07 E0 09 0C 01 00 06 1F 02 CC 80 E6 16 （心跳）
2016-09-11 11:51:19:372  发送→  68 30 00 01 05 01 00 00 00 00 00 10 D3 C9 81 13 00 07 E0 09 0C 01 00 06 1F 02 CC 07 E0 09 0B 00 0B 33 13 01 74 07 E0 09 0B 00 0B 33 13 01 74 3F 99 16 
2016-09-11 11:53:19:367  接收←  68 1E 00 81 05 01 00 00 00 00 00 00 D2 B6 01 14 01 01 2C 07 E0 09 0C 01 00 08 1F 02 D7 17 96 16 （心跳）
2016-09-11 11:53:19:367  发送→  68 30 00 01 05 01 00 00 00 00 00 10 D3 C9 81 14 00 07 E0 09 0C 01 00 08 1F 02 D7 07 E0 09 0B 00 0B 35 13 01 6F 07 E0 09 0B 00 0B 35 13 01 6F 44 90 16 
2016-09-11 11:55:19:394  接收←  68 1E 00 81 05 01 00 00 00 00 00 00 D2 B6 01 15 01 01 2C 07 E0 09 0C 01 00 0A 1F 02 E2 A5 B7 16 （心跳）
2016-09-11 11:55:19:394  发送→  68 30 00 01 05 01 00 00 00 00 00 10 D3 C9 81 15 00 07 E0 09 0C 01 00 0A 1F 02 E2 07 E0 09 0B 00 0B 37 13 01 8A 07 E0 09 0B 00 0B 37 13 01 8A 36 CA 16 
2016-09-11 11:57:19:405  接收←  68 1E 00 81 05 01 00 00 00 00 00 00 D2 B6 01 16 01 01 2C 07 E0 09 0C 01 00 0C 1F 02 ED F6 87 16 （心跳）
2016-09-11 11:57:19:405  发送→  68 30 00 01 05 01 00 00 00 00 00 10 D3 C9 81 16 00 07 E0 09 0C 01 00 0C 1F 02 ED 07 E0 09 0B 00 0B 39 13 01 95 07 E0 09 0B 00 0B 39 13 01 95 5F 7D 16 
2016-09-11 11:59:19:416  接收←  68 1E 00 81 05 01 00 00 00 00 00 00 D2 B6 01 17 01 01 2C 07 E0 09 0C 01 00 0E 1F 02 F8 46 87 16 （心跳）
2016-09-11 11:59:19:416  发送→  68 30 00 01 05 01 00 00 00 00 00 10 D3 C9 81 17 00 07 E0 09 0C 01 00 0E 1F 02 F8 07 E0 09 0B 00 0B 3B 13 01 A0 07 E0 09 0B 00 0B 3B 13 01 A0 1D 02 16 
2016-09-11 12:06:43:564  接收←  68 1E 00 81 05 08 00 00 00 00 00 00 EB F7 01 00 00 01 2C 07 E0 09 0B 07 00 0E 21 03 70 74 7C 16 （登录）
2016-09-11 12:06:43:564  发送→  68 30 00 01 05 08 00 00 00 00 00 10 EA 88 81 00 00 07 E0 09 0B 07 00 0E 21 03 70 07 E0 09 0B 00 0C 06 2B 02 34 07 E0 09 0B 00 0C 06 2B 02 34 03 05 16 
2016-09-11 12:07:49:505  接收←  68 1E 00 81 05 08 00 00 00 00 00 00 EB F7 01 00 00 01 2C 07 E0 09 0B 07 00 00 1A 00 46 E3 03 16 （登录）
2016-09-11 12:07:49:505  发送→  68 30 00 01 05 08 00 00 00 00 00 10 EA 88 81 00 00 07 E0 09 0B 07 00 00 1A 00 46 07 E0 09 0B 00 0C 07 31 01 F9 07 E0 09 0B 00 0C 07 31 01 F9 3F CF 16 
2016-09-11 12:12:36:125  接收←  68 1E 00 81 05 08 00 00 00 00 00 00 EB F7 01 00 00 01 2C 07 E0 09 0C 01 00 00 3B 00 28 9E 0F 16 （登录）
2016-09-11 12:12:36:125  发送→  68 30 00 01 05 08 00 00 00 00 00 10 EA 88 81 00 00 07 E0 09 0C 01 00 00 3B 00 28 07 E0 09 0B 00 0C 0C 24 00 7D 07 E0 09 0B 00 0C 0C 24 00 7D 98 5B 16 
2016-09-11 12:22:21:356  接收←  68 1E 00 81 05 08 00 00 00 00 00 00 EB F7 01 01 00 01 2C 07 E0 09 0C 01 00 0A 2F 00 FA B1 BE 16 （登录）
2016-09-11 12:22:21:356  发送→  68 30 00 01 05 08 00 00 00 00 00 10 EA 88 81 01 00 07 E0 09 0C 01 00 0A 2F 00 FA 07 E0 09 0B 00 0C 16 15 01 64 07 E0 09 0B 00 0C 16 15 01 64 40 03 16 
2016-09-11 12:22:59:856  接收←  68 1E 00 81 05 08 00 00 00 00 00 00 EB F7 01 00 00 01 2C 07 E0 09 0B 07 00 00 19 03 AC BB 8E 16 （登录）
2016-09-11 12:22:59:856  发送→  68 30 00 01 05 08 00 00 00 00 00 10 EA 88 81 00 00 07 E0 09 0B 07 00 00 19 03 AC 07 E0 09 0B 00 0C 16 3B 03 58 07 E0 09 0B 00 0C 16 3B 03 58 5D F0 16 
2016-09-11 12:26:15:091  接收←  68 1E 00 81 05 08 00 00 00 00 00 00 EB F7 01 00 00 01 2C 07 E0 09 0C 01 00 00 1E 00 5A 8D 65 16 （登录）
2016-09-11 12:26:15:091  发送→  68 30 00 01 05 08 00 00 00 00 00 10 EA 88 81 00 00 07 E0 09 0C 01 00 00 1E 00 5A 07 E0 09 0B 00 0C 1A 0F 00 5B 07 E0 09 0B 00 0C 1A 0F 00 5B 8C 84 16 
2016-09-11 12:31:45:156  接收←  68 1E 00 81 05 08 00 00 00 00 00 00 EB F7 01 02 00 01 2C 07 E0 09 0C 01 00 06 00 03 7A 27 4D 16 （登录）
2016-09-11 12:31:45:156  发送→  68 30 00 01 05 08 00 00 00 00 00 10 EA 88 81 02 00 07 E0 09 0C 01 00 06 00 03 7A 07 E0 09 0B 00 0C 1F 2D 00 9C 07 E0 09 0B 00 0C 1F 2D 00 9C 76 AF 16 
2016-09-11 14:18:05:133  接收←  68 1E 00 81 05 08 00 00 00 00 00 00 EB F7 01 00 00 01 2C 07 E0 09 0C 01 00 09 02 01 F4 74 E9 16 （登录）
2016-09-11 14:18:05:133  发送→  68 30 00 01 05 08 00 00 00 00 00 10 EA 88 81 00 00 07 E0 09 0C 01 00 09 02 01 F4 07 E0 09 0B 00 0E 12 05 00 85 07 E0 09 0B 00 0E 12 05 00 85 8B 0A 16 
2016-09-11 14:21:55:997  接收←  68 1E 00 81 05 08 00 00 00 00 00 00 EB F7 01 01 00 01 2C 07 E0 09 0C 01 00 0C 35 01 7C 22 FB 16 （登录）
2016-09-11 14:21:55:997  发送→  68 30 00 01 05 08 00 00 00 00 00 10 EA 88 81 01 00 07 E0 09 0C 01 00 0C 35 01 7C 07 E0 09 0B 00 0E 15 37 03 E5 07 E0 09 0B 00 0E 15 37 03 E5 96 47 16 
2016-09-11 14:23:27:039  接收←  68 1E 00 81 05 08 00 00 00 00 00 00 EB F7 01 00 00 01 2C 07 E0 09 0C 01 00 0E 18 02 A8 3B FA 16 （登录）
2016-09-11 14:23:27:039  发送→  68 30 00 01 05 08 00 00 00 00 00 10 EA 88 81 00 00 07 E0 09 0C 01 00 0E 18 02 A8 07 E0 09 0B 00 0E 17 1B 00 27 07 E0 09 0B 00 0E 17 1B 00 27 BF 2A 16 
2016-09-11 14:40:53:557  接收←  68 1E 00 81 05 08 00 00 00 00 00 00 EB F7 01 01 00 01 2C 07 E0 09 0B 07 0E 28 35 00 E6 CC 9A 16 （登录）
2016-09-11 14:40:53:557  发送→  68 30 00 01 05 08 00 00 00 00 00 10 EA 88 81 01 00 07 E0 09 0B 07 0E 28 35 00 E6 07 E0 09 0B 00 0E 28 35 02 2D 07 E0 09 0B 00 0E 28 35 02 2D 53 08 16 
2016-09-11 14:41:26:270  接收←  68 1E 00 81 05 08 00 00 00 00 00 00 EB F7 01 00 00 01 2C 07 E0 09 0B 07 0E 29 19 02 DA 5A 96 16 （登录）
2016-09-11 14:41:26:270  发送→  68 30 00 01 05 08 00 00 00 00 00 10 EA 88 81 00 00 07 E0 09 0B 07 0E 29 19 02 DA 07 E0 09 0B 00 0E 29 1A 01 0E 07 E0 09 0B 00 0E 29 1A 01 0E 21 43 16 
2016-09-11 14:49:38:670  接收←  68 1E 00 81 05 08 00 00 00 00 00 00 EB F7 01 01 00 01 2C 07 E0 09 0B 07 0E 31 26 00 82 DD EF 16 （登录）
2016-09-11 14:49:38:670  发送→  68 30 00 01 05 08 00 00 00 00 00 10 EA 88 81 01 00 07 E0 09 0B 07 0E 31 26 00 82 07 E0 09 0B 00 0E 31 26 02 9E 07 E0 09 0B 00 0E 31 26 02 9E E4 C3 16 
2016-09-11 14:50:10:540  接收←  68 1E 00 81 05 08 00 00 00 00 00 00 EB F7 01 00 00 01 2C 07 E0 09 0B 07 0E 32 09 02 E4 86 C8 16 （登录）
2016-09-11 14:50:10:540  发送→  68 30 00 01 05 08 00 00 00 00 00 10 EA 88 81 00 00 07 E0 09 0B 07 0E 32 09 02 E4 07 E0 09 0B 00 0E 32 0A 02 1C 07 E0 09 0B 00 0E 32 0A 02 1C E7 B5 16 
2016-09-11 16:57:39:483  接收←  68 1E 00 81 05 01 00 00 00 00 00 00 D2 B6 01 04 00 01 2C 07 E0 09 0B 07 10 39 24 02 F1 BA 95 16 （登录）
2016-09-11 16:57:39:483  发送→  68 30 00 01 05 01 00 00 00 00 00 10 D3 C9 81 04 00 07 E0 09 0B 07 10 39 24 02 F1 07 E0 09 0B 00 10 39 27 01 E3 07 E0 09 0B 00 10 39 27 01 E3 32 E9 16 
2016-09-11 17:05:46:930  接收←  68 1E 00 81 05 01 00 00 00 00 00 00 D2 B6 01 00 00 01 2C 07 E0 09 0B 07 11 05 2E 03 73 39 7B 16 （登录）
2016-09-11 17:05:46:930  发送→  68 30 00 01 05 01 00 00 00 00 00 10 D3 C9 81 00 00 07 E0 09 0B 07 11 05 2E 03 73 07 E0 09 0B 00 11 05 2E 03 A2 07 E0 09 0B 00 11 05 2E 03 A2 8F 5F 16 
2016-09-11 17:38:30:279  接收←  68 1E 00 81 05 01 00 00 00 00 00 00 D2 B6 01 01 00 01 2C 07 E0 09 0B 07 11 26 1E 00 F8 50 39 16 （登录）
2016-09-11 17:38:30:279  发送→  68 30 00 01 05 01 00 00 00 00 00 10 D3 C9 81 01 00 07 E0 09 0B 07 11 26 1E 00 F8 07 E0 09 0B 00 11 26 1E 01 17 07 E0 09 0B 00 11 26 1E 01 17 47 D3 16 
2016-09-11 17:39:12:274  接收←  68 1E 00 81 05 01 00 00 00 00 00 00 D2 B6 01 02 01 01 2C 07 E0 09 0B 07 11 27 0C 00 F3 86 2D 16 （心跳）
2016-09-11 17:39:12:274  发送→  68 30 00 01 05 01 00 00 00 00 00 10 D3 C9 81 02 00 07 E0 09 0B 07 11 27 0C 00 F3 07 E0 09 0B 00 11 27 0C 01 12 07 E0 09 0B 00 11 27 0C 01 12 64 63 16 
2016-09-11 17:41:42:612  接收←  68 1E 00 81 05 01 00 00 00 00 00 00 D2 B6 01 03 01 01 2C 07 E0 09 0B 07 11 29 0C 00 FE CB 26 16 （心跳）
2016-09-11 17:41:42:627  发送→  68 30 00 01 05 01 00 00 00 00 00 10 D3 C9 81 03 00 07 E0 09 0B 07 11 29 0C 00 FE 07 E0 09 0B 00 11 29 2A 02 73 07 E0 09 0B 00 11 29 2A 02 73 D7 C3 16 
2016-09-11 17:45:59:565  接收←  68 1E 00 81 05 01 00 00 00 00 00 00 D2 B6 01 04 01 01 2C 07 E0 09 0B 07 11 2B 0C 01 09 D2 F5 16 （心跳）
2016-09-11 17:45:59:580  发送→  68 30 00 01 05 01 00 00 00 00 00 10 D3 C9 81 04 00 07 E0 09 0B 07 11 2B 0C 01 09 07 E0 09 0B 00 11 2D 3B 02 44 07 E0 09 0B 00 11 2D 3B 02 44 2E 0C 16 
2016-09-11 17:45:59:627  接收←  68 1E 00 81 05 01 00 00 00 00 00 00 D2 B6 01 05 01 01 2C 07 E0 09 0B 07 11 2D 0C 01 19 23 D0 16 （心跳）
2016-09-11 17:45:59:627  发送→  68 30 00 01 05 01 00 00 00 00 00 10 D3 C9 81 05 00 07 E0 09 0B 07 11 2D 0C 01 19 07 E0 09 0B 00 11 2D 3B 02 73 07 E0 09 0B 00 11 2D 3B 02 73 23 B0 16 
2016-09-11 17:52:03:720  接收←  68 1E 00 81 05 01 00 00 00 00 00 00 D2 B6 01 06 00 01 2C 07 E0 09 0B 07 11 34 03 02 B1 9F 25 16 （登录）
2016-09-11 17:52:03:720  发送→  68 30 00 01 05 01 00 00 00 00 00 10 D3 C9 81 06 00 07 E0 09 0B 07 11 34 03 02 B1 07 E0 09 0B 00 11 34 03 02 D0 07 E0 09 0B 00 11 34 03 02 D0 07 FB 16 
2016-09-11 17:58:27:390  接收←  68 1E 00 81 05 01 00 00 00 00 00 00 D2 B6 01 00 00 01 2C 07 E0 09 0B 07 11 3A 1B 01 66 BD 4E 16 （登录）
2016-09-11 17:58:27:390  发送→  68 30 00 01 05 01 00 00 00 00 00 10 D3 C9 81 00 00 07 E0 09 0B 07 11 3A 1B 01 66 07 E0 09 0B 00 11 3A 1B 01 86 07 E0 09 0B 00 11 3A 1B 01 86 13 06 16 
2016-09-11 18:02:44:166  接收←  68 1E 00 81 05 01 00 00 00 00 00 00 D2 B6 01 01 01 01 2C 07 E0 09 0B 07 12 00 06 02 2F 2D 37 16 （心跳）
2016-09-11 18:02:44:182  发送→  68 30 00 01 05 01 00 00 00 00 00 10 D3 C9 81 01 00 07 E0 09 0B 07 12 00 06 02 2F 07 E0 09 0B 00 12 02 2C 00 B6 07 E0 09 0B 00 12 02 2C 00 B6 7F 56 16 
2016-09-11 18:02:44:229  接收←  68 1E 00 81 05 01 00 00 00 00 00 00 D2 B6 01 02 01 01 2C 07 E0 09 0B 07 12 02 06 02 3A 49 CA 16 （心跳）
2016-09-11 18:02:44:229  发送→  68 30 00 01 05 01 00 00 00 00 00 10 D3 C9 81 02 00 07 E0 09 0B 07 12 02 06 02 3A 07 E0 09 0B 00 12 02 2C 00 E5 07 E0 09 0B 00 12 02 2C 00 E5 93 DF 16 
2016-09-11 18:06:35:585  接收←  68 1E 00 81 05 01 00 00 00 00 00 00 D2 B6 01 03 01 01 2C 07 E0 09 0B 07 12 04 06 02 45 49 74 16 （心跳）
2016-09-11 18:06:35:601  发送→  68 30 00 01 05 01 00 00 00 00 00 10 D3 C9 81 03 00 07 E0 09 0B 07 12 04 06 02 45 07 E0 09 0B 00 12 06 23 02 59 07 E0 09 0B 00 12 06 23 02 59 BB 1F 16 
2016-09-11 18:06:35:617  接收←  68 1E 00 81 05 01 00 00 00 00 00 00 D2 B6 01 04 01 01 2C 07 E0 09 0B 07 12 06 06 02 49 D4 F7 16 （心跳）
2016-09-11 18:06:35:632  发送→  68 30 00 01 05 01 00 00 00 00 00 10 D3 C9 81 04 00 07 E0 09 0B 07 12 06 06 02 49 07 E0 09 0B 00 12 06 23 02 78 07 E0 09 0B 00 12 06 23 02 78 5D 0C 16 
2016-09-12 00:20:30:621  接收←  68 1E 00 81 05 01 00 00 00 00 00 00 D2 B6 01 00 00 01 2C 07 E0 09 0C 01 00 14 1E 02 59 EB D5 16 （登录）
2016-09-12 00:20:30:621  发送→  68 30 00 01 05 01 00 00 00 00 00 10 D3 C9 81 00 00 07 E0 09 0C 01 00 14 1E 02 59 07 E0 09 0C 01 00 14 1E 02 6D 07 E0 09 0C 01 00 14 1E 02 6D 0C 81 16 