==================================================
33. 电能表全事件采集  测试开始  表位号：8
==================================================
―――――――――――――――――――――――――――
清空采集任务配置表
―――――――――――――――――――――――――――
发送时间：2016-09-12 15:16:28.635
发送内容：68 18 00 43 05 08 00 00 00 00 00 10 53 AB 07 01 00 60 12 81 00 00 00 25 73 16 
接收时间：2016-09-12 15:16:28.760
接收内容：68 1A 00 C3 05 08 00 00 00 00 00 10 A6 C4 87 01 00 60 12 81 00 00 00 00 00 CB 81 16 

―――――――――――――――――――――――――――
清空事件采集方案
―――――――――――――――――――――――――――
发送时间：2016-09-12 15:16:28.775
发送内容：68 18 00 43 05 08 00 00 00 00 00 10 53 AB 07 01 01 60 16 81 00 00 00 E0 C1 16 
接收时间：2016-09-12 15:16:28.900
接收内容：68 1A 00 C3 05 08 00 00 00 00 00 10 A6 C4 87 01 01 60 16 81 00 00 00 00 00 40 A3 16 

―――――――――――――――――――――――――――
禁止终端主动上报
―――――――――――――――――――――――――――
发送时间：2016-09-12 15:16:28.916
发送内容：68 19 00 43 05 08 00 00 00 00 00 10 C2 FE 06 01 02 43 00 08 00 03 00 00 B2 14 16 
接收时间：2016-09-12 15:16:29.040
接收内容：68 19 00 C3 05 08 00 00 00 00 00 10 15 3A 86 01 02 43 00 08 00 00 00 00 20 59 16 
参数设置成功
―――――――――――――――――――――――――――
配置模拟表
―――――――――――――――――――――――――――
―――――――――――――――――――――――――――
数据区初始化
―――――――――――――――――――――――――――
发送时间：2016-09-12 15:16:29.087
发送内容：68 18 00 43 05 08 00 00 00 00 00 10 53 AB 07 01 03 43 00 03 00 00 00 86 E4 16 
接收时间：2016-09-12 15:16:29.212
接收内容：68 1A 00 C3 05 08 00 00 00 00 00 10 A6 C4 87 01 03 43 00 03 00 00 00 00 00 6A E4 16 

―――――――――――――――――――――――――――
延时等待 120 秒…
―――――――――――――――――――――――――――
延时等待结束。
―――――――――――――――――――――――――――
终端校时到 2016-09-12 12:00:00
―――――――――――――――――――――――――――
发送时间：2016-09-12 15:18:30.908
发送内容：68 1F 00 43 05 08 00 00 00 00 00 10 B5 0B 06 01 04 40 00 02 00 1C 07 E0 09 0C 0C 00 00 00 B4 A1 16 
接收时间：2016-09-12 15:18:32.343
接收内容：68 19 00 C3 05 08 00 00 00 00 00 10 15 3A 86 01 04 40 00 02 00 00 00 00 57 A0 16 

―――――――――――――――――――――――――――
下装事件采集方案1
―――――――――――――――――――――――――――
发送时间：2016-09-12 15:18:32.343
发送内容：68 6E 00 43 05 08 00 00 00 00 00 10 EE 00 07 01 05 60 16 7F 00 01 01 02 05 11 01 01 04 52 30 00 06 00 03 20 22 02 00 20 1E 02 00 20 20 02 00 52 30 01 06 00 03 20 22 02 00 20 1E 02 00 20 20 02 00 52 30 02 06 00 03 20 22 02 00 20 1E 02 00 20 20 02 00 52 30 03 06 00 03 20 22 02 00 20 1E 02 00 20 20 02 00 5C 01 03 00 12 01 00 00 49 5B 16 
接收时间：2016-09-12 15:18:32.499
接收内容：68 1A 00 C3 05 08 00 00 00 00 00 10 A6 C4 87 01 05 60 16 7F 00 00 00 00 00 A4 65 16 

―――――――――――――――――――――――――――
下装事件采集方案2
―――――――――――――――――――――――――――
发送时间：2016-09-12 15:18:32.499
发送内容：68 6E 00 43 05 08 00 00 00 00 00 10 EE 00 07 01 06 60 16 7F 00 01 01 02 05 11 02 01 04 52 30 04 06 00 03 20 22 02 00 20 1E 02 00 20 20 02 00 52 30 05 06 00 03 20 22 02 00 20 1E 02 00 20 20 02 00 52 30 06 06 00 03 20 22 02 00 20 1E 02 00 20 20 02 00 52 30 07 06 00 03 20 22 02 00 20 1E 02 00 20 20 02 00 5C 01 03 00 12 01 00 00 E0 AB 16 
接收时间：2016-09-12 15:18:32.624
接收内容：68 1A 00 C3 05 08 00 00 00 00 00 10 A6 C4 87 01 06 60 16 7F 00 00 00 00 00 A3 B3 16 

―――――――――――――――――――――――――――
下装事件采集方案3
―――――――――――――――――――――――――――
发送时间：2016-09-12 15:18:32.624
发送内容：68 6E 00 43 05 08 00 00 00 00 00 10 EE 00 07 01 07 60 16 7F 00 01 01 02 05 11 03 01 04 52 30 08 06 00 03 20 22 02 00 20 1E 02 00 20 20 02 00 52 30 09 06 00 03 20 22 02 00 20 1E 02 00 20 20 02 00 52 30 0A 06 00 03 20 22 02 00 20 1E 02 00 20 20 02 00 52 30 0B 06 00 03 20 22 02 00 20 1E 02 00 20 20 02 00 5C 01 03 00 12 01 00 00 7E D1 16 
接收时间：2016-09-12 15:18:32.780
接收内容：68 1A 00 C3 05 08 00 00 00 00 00 10 A6 C4 87 01 07 60 16 7F 00 00 00 00 00 5E FE 16 

―――――――――――――――――――――――――――
下装事件采集方案4
―――――――――――――――――――――――――――
发送时间：2016-09-12 15:18:32.795
发送内容：68 6E 00 43 05 08 00 00 00 00 00 10 EE 00 07 01 08 60 16 7F 00 01 01 02 05 11 04 01 04 52 30 0C 06 00 03 20 22 02 00 20 1E 02 00 20 20 02 00 52 30 0D 06 00 03 20 22 02 00 20 1E 02 00 20 20 02 00 52 30 0E 06 00 03 20 22 02 00 20 1E 02 00 20 20 02 00 52 30 0F 06 00 03 20 22 02 00 20 1E 02 00 20 20 02 00 5C 01 03 00 12 01 00 00 3B FC 16 
接收时间：2016-09-12 15:18:32.951
接收内容：68 1A 00 C3 05 08 00 00 00 00 00 10 A6 C4 87 01 08 60 16 7F 00 00 00 00 00 76 68 16 

―――――――――――――――――――――――――――
下装事件采集方案5
―――――――――――――――――――――――――――
发送时间：2016-09-12 15:18:32.951
发送内容：68 6E 00 43 05 08 00 00 00 00 00 10 EE 00 07 01 09 60 16 7F 00 01 01 02 05 11 05 01 04 52 30 10 06 00 03 20 22 02 00 20 1E 02 00 20 20 02 00 52 30 11 06 00 03 20 22 02 00 20 1E 02 00 20 20 02 00 52 30 12 06 00 03 20 22 02 00 20 1E 02 00 20 20 02 00 52 30 13 06 00 03 20 22 02 00 20 1E 02 00 20 20 02 00 5C 01 03 00 12 01 00 00 AE F9 16 
接收时间：2016-09-12 15:18:33.076
接收内容：68 1A 00 C3 05 08 00 00 00 00 00 10 A6 C4 87 01 09 60 16 7F 00 00 00 00 00 8B 25 16 

―――――――――――――――――――――――――――
下装事件采集方案6
―――――――――――――――――――――――――――
发送时间：2016-09-12 15:18:33.076
发送内容：68 6E 00 43 05 08 00 00 00 00 00 10 EE 00 07 01 0A 60 16 7F 00 01 01 02 05 11 06 01 04 52 30 14 06 00 03 20 22 02 00 20 1E 02 00 20 20 02 00 52 30 15 06 00 03 20 22 02 00 20 1E 02 00 20 20 02 00 52 30 16 06 00 03 20 22 02 00 20 1E 02 00 20 20 02 00 52 30 17 06 00 03 20 22 02 00 20 1E 02 00 20 20 02 00 5C 01 03 00 12 01 00 00 07 09 16 
接收时间：2016-09-12 15:18:33.248
接收内容：68 1A 00 C3 05 08 00 00 00 00 00 10 A6 C4 87 01 0A 60 16 7F 00 00 00 00 00 8C F3 16 

―――――――――――――――――――――――――――
下装事件采集方案7
―――――――――――――――――――――――――――
发送时间：2016-09-12 15:18:33.248
发送内容：68 6E 00 43 05 08 00 00 00 00 00 10 EE 00 07 01 0B 60 16 7F 00 01 01 02 05 11 07 01 04 52 30 18 06 00 03 20 22 02 00 20 1E 02 00 20 20 02 00 52 30 19 06 00 03 20 22 02 00 20 1E 02 00 20 20 02 00 52 30 1A 06 00 03 20 22 02 00 20 1E 02 00 20 20 02 00 52 30 1B 06 00 03 20 22 02 00 20 1E 02 00 20 20 02 00 5C 01 03 00 12 01 00 00 99 73 16 
接收时间：2016-09-12 15:18:33.404
接收内容：68 1A 00 C3 05 08 00 00 00 00 00 10 A6 C4 87 01 0B 60 16 7F 00 00 00 00 00 71 BE 16 

―――――――――――――――――――――――――――
下装事件采集方案8
―――――――――――――――――――――――――――
发送时间：2016-09-12 15:18:33.404
发送内容：68 6E 00 43 05 08 00 00 00 00 00 10 EE 00 07 01 0C 60 16 7F 00 01 01 02 05 11 08 01 04 52 30 1C 06 00 03 20 22 02 00 20 1E 02 00 20 20 02 00 52 30 1D 06 00 03 20 22 02 00 20 1E 02 00 20 20 02 00 52 30 1E 06 00 03 20 22 02 00 20 1E 02 00 20 20 02 00 52 30 1F 06 00 03 20 22 02 00 20 1E 02 00 20 20 02 00 5C 01 03 00 12 01 00 00 34 98 16 
接收时间：2016-09-12 15:18:33.575
接收内容：68 1A 00 C3 05 08 00 00 00 00 00 10 A6 C4 87 01 0C 60 16 7F 00 00 00 00 00 93 57 16 

―――――――――――――――――――――――――――
下装事件采集方案9
―――――――――――――――――――――――――――
发送时间：2016-09-12 15:18:33.575
发送内容：68 6E 00 43 05 08 00 00 00 00 00 10 EE 00 07 01 0D 60 16 7F 00 01 01 02 05 11 09 01 04 52 30 20 06 00 03 20 22 02 00 20 1E 02 00 20 20 02 00 52 30 21 06 00 03 20 22 02 00 20 1E 02 00 20 20 02 00 52 30 22 06 00 03 20 22 02 00 20 1E 02 00 20 20 02 00 52 30 23 06 00 03 20 22 02 00 20 1E 02 00 20 20 02 00 5C 01 03 00 12 01 00 00 B7 63 16 
接收时间：2016-09-12 15:18:33.731
接收内容：68 1A 00 C3 05 08 00 00 00 00 00 10 A6 C4 87 01 0D 60 16 7F 00 00 00 00 00 6E 1A 16 

―――――――――――――――――――――――――――
下装事件采集方案10
―――――――――――――――――――――――――――
发送时间：2016-09-12 15:18:33.731
发送内容：68 6E 00 43 05 08 00 00 00 00 00 10 EE 00 07 01 0E 60 16 7F 00 01 01 02 05 11 0A 01 04 52 30 24 06 00 03 20 22 02 00 20 1E 02 00 20 20 02 00 52 30 25 06 00 03 20 22 02 00 20 1E 02 00 20 20 02 00 52 30 26 06 00 03 20 22 02 00 20 1E 02 00 20 20 02 00 52 30 27 06 00 03 20 22 02 00 20 1E 02 00 20 20 02 00 5C 01 03 00 12 01 00 00 1E 93 16 
接收时间：2016-09-12 15:18:33.903
接收内容：68 1A 00 C3 05 08 00 00 00 00 00 10 A6 C4 87 01 0E 60 16 7F 00 00 00 00 00 69 CC 16 

―――――――――――――――――――――――――――
下装事件采集方案11
―――――――――――――――――――――――――――
发送时间：2016-09-12 15:18:33.903
发送内容：68 6E 00 43 05 08 00 00 00 00 00 10 EE 00 07 01 0F 60 16 7F 00 01 01 02 05 11 0B 01 04 52 30 28 06 00 03 20 22 02 00 20 1E 02 00 20 20 02 00 52 30 29 06 00 03 20 22 02 00 20 1E 02 00 20 20 02 00 52 30 2A 06 00 03 20 22 02 00 20 1E 02 00 20 20 02 00 52 30 2B 06 00 03 20 22 02 00 20 1E 02 00 20 20 02 00 5C 01 03 00 12 01 00 00 80 E9 16 
接收时间：2016-09-12 15:18:34.059
接收内容：68 1A 00 C3 05 08 00 00 00 00 00 10 A6 C4 87 01 0F 60 16 7F 00 00 00 00 00 94 81 16 

―――――――――――――――――――――――――――
下装事件采集方案12
―――――――――――――――――――――――――――
发送时间：2016-09-12 15:18:34.059
发送内容：68 6E 00 43 05 08 00 00 00 00 00 10 EE 00 07 01 10 60 16 7F 00 01 01 02 05 11 0C 01 04 52 30 2C 06 00 03 20 22 02 00 20 1E 02 00 20 20 02 00 52 30 2D 06 00 03 20 22 02 00 20 1E 02 00 20 20 02 00 52 30 2E 06 00 03 20 22 02 00 20 1E 02 00 20 20 02 00 52 30 2F 06 00 03 20 22 02 00 20 1E 02 00 20 20 02 00 5C 01 03 00 12 01 00 00 E4 B1 16 
接收时间：2016-09-12 15:18:34.231
接收内容：68 1A 00 C3 05 08 00 00 00 00 00 10 A6 C4 87 01 10 60 16 7F 00 00 00 00 00 28 E8 16 

―――――――――――――――――――――――――――
下装采集任务1
―――――――――――――――――――――――――――
发送时间：2016-09-12 15:18:34.231
发送内容：68 53 00 43 05 08 00 00 00 00 00 10 4F 24 07 01 11 60 12 7F 00 01 01 02 0C 11 01 54 01 00 05 16 02 11 01 1C 07 E0 09 0D 00 02 00 1C 08 33 09 09 09 09 09 54 00 00 00 16 02 16 01 12 00 00 12 00 00 02 02 16 00 01 01 02 04 11 00 11 00 11 17 11 3B 00 F5 C9 16 
接收时间：2016-09-12 15:18:34.355
接收内容：68 1A 00 C3 05 08 00 00 00 00 00 10 A6 C4 87 01 11 60 12 7F 00 00 00 00 00 A3 CA 16 

―――――――――――――――――――――――――――
下装采集任务2
―――――――――――――――――――――――――――
发送时间：2016-09-12 15:18:34.355
发送内容：68 53 00 43 05 08 00 00 00 00 00 10 4F 24 07 01 12 60 12 7F 00 01 01 02 0C 11 02 54 01 00 05 16 02 11 02 1C 07 E0 09 0D 00 02 00 1C 08 33 09 09 09 09 09 54 00 00 00 16 02 16 01 12 00 00 12 00 00 02 02 16 00 01 01 02 04 11 00 11 00 11 17 11 3B 00 2E BB 16 
接收时间：2016-09-12 15:18:34.465
接收内容：68 1A 00 C3 05 08 00 00 00 00 00 10 A6 C4 87 01 12 60 12 7F 00 00 00 00 00 A4 1C 16 

―――――――――――――――――――――――――――
下装采集任务3
―――――――――――――――――――――――――――
发送时间：2016-09-12 15:18:34.465
发送内容：68 53 00 43 05 08 00 00 00 00 00 10 4F 24 07 01 13 60 12 7F 00 01 01 02 0C 11 03 54 01 00 05 16 02 11 03 1C 07 E0 09 0D 00 02 00 1C 08 33 09 09 09 09 09 54 00 00 00 16 02 16 01 12 00 00 12 00 00 02 02 16 00 01 01 02 04 11 00 11 00 11 17 11 3B 00 67 95 16 
接收时间：2016-09-12 15:18:34.589
接收内容：68 1A 00 C3 05 08 00 00 00 00 00 10 A6 C4 87 01 13 60 12 7F 00 00 00 00 00 59 51 16 

―――――――――――――――――――――――――――
下装采集任务4
―――――――――――――――――――――――――――
发送时间：2016-09-12 15:18:34.589
发送内容：68 53 00 43 05 08 00 00 00 00 00 10 4F 24 07 01 14 60 12 7F 00 01 01 02 0C 11 04 54 01 00 05 16 02 11 04 1C 07 E0 09 0D 00 02 00 1C 08 33 09 09 09 09 09 54 00 00 00 16 02 16 01 12 00 00 12 00 00 02 02 16 00 01 01 02 04 11 00 11 00 11 17 11 3B 00 98 5E 16 
接收时间：2016-09-12 15:18:34.699
接收内容：68 1A 00 C3 05 08 00 00 00 00 00 10 A6 C4 87 01 14 60 12 7F 00 00 00 00 00 BB B8 16 

―――――――――――――――――――――――――――
下装采集任务5
―――――――――――――――――――――――――――
发送时间：2016-09-12 15:18:34.714
发送内容：68 53 00 43 05 08 00 00 00 00 00 10 4F 24 07 01 15 60 12 7F 00 01 01 02 0C 11 05 54 01 00 05 16 02 11 05 1C 07 E0 09 0D 00 02 00 1C 08 33 09 09 09 09 09 54 00 00 00 16 02 16 01 12 00 00 12 00 00 02 02 16 00 01 01 02 04 11 00 11 00 11 17 11 3B 00 D1 70 16 
接收时间：2016-09-12 15:18:34.823
接收内容：68 1A 00 C3 05 08 00 00 00 00 00 10 A6 C4 87 01 15 60 12 7F 00 00 00 00 00 46 F5 16 

―――――――――――――――――――――――――――
下装采集任务6
―――――――――――――――――――――――――――
发送时间：2016-09-12 15:18:34.823
发送内容：68 53 00 43 05 08 00 00 00 00 00 10 4F 24 07 01 16 60 12 7F 00 01 01 02 0C 11 06 54 01 00 05 16 02 11 06 1C 07 E0 09 0D 00 02 00 1C 08 33 09 09 09 09 09 54 00 00 00 16 02 16 01 12 00 00 12 00 00 02 02 16 00 01 01 02 04 11 00 11 00 11 17 11 3B 00 0A 02 16 
接收时间：2016-09-12 15:18:34.948
接收内容：68 1A 00 C3 05 08 00 00 00 00 00 10 A6 C4 87 01 16 60 12 7F 00 00 00 00 00 41 23 16 

―――――――――――――――――――――――――――
下装采集任务7
―――――――――――――――――――――――――――
发送时间：2016-09-12 15:18:34.948
发送内容：68 53 00 43 05 08 00 00 00 00 00 10 4F 24 07 01 17 60 12 7F 00 01 01 02 0C 11 07 54 01 00 05 16 02 11 07 1C 07 E0 09 0D 00 02 00 1C 08 33 09 09 09 09 09 54 00 00 00 16 02 16 01 12 00 00 12 00 00 02 02 16 00 01 01 02 04 11 00 11 00 11 17 11 3B 00 43 2C 16 
接收时间：2016-09-12 15:18:35.057
接收内容：68 1A 00 C3 05 08 00 00 00 00 00 10 A6 C4 87 01 17 60 12 7F 00 00 00 00 00 BC 6E 16 

―――――――――――――――――――――――――――
下装采集任务8
―――――――――――――――――――――――――――
发送时间：2016-09-12 15:18:35.057
发送内容：68 53 00 43 05 08 00 00 00 00 00 10 4F 24 07 01 18 60 12 7F 00 01 01 02 0C 11 08 54 01 00 05 16 02 11 08 1C 07 E0 09 0D 00 02 00 1C 08 33 09 09 09 09 09 54 00 00 00 16 02 16 01 12 00 00 12 00 00 02 02 16 00 01 01 02 04 11 00 11 00 11 17 11 3B 00 E5 9D 16 
接收时间：2016-09-12 15:18:35.182
接收内容：68 1A 00 C3 05 08 00 00 00 00 00 10 A6 C4 87 01 18 60 12 7F 00 00 00 00 00 94 F8 16 

―――――――――――――――――――――――――――
下装采集任务9
―――――――――――――――――――――――――――
发送时间：2016-09-12 15:18:35.182
发送内容：68 53 00 43 05 08 00 00 00 00 00 10 4F 24 07 01 19 60 12 7F 00 01 01 02 0C 11 09 54 01 00 05 16 02 11 09 1C 07 E0 09 0D 00 02 00 1C 08 33 09 09 09 09 09 54 00 00 00 16 02 16 01 12 00 00 12 00 00 02 02 16 00 01 01 02 04 11 00 11 00 11 17 11 3B 00 AC B3 16 
接收时间：2016-09-12 15:18:35.291
接收内容：68 1A 00 C3 05 08 00 00 00 00 00 10 A6 C4 87 01 19 60 12 7F 00 00 00 00 00 69 B5 16 

―――――――――――――――――――――――――――
下装采集任务10
―――――――――――――――――――――――――――
发送时间：2016-09-12 15:18:35.307
发送内容：68 53 00 43 05 08 00 00 00 00 00 10 4F 24 07 01 1A 60 12 7F 00 01 01 02 0C 11 0A 54 01 00 05 16 02 11 0A 1C 07 E0 09 0D 00 02 00 1C 08 33 09 09 09 09 09 54 00 00 00 16 02 16 01 12 00 00 12 00 00 02 02 16 00 01 01 02 04 11 00 11 00 11 17 11 3B 00 77 C1 16 
接收时间：2016-09-12 15:18:35.416
接收内容：68 1A 00 C3 05 08 00 00 00 00 00 10 A6 C4 87 01 1A 60 12 7F 00 00 00 00 00 6E 63 16 

―――――――――――――――――――――――――――
下装采集任务11
―――――――――――――――――――――――――――
发送时间：2016-09-12 15:18:35.416
发送内容：68 53 00 43 05 08 00 00 00 00 00 10 4F 24 07 01 1B 60 12 7F 00 01 01 02 0C 11 0B 54 01 00 05 16 02 11 0B 1C 07 E0 09 0D 00 02 00 1C 08 33 09 09 09 09 09 54 00 00 00 16 02 16 01 12 00 00 12 00 00 02 02 16 00 01 01 02 04 11 00 11 00 11 17 11 3B 00 3E EF 16 
接收时间：2016-09-12 15:18:35.541
接收内容：68 1A 00 C3 05 08 00 00 00 00 00 10 A6 C4 87 01 1B 60 12 7F 00 00 00 00 00 93 2E 16 

―――――――――――――――――――――――――――
下装采集任务12
―――――――――――――――――――――――――――
发送时间：2016-09-12 15:18:35.541
发送内容：68 53 00 43 05 08 00 00 00 00 00 10 4F 24 07 01 1C 60 12 7F 00 01 01 02 0C 11 0C 54 01 00 05 16 02 11 0C 1C 07 E0 09 0D 00 02 00 1C 08 33 09 09 09 09 09 54 00 00 00 16 02 16 01 12 00 00 12 00 00 02 02 16 00 01 01 02 04 11 00 11 00 11 17 11 3B 00 C1 24 16 
接收时间：2016-09-12 15:18:35.650
接收内容：68 1A 00 C3 05 08 00 00 00 00 00 10 A6 C4 87 01 1C 60 12 7F 00 00 00 00 00 71 C7 16 

―――――――――――――――――――――――――――
终端校时到 2016-09-12 23:59:50
―――――――――――――――――――――――――――
发送时间：2016-09-12 15:18:35.666
发送内容：68 1F 00 43 05 08 00 00 00 00 00 10 B5 0B 06 01 1D 40 00 02 00 1C 07 E0 09 0C 17 3B 32 00 44 CF 16 
接收时间：2016-09-12 15:18:37.507
接收内容：68 19 00 C3 05 08 00 00 00 00 00 10 15 3A 86 01 1D 40 00 02 00 00 00 00 2C 57 16 

延时等待 300 秒…
延时等待结束。
―――――――――――――――――――――――――――
读取事件记录_电能表失压事件
―――――――――――――――――――――――――――
发送时间：2016-09-12 15:23:41.738
发送内容：68 42 00 43 05 08 00 00 00 00 00 10 9B 00 05 03 1E 60 12 03 00 07 07 E0 09 0D 00 00 00 07 E0 09 0D 17 3B 3B 00 00 00 01 02 00 40 01 02 00 01 30 00 06 00 03 20 22 02 00 20 1E 02 00 20 20 02 00 00 F6 6F 16 
接收时间：2016-09-12 15:23:44.515
接收内容：68 72 00 C3 05 08 00 00 00 00 00 10 83 57 85 03 1E 60 12 03 00 02 00 40 01 02 00 01 30 00 06 00 03 20 22 02 00 20 1E 02 00 20 20 02 00 01 02 55 07 05 00 00 00 00 00 01 01 03 06 00 00 1F 40 1C 07 E0 07 14 00 00 00 1C 07 E0 07 14 00 00 01 55 07 05 00 00 00 00 00 02 01 03 06 00 00 1F 40 1C 07 E0 07 14 00 00 00 1C 07 E0 07 14 00 00 01 00 00 E5 81 16 
读取事件成功！
―――――――――――――――――――――――――――
读取事件记录_电能表欠压事件
―――――――――――――――――――――――――――
发送时间：2016-09-12 15:23:44.562
发送内容：68 42 00 43 05 08 00 00 00 00 00 10 9B 00 05 03 1F 60 12 03 00 07 07 E0 09 0D 00 00 00 07 E0 09 0D 17 3B 3B 00 00 00 01 02 00 40 01 02 00 01 30 01 06 00 03 20 22 02 00 20 1E 02 00 20 20 02 00 00 69 A3 16 
接收时间：2016-09-12 15:23:47.417
接收内容：68 72 00 C3 05 08 00 00 00 00 00 10 83 57 85 03 1F 60 12 03 00 02 00 40 01 02 00 01 30 01 06 00 03 20 22 02 00 20 1E 02 00 20 20 02 00 01 02 55 07 05 00 00 00 00 00 01 01 03 06 00 00 1F 40 1C 07 E0 07 0F 00 00 00 1C 07 E0 07 0F 00 00 00 55 07 05 00 00 00 00 00 02 01 03 06 00 00 1F 40 1C 07 E0 07 0F 00 00 00 1C 07 E0 07 0F 00 00 00 00 00 1A 3F 16 
读取事件成功！
―――――――――――――――――――――――――――
读取事件记录_电能表过压事件
―――――――――――――――――――――――――――
发送时间：2016-09-12 15:23:47.448
发送内容：68 42 00 43 05 08 00 00 00 00 00 10 9B 00 05 03 20 60 12 03 00 07 07 E0 09 0D 00 00 00 07 E0 09 0D 17 3B 3B 00 00 00 01 02 00 40 01 02 00 01 30 02 06 00 03 20 22 02 00 20 1E 02 00 20 20 02 00 00 3A AA 16 
接收时间：2016-09-12 15:23:50.209
接收内容：68 72 00 C3 05 08 00 00 00 00 00 10 83 57 85 03 20 60 12 03 00 02 00 40 01 02 00 01 30 02 06 00 03 20 22 02 00 20 1E 02 00 20 20 02 00 01 02 55 07 05 00 00 00 00 00 01 01 03 06 00 00 1F 40 1C 07 E0 07 0F 00 00 00 1C 07 E0 07 0F 00 00 00 55 07 05 00 00 00 00 00 02 01 03 06 00 00 1F 40 1C 07 E0 07 0F 00 00 00 1C 07 E0 07 0F 00 00 00 00 00 98 DE 16 
读取事件成功！
―――――――――――――――――――――――――――
读取事件记录_电能表断相事件
―――――――――――――――――――――――――――
发送时间：2016-09-12 15:23:50.240
发送内容：68 42 00 43 05 08 00 00 00 00 00 10 9B 00 05 03 21 60 12 03 00 07 07 E0 09 0D 00 00 00 07 E0 09 0D 17 3B 3B 00 00 00 01 02 00 40 01 02 00 01 30 03 06 00 03 20 22 02 00 20 1E 02 00 20 20 02 00 00 A5 66 16 
接收时间：2016-09-12 15:23:52.861
接收内容：68 92 00 C3 05 08 00 00 00 00 00 10 17 EA 85 03 21 60 12 03 00 02 00 40 01 02 00 01 30 03 06 00 03 20 22 02 00 20 1E 02 00 20 20 02 00 01 03 55 07 05 00 00 00 00 00 01 01 03 06 00 00 1F 40 1C 07 E0 07 0F 00 00 00 1C 07 E0 07 0F 00 00 00 55 07 05 00 00 00 00 00 02 01 03 06 00 00 1F 40 1C 07 E0 07 0F 00 00 00 1C 07 E0 07 0F 00 00 00 55 07 05 00 00 00 00 00 01 01 03 06 00 00 1F 40 1C 07 E0 07 0F 00 00 00 1C 07 E0 07 0F 00 00 00 00 00 7D 76 16 
读取事件成功！
―――――――――――――――――――――――――――
读取事件记录_电能表失流事件
―――――――――――――――――――――――――――
发送时间：2016-09-12 15:23:52.908
发送内容：68 42 00 43 05 08 00 00 00 00 00 10 9B 00 05 03 22 60 12 03 00 07 07 E0 09 0D 00 00 00 07 E0 09 0D 17 3B 3B 00 00 00 01 02 00 40 01 02 00 01 30 04 06 00 03 20 22 02 00 20 1E 02 00 20 20 02 00 00 29 7B 16 
接收时间：2016-09-12 15:23:55.575
接收内容：68 92 00 C3 05 08 00 00 00 00 00 10 17 EA 85 03 22 60 12 03 00 02 00 40 01 02 00 01 30 04 06 00 03 20 22 02 00 20 1E 02 00 20 20 02 00 01 03 55 07 05 00 00 00 00 00 01 01 03 06 00 00 1F 40 1C 07 E0 07 0F 00 00 00 1C 07 E0 07 0F 00 00 00 55 07 05 00 00 00 00 00 02 01 03 06 00 00 1F 40 1C 07 E0 07 0F 00 00 00 1C 07 E0 07 0F 00 00 00 55 07 05 00 00 00 00 00 01 01 03 06 00 00 1F 40 1C 07 E0 07 0F 00 00 00 1C 07 E0 07 0F 00 00 00 00 00 92 D9 16 
读取事件成功！
―――――――――――――――――――――――――――
读取事件记录_电能表过流事件
―――――――――――――――――――――――――――
发送时间：2016-09-12 15:23:55.607
发送内容：68 42 00 43 05 08 00 00 00 00 00 10 9B 00 05 03 23 60 12 03 00 07 07 E0 09 0D 00 00 00 07 E0 09 0D 17 3B 3B 00 00 00 01 02 00 40 01 02 00 01 30 05 06 00 03 20 22 02 00 20 1E 02 00 20 20 02 00 00 B6 B7 16 
接收时间：2016-09-12 15:23:58.290
接收内容：68 92 00 C3 05 08 00 00 00 00 00 10 17 EA 85 03 23 60 12 03 00 02 00 40 01 02 00 01 30 05 06 00 03 20 22 02 00 20 1E 02 00 20 20 02 00 01 03 55 07 05 00 00 00 00 00 01 01 03 06 00 00 1F 40 1C 07 E0 07 0F 00 00 00 1C 07 E0 07 0F 00 00 00 55 07 05 00 00 00 00 00 02 01 03 06 00 00 1F 40 1C 07 E0 07 0F 00 00 00 1C 07 E0 07 0F 00 00 00 55 07 05 00 00 00 00 00 01 01 03 06 00 00 1F 40 1C 07 E0 07 0F 00 00 00 1C 07 E0 07 0F 00 00 00 00 00 94 F7 16 
读取事件成功！
―――――――――――――――――――――――――――
读取事件记录_电能表断流事件
―――――――――――――――――――――――――――
发送时间：2016-09-12 15:23:58.352
发送内容：68 42 00 43 05 08 00 00 00 00 00 10 9B 00 05 03 24 60 12 03 00 07 07 E0 09 0D 00 00 00 07 E0 09 0D 17 3B 3B 00 00 00 01 02 00 40 01 02 00 01 30 06 06 00 03 20 22 02 00 20 1E 02 00 20 20 02 00 00 75 80 16 
接收时间：2016-09-12 15:24:00.957
接收内容：68 92 00 C3 05 08 00 00 00 00 00 10 17 EA 85 03 24 60 12 03 00 02 00 40 01 02 00 01 30 06 06 00 03 20 22 02 00 20 1E 02 00 20 20 02 00 01 03 55 07 05 00 00 00 00 00 01 01 03 06 00 00 1F 40 1C 07 E0 07 0F 00 00 00 1C 07 E0 07 0F 00 00 00 55 07 05 00 00 00 00 00 02 01 03 06 00 00 1F 40 1C 07 E0 07 0F 00 00 00 1C 07 E0 07 0F 00 00 00 55 07 05 00 00 00 00 00 01 01 03 06 00 00 1F 40 1C 07 E0 07 0F 00 00 00 1C 07 E0 07 0F 00 00 00 00 00 63 E0 16 
读取事件成功！
―――――――――――――――――――――――――――
读取事件记录_电能表潮流反向事件
―――――――――――――――――――――――――――
发送时间：2016-09-12 15:24:01.004
发送内容：68 42 00 43 05 08 00 00 00 00 00 10 9B 00 05 03 25 60 12 03 00 07 07 E0 09 0D 00 00 00 07 E0 09 0D 17 3B 3B 00 00 00 01 02 00 40 01 02 00 01 30 07 06 00 03 20 22 02 00 20 1E 02 00 20 20 02 00 00 EA 4C 16 
接收时间：2016-09-12 15:24:03.656
接收内容：68 92 00 C3 05 08 00 00 00 00 00 10 17 EA 85 03 25 60 12 03 00 02 00 40 01 02 00 01 30 07 06 00 03 20 22 02 00 20 1E 02 00 20 20 02 00 01 03 55 07 05 00 00 00 00 00 01 01 03 06 00 00 1F 40 1C 07 E0 07 0F 00 00 00 1C 07 E0 07 0F 00 00 00 55 07 05 00 00 00 00 00 02 01 03 06 00 00 1F 40 1C 07 E0 07 0F 00 00 00 1C 07 E0 07 0F 00 00 00 55 07 05 00 00 00 00 00 01 01 03 06 00 00 1F 40 1C 07 E0 07 0F 00 00 00 1C 07 E0 07 0F 00 00 00 00 00 65 CE 16 
读取事件成功！
―――――――――――――――――――――――――――
读取事件记录_电能表过载事件
―――――――――――――――――――――――――――
发送时间：2016-09-12 15:24:03.703
发送内容：68 42 00 43 05 08 00 00 00 00 00 10 9B 00 05 03 26 60 12 03 00 07 07 E0 09 0D 00 00 00 07 E0 09 0D 17 3B 3B 00 00 00 01 02 00 40 01 02 00 01 30 08 06 00 03 20 22 02 00 20 1E 02 00 20 20 02 00 00 1E D1 16 
接收时间：2016-09-12 15:24:06.355
接收内容：68 92 00 C3 05 08 00 00 00 00 00 10 17 EA 85 03 26 60 12 03 00 02 00 40 01 02 00 01 30 08 06 00 03 20 22 02 00 20 1E 02 00 20 20 02 00 01 03 55 07 05 00 00 00 00 00 01 01 03 06 00 00 1F 40 1C 07 E0 07 0F 00 00 00 1C 07 E0 07 0F 00 00 00 55 07 05 00 00 00 00 00 02 01 03 06 00 00 1F 40 1C 07 E0 07 0F 00 00 00 1C 07 E0 07 0F 00 00 00 55 07 05 00 00 00 00 00 01 01 03 06 00 00 1F 40 1C 07 E0 07 0F 00 00 00 1C 07 E0 07 0F 00 00 00 00 00 51 D2 16 
读取事件成功！
―――――――――――――――――――――――――――
读取事件记录_电能表正向有功需量超限事件
―――――――――――――――――――――――――――
发送时间：2016-09-12 15:24:06.386
发送内容：68 42 00 43 05 08 00 00 00 00 00 10 9B 00 05 03 27 60 12 03 00 07 07 E0 09 0D 00 00 00 07 E0 09 0D 17 3B 3B 00 00 00 01 02 00 40 01 02 00 01 30 09 06 00 03 20 22 02 00 20 1E 02 00 20 20 02 00 00 81 1D 16 
接收时间：2016-09-12 15:24:08.992
接收内容：68 92 00 C3 05 08 00 00 00 00 00 10 17 EA 85 03 27 60 12 03 00 02 00 40 01 02 00 01 30 09 06 00 03 20 22 02 00 20 1E 02 00 20 20 02 00 01 03 55 07 05 00 00 00 00 00 01 01 03 06 00 00 1F 40 1C 07 E0 07 0F 00 00 00 1C 07 E0 07 0F 00 00 00 55 07 05 00 00 00 00 00 02 01 03 06 00 00 1F 40 1C 07 E0 07 0F 00 00 00 1C 07 E0 07 0F 00 00 00 55 07 05 00 00 00 00 00 01 01 03 06 00 00 1F 40 1C 07 E0 07 0F 00 00 00 1C 07 E0 07 0F 00 00 00 00 00 57 FC 16 
读取事件成功！
―――――――――――――――――――――――――――
读取事件记录_电能表反向有功需量超限事件
―――――――――――――――――――――――――――
发送时间：2016-09-12 15:24:09.054
发送内容：68 42 00 43 05 08 00 00 00 00 00 10 9B 00 05 03 28 60 12 03 00 07 07 E0 09 0D 00 00 00 07 E0 09 0D 17 3B 3B 00 00 00 01 02 00 40 01 02 00 01 30 0A 06 00 03 20 22 02 00 20 1E 02 00 20 20 02 00 00 A4 FE 16 
接收时间：2016-09-12 15:24:11.706
接收内容：68 92 00 C3 05 08 00 00 00 00 00 10 17 EA 85 03 28 60 12 03 00 02 00 40 01 02 00 01 30 0A 06 00 03 20 22 02 00 20 1E 02 00 20 20 02 00 01 03 55 07 05 00 00 00 00 00 01 01 03 06 00 00 1F 40 1C 07 E0 07 0F 00 00 00 1C 07 E0 07 0F 00 00 00 55 07 05 00 00 00 00 00 02 01 03 06 00 00 1F 40 1C 07 E0 07 0F 00 00 00 1C 07 E0 07 0F 00 00 00 55 07 05 00 00 00 00 00 01 01 03 06 00 00 1F 40 1C 07 E0 07 0F 00 00 00 1C 07 E0 07 0F 00 00 00 00 00 5A 20 16 
读取事件成功！
―――――――――――――――――――――――――――
读取事件记录_电能表无功需量超限事件
―――――――――――――――――――――――――――
发送时间：2016-09-12 15:24:11.768
发送内容：68 42 00 43 05 08 00 00 00 00 00 10 9B 00 05 03 29 60 12 03 00 07 07 E0 09 0D 00 00 00 07 E0 09 0D 17 3B 3B 00 00 00 01 02 00 40 01 02 00 01 30 0B 06 00 03 20 22 02 00 20 1E 02 00 20 20 02 00 00 3B 32 16 
接收时间：2016-09-12 15:24:14.467
接收内容：68 92 00 C3 05 08 00 00 00 00 00 10 17 EA 85 03 29 60 12 03 00 02 00 40 01 02 00 01 30 0B 06 00 03 20 22 02 00 20 1E 02 00 20 20 02 00 01 03 55 07 05 00 00 00 00 00 01 01 03 06 00 00 1F 40 1C 07 E0 07 0F 00 00 00 1C 07 E0 07 0F 00 00 00 55 07 05 00 00 00 00 00 02 01 03 06 00 00 1F 40 1C 07 E0 07 0F 00 00 00 1C 07 E0 07 0F 00 00 00 55 07 05 00 00 00 00 00 01 01 03 06 00 00 1F 40 1C 07 E0 07 0F 00 00 00 1C 07 E0 07 0F 00 00 00 00 00 5C 0E 16 
读取事件成功！
―――――――――――――――――――――――――――
读取事件记录_电能表功率因数超下限事件
―――――――――――――――――――――――――――
发送时间：2016-09-12 15:24:14.514
发送内容：68 42 00 43 05 08 00 00 00 00 00 10 9B 00 05 03 2A 60 12 03 00 07 07 E0 09 0D 00 00 00 07 E0 09 0D 17 3B 3B 00 00 00 01 02 00 40 01 02 00 01 30 0C 06 00 03 20 22 02 00 20 1E 02 00 20 20 02 00 00 B7 2F 16 
接收时间：2016-09-12 15:24:17.119
接收内容：68 92 00 C3 05 08 00 00 00 00 00 10 17 EA 85 03 2A 60 12 03 00 02 00 40 01 02 00 01 30 0C 06 00 03 20 22 02 00 20 1E 02 00 20 20 02 00 01 03 55 07 05 00 00 00 00 00 01 01 03 06 00 00 1F 40 1C 07 E0 07 0F 00 00 00 1C 07 E0 07 0F 00 00 00 55 07 05 00 00 00 00 00 02 01 03 06 00 00 1F 40 1C 07 E0 07 0F 00 00 00 1C 07 E0 07 0F 00 00 00 55 07 05 00 00 00 00 00 01 01 03 06 00 00 1F 40 1C 07 E0 07 0F 00 00 00 1C 07 E0 07 0F 00 00 00 00 00 B3 A1 16 
读取事件成功！
―――――――――――――――――――――――――――
读取事件记录_电能表全失压事件
―――――――――――――――――――――――――――
发送时间：2016-09-12 15:24:17.166
发送内容：68 42 00 43 05 08 00 00 00 00 00 10 9B 00 05 03 2B 60 12 03 00 07 07 E0 09 0D 00 00 00 07 E0 09 0D 17 3B 3B 00 00 00 01 02 00 40 01 02 00 01 30 0D 06 00 03 20 22 02 00 20 1E 02 00 20 20 02 00 00 28 E3 16 
接收时间：2016-09-12 15:24:19.818
接收内容：68 92 00 C3 05 08 00 00 00 00 00 10 17 EA 85 03 2B 60 12 03 00 02 00 40 01 02 00 01 30 0D 06 00 03 20 22 02 00 20 1E 02 00 20 20 02 00 01 03 55 07 05 00 00 00 00 00 01 01 03 06 00 00 1F 40 1C 07 E0 07 0F 00 00 00 1C 07 E0 07 0F 00 00 00 55 07 05 00 00 00 00 00 02 01 03 06 00 00 1F 40 1C 07 E0 07 0F 00 00 00 1C 07 E0 07 0F 00 00 00 55 07 05 00 00 00 00 00 01 01 03 06 00 00 1F 40 1C 07 E0 07 0F 00 00 00 1C 07 E0 07 0F 00 00 00 00 00 B5 8F 16 
读取事件成功！
―――――――――――――――――――――――――――
读取事件记录_电能表辅助电源掉电事件
―――――――――――――――――――――――――――
发送时间：2016-09-12 15:24:19.865
发送内容：68 42 00 43 05 08 00 00 00 00 00 10 9B 00 05 03 2C 60 12 03 00 07 07 E0 09 0D 00 00 00 07 E0 09 0D 17 3B 3B 00 00 00 01 02 00 40 01 02 00 01 30 0E 06 00 03 20 22 02 00 20 1E 02 00 20 20 02 00 00 EB D4 16 
接收时间：2016-09-12 15:24:22.501
接收内容：68 92 00 C3 05 08 00 00 00 00 00 10 17 EA 85 03 2C 60 12 03 00 02 00 40 01 02 00 01 30 0E 06 00 03 20 22 02 00 20 1E 02 00 20 20 02 00 01 03 55 07 05 00 00 00 00 00 01 01 03 06 00 00 1F 40 1C 07 E0 07 0F 00 00 00 1C 07 E0 07 0F 00 00 00 55 07 05 00 00 00 00 00 02 01 03 06 00 00 1F 40 1C 07 E0 07 0F 00 00 00 1C 07 E0 07 0F 00 00 00 55 07 05 00 00 00 00 00 01 01 03 06 00 00 1F 40 1C 07 E0 07 0F 00 00 00 1C 07 E0 07 0F 00 00 00 00 00 42 98 16 
读取事件成功！
―――――――――――――――――――――――――――
读取事件记录_电能表电压逆相序事件
―――――――――――――――――――――――――――
发送时间：2016-09-12 15:24:22.548
发送内容：68 42 00 43 05 08 00 00 00 00 00 10 9B 00 05 03 2D 60 12 03 00 07 07 E0 09 0D 00 00 00 07 E0 09 0D 17 3B 3B 00 00 00 01 02 00 40 01 02 00 01 30 0F 06 00 03 20 22 02 00 20 1E 02 00 20 20 02 00 00 74 18 16 
接收时间：2016-09-12 15:24:25.169
接收内容：68 92 00 C3 05 08 00 00 00 00 00 10 17 EA 85 03 2D 60 12 03 00 02 00 40 01 02 00 01 30 0F 06 00 03 20 22 02 00 20 1E 02 00 20 20 02 00 01 03 55 07 05 00 00 00 00 00 01 01 03 06 00 00 1F 40 1C 07 E0 07 0F 00 00 00 1C 07 E0 07 0F 00 00 00 55 07 05 00 00 00 00 00 02 01 03 06 00 00 1F 40 1C 07 E0 07 0F 00 00 00 1C 07 E0 07 0F 00 00 00 55 07 05 00 00 00 00 00 01 01 03 06 00 00 1F 40 1C 07 E0 07 0F 00 00 00 1C 07 E0 07 0F 00 00 00 00 00 44 B6 16 
读取事件成功！
―――――――――――――――――――――――――――
读取事件记录_电能表电流逆相序事件
―――――――――――――――――――――――――――
发送时间：2016-09-12 15:24:25.216
发送内容：68 42 00 43 05 08 00 00 00 00 00 10 9B 00 05 03 2E 60 12 03 00 07 07 E0 09 0D 00 00 00 07 E0 09 0D 17 3B 3B 00 00 00 01 02 00 40 01 02 00 01 30 10 06 00 03 20 22 02 00 20 1E 02 00 20 20 02 00 00 61 8D 16 
接收时间：2016-09-12 15:24:27.961
接收内容：68 92 00 C3 05 08 00 00 00 00 00 10 17 EA 85 03 2E 60 12 03 00 02 00 40 01 02 00 01 30 10 06 00 03 20 22 02 00 20 1E 02 00 20 20 02 00 01 03 55 07 05 00 00 00 00 00 01 01 03 06 00 00 1F 40 1C 07 E0 07 0F 00 00 00 1C 07 E0 07 0F 00 00 00 55 07 05 00 00 00 00 00 02 01 03 06 00 00 1F 40 1C 07 E0 07 0F 00 00 00 1C 07 E0 07 0F 00 00 00 55 07 05 00 00 00 00 00 01 01 03 06 00 00 1F 40 1C 07 E0 07 0F 00 00 00 1C 07 E0 07 0F 00 00 00 00 00 D7 C5 16 
读取事件成功！
―――――――――――――――――――――――――――
读取事件记录_电能表掉电事件
―――――――――――――――――――――――――――
发送时间：2016-09-12 15:24:27.977
发送内容：68 42 00 43 05 08 00 00 00 00 00 10 9B 00 05 03 2F 60 12 03 00 07 07 E0 09 0D 00 00 00 07 E0 09 0D 17 3B 3B 00 00 00 01 02 00 40 01 02 00 01 30 11 06 00 03 20 22 02 00 20 1E 02 00 20 20 02 00 00 FE 41 16 
接收时间：2016-09-12 15:24:30.613
接收内容：68 92 00 C3 05 08 00 00 00 00 00 10 17 EA 85 03 2F 60 12 03 00 02 00 40 01 02 00 01 30 11 06 00 03 20 22 02 00 20 1E 02 00 20 20 02 00 01 03 55 07 05 00 00 00 00 00 01 01 03 06 00 00 1F 40 1C 07 E0 07 0F 00 00 00 1C 07 E0 07 0F 00 00 00 55 07 05 00 00 00 00 00 02 01 03 06 00 00 1F 40 1C 07 E0 07 0F 00 00 00 1C 07 E0 07 0F 00 00 00 55 07 05 00 00 00 00 00 01 01 03 06 00 00 1F 40 1C 07 E0 07 0F 00 00 00 1C 07 E0 07 0F 00 00 00 00 00 D1 EB 16 
读取事件成功！
―――――――――――――――――――――――――――
读取事件记录_电能表编程事件
―――――――――――――――――――――――――――
发送时间：2016-09-12 15:24:30.660
发送内容：68 42 00 43 05 08 00 00 00 00 00 10 9B 00 05 03 30 60 12 03 00 07 07 E0 09 0D 00 00 00 07 E0 09 0D 17 3B 3B 00 00 00 01 02 00 40 01 02 00 01 30 12 06 00 03 20 22 02 00 20 1E 02 00 20 20 02 00 00 06 03 16 
接收时间：2016-09-12 15:24:33.312
接收内容：68 92 00 C3 05 08 00 00 00 00 00 10 17 EA 85 03 30 60 12 03 00 02 00 40 01 02 00 01 30 12 06 00 03 20 22 02 00 20 1E 02 00 20 20 02 00 01 03 55 07 05 00 00 00 00 00 01 01 03 06 00 00 1F 40 1C 07 E0 07 0F 00 00 00 1C 07 E0 07 0F 00 00 00 55 07 05 00 00 00 00 00 02 01 03 06 00 00 1F 40 1C 07 E0 07 0F 00 00 00 1C 07 E0 07 0F 00 00 00 55 07 05 00 00 00 00 00 01 01 03 06 00 00 1F 40 1C 07 E0 07 0F 00 00 00 1C 07 E0 07 0F 00 00 00 00 00 39 A8 16 
读取事件成功！
―――――――――――――――――――――――――――
读取事件记录_电能表清零事件
―――――――――――――――――――――――――――
发送时间：2016-09-12 15:24:33.343
发送内容：68 42 00 43 05 08 00 00 00 00 00 10 9B 00 05 03 31 60 12 03 00 07 07 E0 09 0D 00 00 00 07 E0 09 0D 17 3B 3B 00 00 00 01 02 00 40 01 02 00 01 30 13 06 00 03 20 22 02 00 20 1E 02 00 20 20 02 00 00 99 CF 16 
接收时间：2016-09-12 15:24:36.026
接收内容：68 92 00 C3 05 08 00 00 00 00 00 10 17 EA 85 03 31 60 12 03 00 02 00 40 01 02 00 01 30 13 06 00 03 20 22 02 00 20 1E 02 00 20 20 02 00 01 03 55 07 05 00 00 00 00 00 01 01 03 06 00 00 1F 40 1C 07 E0 07 0F 00 00 00 1C 07 E0 07 0F 00 00 00 55 07 05 00 00 00 00 00 02 01 03 06 00 00 1F 40 1C 07 E0 07 0F 00 00 00 1C 07 E0 07 0F 00 00 00 55 07 05 00 00 00 00 00 01 01 03 06 00 00 1F 40 1C 07 E0 07 0F 00 00 00 1C 07 E0 07 0F 00 00 00 00 00 3F 86 16 
读取事件成功！
―――――――――――――――――――――――――――
读取事件记录_电能表需量清零事件
―――――――――――――――――――――――――――
发送时间：2016-09-12 15:24:36.058
发送内容：68 42 00 43 05 08 00 00 00 00 00 10 9B 00 05 03 32 60 12 03 00 07 07 E0 09 0D 00 00 00 07 E0 09 0D 17 3B 3B 00 00 00 01 02 00 40 01 02 00 01 30 14 06 00 03 20 22 02 00 20 1E 02 00 20 20 02 00 00 15 D2 16 
接收时间：2016-09-12 15:24:38.694
接收内容：68 92 00 C3 05 08 00 00 00 00 00 10 17 EA 85 03 32 60 12 03 00 02 00 40 01 02 00 01 30 14 06 00 03 20 22 02 00 20 1E 02 00 20 20 02 00 01 03 55 07 05 00 00 00 00 00 01 01 03 06 00 00 1F 40 1C 07 E0 07 0F 00 00 00 1C 07 E0 07 0F 00 00 00 55 07 05 00 00 00 00 00 02 01 03 06 00 00 1F 40 1C 07 E0 07 0F 00 00 00 1C 07 E0 07 0F 00 00 00 55 07 05 00 00 00 00 00 01 01 03 06 00 00 1F 40 1C 07 E0 07 0F 00 00 00 1C 07 E0 07 0F 00 00 00 00 00 D0 29 16 
读取事件成功！
―――――――――――――――――――――――――――
读取事件记录_电能表事件清零事件
―――――――――――――――――――――――――――
发送时间：2016-09-12 15:24:38.741
发送内容：68 42 00 43 05 08 00 00 00 00 00 10 9B 00 05 03 33 60 12 03 00 07 07 E0 09 0D 00 00 00 07 E0 09 0D 17 3B 3B 00 00 00 01 02 00 40 01 02 00 01 30 15 06 00 03 20 22 02 00 20 1E 02 00 20 20 02 00 00 8A 1E 16 
接收时间：2016-09-12 15:24:41.377
接收内容：68 92 00 C3 05 08 00 00 00 00 00 10 17 EA 85 03 33 60 12 03 00 02 00 40 01 02 00 01 30 15 06 00 03 20 22 02 00 20 1E 02 00 20 20 02 00 01 03 55 07 05 00 00 00 00 00 01 01 03 06 00 00 1F 40 1C 07 E0 07 0F 00 00 00 1C 07 E0 07 0F 00 00 00 55 07 05 00 00 00 00 00 02 01 03 06 00 00 1F 40 1C 07 E0 07 0F 00 00 00 1C 07 E0 07 0F 00 00 00 55 07 05 00 00 00 00 00 01 01 03 06 00 00 1F 40 1C 07 E0 07 0F 00 00 00 1C 07 E0 07 0F 00 00 00 00 00 D6 07 16 
读取事件成功！
―――――――――――――――――――――――――――
读取事件记录_电能表校时事件
―――――――――――――――――――――――――――
发送时间：2016-09-12 15:24:41.408
发送内容：68 42 00 43 05 08 00 00 00 00 00 10 9B 00 05 03 34 60 12 03 00 07 07 E0 09 0D 00 00 00 07 E0 09 0D 17 3B 3B 00 00 00 01 02 00 40 01 02 00 01 30 16 06 00 03 20 22 02 00 20 1E 02 00 20 20 02 00 00 49 29 16 
接收时间：2016-09-12 15:24:44.029
接收内容：68 92 00 C3 05 08 00 00 00 00 00 10 17 EA 85 03 34 60 12 03 00 02 00 40 01 02 00 01 30 16 06 00 03 20 22 02 00 20 1E 02 00 20 20 02 00 01 03 55 07 05 00 00 00 00 00 01 01 03 06 00 00 1F 40 1C 07 E0 07 0F 00 00 00 1C 07 E0 07 0F 00 00 00 55 07 05 00 00 00 00 00 02 01 03 06 00 00 1F 40 1C 07 E0 07 0F 00 00 00 1C 07 E0 07 0F 00 00 00 55 07 05 00 00 00 00 00 01 01 03 06 00 00 1F 40 1C 07 E0 07 0F 00 00 00 1C 07 E0 07 0F 00 00 00 00 00 21 10 16 
读取事件成功！
―――――――――――――――――――――――――――
读取事件记录_电能表时段表编程事件
―――――――――――――――――――――――――――
发送时间：2016-09-12 15:24:44.060
发送内容：68 42 00 43 05 08 00 00 00 00 00 10 9B 00 05 03 35 60 12 03 00 07 07 E0 09 0D 00 00 00 07 E0 09 0D 17 3B 3B 00 00 00 01 02 00 40 01 02 00 01 30 17 06 00 03 20 22 02 00 20 1E 02 00 20 20 02 00 00 D6 E5 16 
接收时间：2016-09-12 15:24:46.790
接收内容：68 92 00 C3 05 08 00 00 00 00 00 10 17 EA 85 03 35 60 12 03 00 02 00 40 01 02 00 01 30 17 06 00 03 20 22 02 00 20 1E 02 00 20 20 02 00 01 03 55 07 05 00 00 00 00 00 01 01 03 06 00 00 1F 40 1C 07 E0 07 0F 00 00 00 1C 07 E0 07 0F 00 00 00 55 07 05 00 00 00 00 00 02 01 03 06 00 00 1F 40 1C 07 E0 07 0F 00 00 00 1C 07 E0 07 0F 00 00 00 55 07 05 00 00 00 00 00 01 01 03 06 00 00 1F 40 1C 07 E0 07 0F 00 00 00 1C 07 E0 07 0F 00 00 00 00 00 27 3E 16 
读取事件成功！
―――――――――――――――――――――――――――
读取事件记录_电能表时区表编程事件
―――――――――――――――――――――――――――
发送时间：2016-09-12 15:24:46.806
发送内容：68 42 00 43 05 08 00 00 00 00 00 10 9B 00 05 03 36 60 12 03 00 07 07 E0 09 0D 00 00 00 07 E0 09 0D 17 3B 3B 00 00 00 01 02 00 40 01 02 00 01 30 18 06 00 03 20 22 02 00 20 1E 02 00 20 20 02 00 00 22 78 16 
接收时间：2016-09-12 15:24:49.661
接收内容：68 92 00 C3 05 08 00 00 00 00 00 10 17 EA 85 03 36 60 12 03 00 02 00 40 01 02 00 01 30 18 06 00 03 20 22 02 00 20 1E 02 00 20 20 02 00 01 03 55 07 05 00 00 00 00 00 01 01 03 06 00 00 1F 40 1C 07 E0 07 0F 00 00 00 1C 07 E0 07 0F 00 00 00 55 07 05 00 00 00 00 00 02 01 03 06 00 00 1F 40 1C 07 E0 07 0F 00 00 00 1C 07 E0 07 0F 00 00 00 55 07 05 00 00 00 00 00 01 01 03 06 00 00 1F 40 1C 07 E0 07 0F 00 00 00 1C 07 E0 07 0F 00 00 00 00 00 13 22 16 
读取事件成功！
―――――――――――――――――――――――――――
读取事件记录_电能表周休日编程事件
―――――――――――――――――――――――――――
发送时间：2016-09-12 15:24:49.692
发送内容：68 42 00 43 05 08 00 00 00 00 00 10 9B 00 05 03 37 60 12 03 00 07 07 E0 09 0D 00 00 00 07 E0 09 0D 17 3B 3B 00 00 00 01 02 00 40 01 02 00 01 30 19 06 00 03 20 22 02 00 20 1E 02 00 20 20 02 00 00 BD B4 16 
接收时间：2016-09-12 15:24:52.328
接收内容：68 B2 00 C3 05 08 00 00 00 00 00 10 9D 08 85 03 37 60 12 03 00 02 00 40 01 02 00 01 30 19 06 00 03 20 22 02 00 20 1E 02 00 20 20 02 00 01 04 55 07 05 00 00 00 00 00 01 01 03 06 00 00 1F 40 1C 07 E0 07 0F 00 00 00 1C 07 E0 07 0F 00 00 00 55 07 05 00 00 00 00 00 02 01 03 06 00 00 1F 40 1C 07 E0 07 0F 00 00 00 1C 07 E0 07 0F 00 00 00 55 07 05 00 00 00 00 00 01 01 03 06 00 00 1F 40 1C 07 E0 07 0F 00 00 00 1C 07 E0 07 0F 00 00 00 55 07 05 00 00 00 00 00 02 01 03 06 00 00 1F 40 1C 07 E0 07 0F 00 00 00 1C 07 E0 07 0F 00 00 00 00 00 CA BA 16 
读取事件成功！
―――――――――――――――――――――――――――
读取事件记录_电能表结算日编程事件
―――――――――――――――――――――――――――
发送时间：2016-09-12 15:24:52.360
发送内容：68 42 00 43 05 08 00 00 00 00 00 10 9B 00 05 03 38 60 12 03 00 07 07 E0 09 0D 00 00 00 07 E0 09 0D 17 3B 3B 00 00 00 01 02 00 40 01 02 00 01 30 1A 06 00 03 20 22 02 00 20 1E 02 00 20 20 02 00 00 98 57 16 
接收时间：2016-09-12 15:24:54.980
接收内容：68 B2 00 C3 05 08 00 00 00 00 00 10 9D 08 85 03 38 60 12 03 00 02 00 40 01 02 00 01 30 1A 06 00 03 20 22 02 00 20 1E 02 00 20 20 02 00 01 04 55 07 05 00 00 00 00 00 01 01 03 06 00 00 1F 40 1C 07 E0 07 0F 00 00 00 1C 07 E0 07 0F 00 00 00 55 07 05 00 00 00 00 00 02 01 03 06 00 00 1F 40 1C 07 E0 07 0F 00 00 00 1C 07 E0 07 0F 00 00 00 55 07 05 00 00 00 00 00 01 01 03 06 00 00 1F 40 1C 07 E0 07 0F 00 00 00 1C 07 E0 07 0F 00 00 00 55 07 05 00 00 00 00 00 02 01 03 06 00 00 1F 40 1C 07 E0 07 0F 00 00 00 1C 07 E0 07 0F 00 00 00 00 00 FA C7 16 
读取事件成功！
―――――――――――――――――――――――――――
读取事件记录_电能表开盖事件
―――――――――――――――――――――――――――
发送时间：2016-09-12 15:24:55.027
发送内容：68 42 00 43 05 08 00 00 00 00 00 10 9B 00 05 03 39 60 12 03 00 07 07 E0 09 0D 00 00 00 07 E0 09 0D 17 3B 3B 00 00 00 01 02 00 40 01 02 00 01 30 1B 06 00 03 20 22 02 00 20 1E 02 00 20 20 02 00 00 07 9B 16 
接收时间：2016-09-12 15:24:57.679
接收内容：68 B2 00 C3 05 08 00 00 00 00 00 10 9D 08 85 03 39 60 12 03 00 02 00 40 01 02 00 01 30 1B 06 00 03 20 22 02 00 20 1E 02 00 20 20 02 00 01 04 55 07 05 00 00 00 00 00 01 01 03 06 00 00 1F 40 1C 07 E0 07 0F 00 00 00 1C 07 E0 07 0F 00 00 00 55 07 05 00 00 00 00 00 02 01 03 06 00 00 1F 40 1C 07 E0 07 0F 00 00 00 1C 07 E0 07 0F 00 00 00 55 07 05 00 00 00 00 00 01 01 03 06 00 00 1F 40 1C 07 E0 07 0F 00 00 00 1C 07 E0 07 0F 00 00 00 55 07 05 00 00 00 00 00 02 01 03 06 00 00 1F 40 1C 07 E0 07 0F 00 00 00 1C 07 E0 07 0F 00 00 00 00 00 E3 0C 16 
读取事件成功！
―――――――――――――――――――――――――――
读取事件记录_电能表开端钮盒事件
―――――――――――――――――――――――――――
发送时间：2016-09-12 15:24:57.695
发送内容：68 42 00 43 05 08 00 00 00 00 00 10 9B 00 05 03 3A 60 12 03 00 07 07 E0 09 0D 00 00 00 07 E0 09 0D 17 3B 3B 00 00 00 01 02 00 40 01 02 00 01 30 1C 06 00 03 20 22 02 00 20 1E 02 00 20 20 02 00 00 8B 86 16 
接收时间：2016-09-12 15:25:00.347
接收内容：68 B2 00 C3 05 08 00 00 00 00 00 10 9D 08 85 03 3A 60 12 03 00 02 00 40 01 02 00 01 30 1C 06 00 03 20 22 02 00 20 1E 02 00 20 20 02 00 01 04 55 07 05 00 00 00 00 00 01 01 03 06 00 00 1F 40 1C 07 E0 07 0F 00 00 00 1C 07 E0 07 0F 00 00 00 55 07 05 00 00 00 00 00 02 01 03 06 00 00 1F 40 1C 07 E0 07 0F 00 00 00 1C 07 E0 07 0F 00 00 00 55 07 05 00 00 00 00 00 01 01 03 06 00 00 1F 40 1C 07 E0 07 0F 00 00 00 1C 07 E0 07 0F 00 00 00 55 07 05 00 00 00 00 00 02 01 03 06 00 00 1F 40 1C 07 E0 07 0F 00 00 00 1C 07 E0 07 0F 00 00 00 00 00 87 8D 16 
读取事件成功！
―――――――――――――――――――――――――――
读取事件记录_电能表电压不平衡事件
―――――――――――――――――――――――――――
发送时间：2016-09-12 15:25:00.378
发送内容：68 42 00 43 05 08 00 00 00 00 00 10 9B 00 05 03 3B 60 12 03 00 07 07 E0 09 0D 00 00 00 07 E0 09 0D 17 3B 3B 00 00 00 01 02 00 40 01 02 00 01 30 1D 06 00 03 20 22 02 00 20 1E 02 00 20 20 02 00 00 14 4A 16 
接收时间：2016-09-12 15:25:02.999
接收内容：68 B2 00 C3 05 08 00 00 00 00 00 10 9D 08 85 03 3B 60 12 03 00 02 00 40 01 02 00 01 30 1D 06 00 03 20 22 02 00 20 1E 02 00 20 20 02 00 01 04 55 07 05 00 00 00 00 00 01 01 03 06 00 00 1F 40 1C 07 E0 07 0F 00 00 00 1C 07 E0 07 0F 00 00 00 55 07 05 00 00 00 00 00 02 01 03 06 00 00 1F 40 1C 07 E0 07 0F 00 00 00 1C 07 E0 07 0F 00 00 00 55 07 05 00 00 00 00 00 01 01 03 06 00 00 1F 40 1C 07 E0 07 0F 00 00 00 1C 07 E0 07 0F 00 00 00 55 07 05 00 00 00 00 00 02 01 03 06 00 00 1F 40 1C 07 E0 07 0F 00 00 00 1C 07 E0 07 0F 00 00 00 00 00 9E 46 16 
读取事件成功！
―――――――――――――――――――――――――――
读取事件记录_电能表电流不平衡事件
―――――――――――――――――――――――――――
发送时间：2016-09-12 15:25:03.046
发送内容：68 42 00 43 05 08 00 00 00 00 00 10 9B 00 05 03 3C 60 12 03 00 07 07 E0 09 0D 00 00 00 07 E0 09 0D 17 3B 3B 00 00 00 01 02 00 40 01 02 00 01 30 1E 06 00 03 20 22 02 00 20 1E 02 00 20 20 02 00 00 D7 7D 16 
接收时间：2016-09-12 15:25:05.682
接收内容：68 B2 00 C3 05 08 00 00 00 00 00 10 9D 08 85 03 3C 60 12 03 00 02 00 40 01 02 00 01 30 1E 06 00 03 20 22 02 00 20 1E 02 00 20 20 02 00 01 04 55 07 05 00 00 00 00 00 01 01 03 06 00 00 1F 40 1C 07 E0 07 0F 00 00 00 1C 07 E0 07 0F 00 00 00 55 07 05 00 00 00 00 00 02 01 03 06 00 00 1F 40 1C 07 E0 07 0F 00 00 00 1C 07 E0 07 0F 00 00 00 55 07 05 00 00 00 00 00 01 01 03 06 00 00 1F 40 1C 07 E0 07 0F 00 00 00 1C 07 E0 07 0F 00 00 00 55 07 05 00 00 00 00 00 02 01 03 06 00 00 1F 40 1C 07 E0 07 0F 00 00 00 1C 07 E0 07 0F 00 00 00 00 00 AD F3 16 
读取事件成功！
―――――――――――――――――――――――――――
读取事件记录_电能表跳闸事件
―――――――――――――――――――――――――――
发送时间：2016-09-12 15:25:05.698
发送内容：68 42 00 43 05 08 00 00 00 00 00 10 9B 00 05 03 3D 60 12 03 00 07 07 E0 09 0D 00 00 00 07 E0 09 0D 17 3B 3B 00 00 00 01 02 00 40 01 02 00 01 30 1F 06 00 03 20 22 02 00 20 1E 02 00 20 20 02 00 00 48 B1 16 
接收时间：2016-09-12 15:25:08.381
接收内容：68 B2 00 C3 05 08 00 00 00 00 00 10 9D 08 85 03 3D 60 12 03 00 02 00 40 01 02 00 01 30 1F 06 00 03 20 22 02 00 20 1E 02 00 20 20 02 00 01 04 55 07 05 00 00 00 00 00 01 01 03 06 00 00 1F 40 1C 07 E0 07 0F 00 00 00 1C 07 E0 07 0F 00 00 00 55 07 05 00 00 00 00 00 02 01 03 06 00 00 1F 40 1C 07 E0 07 0F 00 00 00 1C 07 E0 07 0F 00 00 00 55 07 05 00 00 00 00 00 01 01 03 06 00 00 1F 40 1C 07 E0 07 0F 00 00 00 1C 07 E0 07 0F 00 00 00 55 07 05 00 00 00 00 00 02 01 03 06 00 00 1F 40 1C 07 E0 07 0F 00 00 00 1C 07 E0 07 0F 00 00 00 00 00 B4 38 16 
读取事件成功！
―――――――――――――――――――――――――――
读取事件记录_电能表合闸事件
―――――――――――――――――――――――――――
发送时间：2016-09-12 15:25:08.381
发送内容：68 42 00 43 05 08 00 00 00 00 00 10 9B 00 05 03 3E 60 12 03 00 07 07 E0 09 0D 00 00 00 07 E0 09 0D 17 3B 3B 00 00 00 01 02 00 40 01 02 00 01 30 20 06 00 03 20 22 02 00 20 1E 02 00 20 20 02 00 00 9F 35 16 
接收时间：2016-09-12 15:25:11.126
接收内容：68 B2 00 C3 05 08 00 00 00 00 00 10 9D 08 85 03 3E 60 12 03 00 02 00 40 01 02 00 01 30 20 06 00 03 20 22 02 00 20 1E 02 00 20 20 02 00 01 04 55 07 05 00 00 00 00 00 01 01 03 06 00 00 1F 40 1C 07 E0 07 0F 00 00 00 1C 07 E0 07 0F 00 00 00 55 07 05 00 00 00 00 00 02 01 03 06 00 00 1F 40 1C 07 E0 07 0F 00 00 00 1C 07 E0 07 0F 00 00 00 55 07 05 00 00 00 00 00 01 01 03 06 00 00 1F 40 1C 07 E0 07 0F 00 00 00 1C 07 E0 07 0F 00 00 00 55 07 05 00 00 00 00 00 02 01 03 06 00 00 1F 40 1C 07 E0 07 0F 00 00 00 1C 07 E0 07 0F 00 00 00 00 00 A0 C2 16 
读取事件成功！
―――――――――――――――――――――――――――
读取事件记录_电能表节假日编程事件
―――――――――――――――――――――――――――
发送时间：2016-09-12 15:25:11.142
发送内容：68 42 00 43 05 08 00 00 00 00 00 10 9B 00 05 03 3F 60 12 03 00 07 07 E0 09 0D 00 00 00 07 E0 09 0D 17 3B 3B 00 00 00 01 02 00 40 01 02 00 01 30 21 06 00 03 20 22 02 00 20 1E 02 00 20 20 02 00 00 00 F9 16 
接收时间：2016-09-12 15:25:13.919
接收内容：68 B2 00 C3 05 08 00 00 00 00 00 10 9D 08 85 03 3F 60 12 03 00 02 00 40 01 02 00 01 30 21 06 00 03 20 22 02 00 20 1E 02 00 20 20 02 00 01 04 55 07 05 00 00 00 00 00 01 01 03 06 00 00 1F 40 1C 07 E0 07 0F 00 00 00 1C 07 E0 07 0F 00 00 00 55 07 05 00 00 00 00 00 02 01 03 06 00 00 1F 40 1C 07 E0 07 0F 00 00 00 1C 07 E0 07 0F 00 00 00 55 07 05 00 00 00 00 00 01 01 03 06 00 00 1F 40 1C 07 E0 07 0F 00 00 00 1C 07 E0 07 0F 00 00 00 55 07 05 00 00 00 00 00 02 01 03 06 00 00 1F 40 1C 07 E0 07 0F 00 00 00 1C 07 E0 07 0F 00 00 00 00 00 B9 09 16 
读取事件成功！
―――――――――――――――――――――――――――
读取事件记录_电能表有功组合方式编程事件
―――――――――――――――――――――――――――
发送时间：2016-09-12 15:25:13.934
发送内容：68 42 00 43 05 08 00 00 00 00 00 10 9B 00 05 03 00 60 12 03 00 07 07 E0 09 0D 00 00 00 07 E0 09 0D 17 3B 3B 00 00 00 01 02 00 40 01 02 00 01 30 22 06 00 03 20 22 02 00 20 1E 02 00 20 20 02 00 00 53 F0 16 
接收时间：2016-09-12 15:25:16.727
接收内容：68 B2 00 C3 05 08 00 00 00 00 00 10 9D 08 85 03 00 60 12 03 00 02 00 40 01 02 00 01 30 22 06 00 03 20 22 02 00 20 1E 02 00 20 20 02 00 01 04 55 07 05 00 00 00 00 00 01 01 03 06 00 00 1F 40 1C 07 E0 07 0F 00 00 00 1C 07 E0 07 0F 00 00 00 55 07 05 00 00 00 00 00 02 01 03 06 00 00 1F 40 1C 07 E0 07 0F 00 00 00 1C 07 E0 07 0F 00 00 00 55 07 05 00 00 00 00 00 01 01 03 06 00 00 1F 40 1C 07 E0 07 0F 00 00 00 1C 07 E0 07 0F 00 00 00 55 07 05 00 00 00 00 00 02 01 03 06 00 00 1F 40 1C 07 E0 07 0F 00 00 00 1C 07 E0 07 0F 00 00 00 00 00 A1 D4 16 
读取事件成功！
―――――――――――――――――――――――――――
读取事件记录_电能表无功组合方式编程事件
―――――――――――――――――――――――――――
发送时间：2016-09-12 15:25:16.758
发送内容：68 42 00 43 05 08 00 00 00 00 00 10 9B 00 05 03 01 60 12 03 00 07 07 E0 09 0D 00 00 00 07 E0 09 0D 17 3B 3B 00 00 00 01 02 00 40 01 02 00 01 30 23 06 00 03 20 22 02 00 20 1E 02 00 20 20 02 00 00 CC 3C 16 
接收时间：2016-09-12 15:25:19.550
接收内容：68 B2 00 C3 05 08 00 00 00 00 00 10 9D 08 85 03 01 60 12 03 00 02 00 40 01 02 00 01 30 23 06 00 03 20 22 02 00 20 1E 02 00 20 20 02 00 01 04 55 07 05 00 00 00 00 00 01 01 03 06 00 00 1F 40 1C 07 E0 07 0F 00 00 00 1C 07 E0 07 0F 00 00 00 55 07 05 00 00 00 00 00 02 01 03 06 00 00 1F 40 1C 07 E0 07 0F 00 00 00 1C 07 E0 07 0F 00 00 00 55 07 05 00 00 00 00 00 01 01 03 06 00 00 1F 40 1C 07 E0 07 0F 00 00 00 1C 07 E0 07 0F 00 00 00 55 07 05 00 00 00 00 00 02 01 03 06 00 00 1F 40 1C 07 E0 07 0F 00 00 00 1C 07 E0 07 0F 00 00 00 00 00 B8 1F 16 
读取事件成功！
―――――――――――――――――――――――――――
读取事件记录_电能表费率参数表编程事件
―――――――――――――――――――――――――――
发送时间：2016-09-12 15:25:19.566
发送内容：68 42 00 43 05 08 00 00 00 00 00 10 9B 00 05 03 02 60 12 03 00 07 07 E0 09 0D 00 00 00 07 E0 09 0D 17 3B 3B 00 00 00 01 02 00 40 01 02 00 01 30 24 06 00 03 20 22 02 00 20 1E 02 00 20 20 02 00 00 40 21 16 
接收时间：2016-09-12 15:25:22.358
接收内容：68 B2 00 C3 05 08 00 00 00 00 00 10 9D 08 85 03 02 60 12 03 00 02 00 40 01 02 00 01 30 24 06 00 03 20 22 02 00 20 1E 02 00 20 20 02 00 01 04 55 07 05 00 00 00 00 00 01 01 03 06 00 00 1F 40 1C 07 E0 07 0F 00 00 00 1C 07 E0 07 0F 00 00 00 55 07 05 00 00 00 00 00 02 01 03 06 00 00 1F 40 1C 07 E0 07 0F 00 00 00 1C 07 E0 07 0F 00 00 00 55 07 05 00 00 00 00 00 01 01 03 06 00 00 1F 40 1C 07 E0 07 0F 00 00 00 1C 07 E0 07 0F 00 00 00 55 07 05 00 00 00 00 00 02 01 03 06 00 00 1F 40 1C 07 E0 07 0F 00 00 00 1C 07 E0 07 0F 00 00 00 00 00 DC 9E 16 
读取事件成功！
―――――――――――――――――――――――――――
读取事件记录_电能表阶梯表编程事件
―――――――――――――――――――――――――――
发送时间：2016-09-12 15:25:22.390
发送内容：68 42 00 43 05 08 00 00 00 00 00 10 9B 00 05 03 03 60 12 03 00 07 07 E0 09 0D 00 00 00 07 E0 09 0D 17 3B 3B 00 00 00 01 02 00 40 01 02 00 01 30 25 06 00 03 20 22 02 00 20 1E 02 00 20 20 02 00 00 DF ED 16 
接收时间：2016-09-12 15:25:25.151
接收内容：68 B2 00 C3 05 08 00 00 00 00 00 10 9D 08 85 03 03 60 12 03 00 02 00 40 01 02 00 01 30 25 06 00 03 20 22 02 00 20 1E 02 00 20 20 02 00 01 04 55 07 05 00 00 00 00 00 01 01 03 06 00 00 1F 40 1C 07 E0 07 0F 00 00 00 1C 07 E0 07 0F 00 00 00 55 07 05 00 00 00 00 00 02 01 03 06 00 00 1F 40 1C 07 E0 07 0F 00 00 00 1C 07 E0 07 0F 00 00 00 55 07 05 00 00 00 00 00 01 01 03 06 00 00 1F 40 1C 07 E0 07 0F 00 00 00 1C 07 E0 07 0F 00 00 00 55 07 05 00 00 00 00 00 02 01 03 06 00 00 1F 40 1C 07 E0 07 0F 00 00 00 1C 07 E0 07 0F 00 00 00 00 00 C5 55 16 
读取事件成功！
―――――――――――――――――――――――――――
读取事件记录_电能表密钥更新事件
―――――――――――――――――――――――――――
发送时间：2016-09-12 15:25:25.182
发送内容：68 42 00 43 05 08 00 00 00 00 00 10 9B 00 05 03 04 60 12 03 00 07 07 E0 09 0D 00 00 00 07 E0 09 0D 17 3B 3B 00 00 00 01 02 00 40 01 02 00 01 30 26 06 00 03 20 22 02 00 20 1E 02 00 20 20 02 00 00 1C DA 16 
接收时间：2016-09-12 15:25:27.974
接收内容：68 B2 00 C3 05 08 00 00 00 00 00 10 9D 08 85 03 04 60 12 03 00 02 00 40 01 02 00 01 30 26 06 00 03 20 22 02 00 20 1E 02 00 20 20 02 00 01 04 55 07 05 00 00 00 00 00 01 01 03 06 00 00 1F 40 1C 07 E0 07 0F 00 00 00 1C 07 E0 07 0F 00 00 00 55 07 05 00 00 00 00 00 02 01 03 06 00 00 1F 40 1C 07 E0 07 0F 00 00 00 1C 07 E0 07 0F 00 00 00 55 07 05 00 00 00 00 00 01 01 03 06 00 00 1F 40 1C 07 E0 07 0F 00 00 00 1C 07 E0 07 0F 00 00 00 55 07 05 00 00 00 00 00 02 01 03 06 00 00 1F 40 1C 07 E0 07 0F 00 00 00 1C 07 E0 07 0F 00 00 00 00 00 F6 E0 16 
读取事件成功！
―――――――――――――――――――――――――――
读取事件记录_电能表异常插卡事件
―――――――――――――――――――――――――――
发送时间：2016-09-12 15:25:28.006
发送内容：68 42 00 43 05 08 00 00 00 00 00 10 9B 00 05 03 05 60 12 03 00 07 07 E0 09 0D 00 00 00 07 E0 09 0D 17 3B 3B 00 00 00 01 02 00 40 01 02 00 01 30 27 06 00 03 20 22 02 00 20 1E 02 00 20 20 02 00 00 83 16 16 
接收时间：2016-09-12 15:25:30.782
接收内容：68 B2 00 C3 05 08 00 00 00 00 00 10 9D 08 85 03 05 60 12 03 00 02 00 40 01 02 00 01 30 27 06 00 03 20 22 02 00 20 1E 02 00 20 20 02 00 01 04 55 07 05 00 00 00 00 00 01 01 03 06 00 00 1F 40 1C 07 E0 07 0F 00 00 00 1C 07 E0 07 0F 00 00 00 55 07 05 00 00 00 00 00 02 01 03 06 00 00 1F 40 1C 07 E0 07 0F 00 00 00 1C 07 E0 07 0F 00 00 00 55 07 05 00 00 00 00 00 01 01 03 06 00 00 1F 40 1C 07 E0 07 0F 00 00 00 1C 07 E0 07 0F 00 00 00 55 07 05 00 00 00 00 00 02 01 03 06 00 00 1F 40 1C 07 E0 07 0F 00 00 00 1C 07 E0 07 0F 00 00 00 00 00 EF 2B 16 
读取事件成功！
―――――――――――――――――――――――――――
读取事件记录_电能表购电记录
―――――――――――――――――――――――――――
发送时间：2016-09-12 15:25:30.814
发送内容：68 42 00 43 05 08 00 00 00 00 00 10 9B 00 05 03 06 60 12 03 00 07 07 E0 09 0D 00 00 00 07 E0 09 0D 17 3B 3B 00 00 00 01 02 00 40 01 02 00 01 30 28 06 00 03 20 22 02 00 20 1E 02 00 20 20 02 00 00 77 8B 16 
接收时间：2016-09-12 15:25:33.622
接收内容：68 B2 00 C3 05 08 00 00 00 00 00 10 9D 08 85 03 06 60 12 03 00 02 00 40 01 02 00 01 30 28 06 00 03 20 22 02 00 20 1E 02 00 20 20 02 00 01 04 55 07 05 00 00 00 00 00 01 01 03 06 00 00 1F 40 1C 07 E0 07 0F 00 00 00 1C 07 E0 07 0F 00 00 00 55 07 05 00 00 00 00 00 02 01 03 06 00 00 1F 40 1C 07 E0 07 0F 00 00 00 1C 07 E0 07 0F 00 00 00 55 07 05 00 00 00 00 00 01 01 03 06 00 00 1F 40 1C 07 E0 07 0F 00 00 00 1C 07 E0 07 0F 00 00 00 55 07 05 00 00 00 00 00 02 01 03 06 00 00 1F 40 1C 07 E0 07 0F 00 00 00 1C 07 E0 07 0F 00 00 00 00 00 26 0A 16 
读取事件成功！
―――――――――――――――――――――――――――
读取事件记录_电能表退费记录
―――――――――――――――――――――――――――
发送时间：2016-09-12 15:25:33.653
发送内容：68 42 00 43 05 08 00 00 00 00 00 10 9B 00 05 03 07 60 12 03 00 07 07 E0 09 0D 00 00 00 07 E0 09 0D 17 3B 3B 00 00 00 01 02 00 40 01 02 00 01 30 29 06 00 03 20 22 02 00 20 1E 02 00 20 20 02 00 00 E8 47 16 
接收时间：2016-09-12 15:25:36.445
接收内容：68 B2 00 C3 05 08 00 00 00 00 00 10 9D 08 85 03 07 60 12 03 00 02 00 40 01 02 00 01 30 29 06 00 03 20 22 02 00 20 1E 02 00 20 20 02 00 01 04 55 07 05 00 00 00 00 00 01 01 03 06 00 00 1F 40 1C 07 E0 07 0F 00 00 00 1C 07 E0 07 0F 00 00 00 55 07 05 00 00 00 00 00 02 01 03 06 00 00 1F 40 1C 07 E0 07 0F 00 00 00 1C 07 E0 07 0F 00 00 00 55 07 05 00 00 00 00 00 01 01 03 06 00 00 1F 40 1C 07 E0 07 0F 00 00 00 1C 07 E0 07 0F 00 00 00 55 07 05 00 00 00 00 00 02 01 03 06 00 00 1F 40 1C 07 E0 07 0F 00 00 00 1C 07 E0 07 0F 00 00 00 00 00 3F C1 16 
读取事件成功！
―――――――――――――――――――――――――――
读取事件记录_电能表恒定磁场干扰事件
―――――――――――――――――――――――――――
发送时间：2016-09-12 15:25:36.476
发送内容：68 42 00 43 05 08 00 00 00 00 00 10 9B 00 05 03 08 60 12 03 00 07 07 E0 09 0D 00 00 00 07 E0 09 0D 17 3B 3B 00 00 00 01 02 00 40 01 02 00 01 30 2A 06 00 03 20 22 02 00 20 1E 02 00 20 20 02 00 00 CD A4 16 
接收时间：2016-09-12 15:25:39.253
接收内容：68 B2 00 C3 05 08 00 00 00 00 00 10 9D 08 85 03 08 60 12 03 00 02 00 40 01 02 00 01 30 2A 06 00 03 20 22 02 00 20 1E 02 00 20 20 02 00 01 04 55 07 05 00 00 00 00 00 01 01 03 06 00 00 1F 40 1C 07 E0 07 0F 00 00 00 1C 07 E0 07 0F 00 00 00 55 07 05 00 00 00 00 00 02 01 03 06 00 00 1F 40 1C 07 E0 07 0F 00 00 00 1C 07 E0 07 0F 00 00 00 55 07 05 00 00 00 00 00 01 01 03 06 00 00 1F 40 1C 07 E0 07 0F 00 00 00 1C 07 E0 07 0F 00 00 00 55 07 05 00 00 00 00 00 02 01 03 06 00 00 1F 40 1C 07 E0 07 0F 00 00 00 1C 07 E0 07 0F 00 00 00 00 00 0F BC 16 
读取事件成功！
―――――――――――――――――――――――――――
读取事件记录_电能表负荷开关误动作事件
―――――――――――――――――――――――――――
发送时间：2016-09-12 15:25:39.284
发送内容：68 42 00 43 05 08 00 00 00 00 00 10 9B 00 05 03 09 60 12 03 00 07 07 E0 09 0D 00 00 00 07 E0 09 0D 17 3B 3B 00 00 00 01 02 00 40 01 02 00 01 30 2B 06 00 03 20 22 02 00 20 1E 02 00 20 20 02 00 00 52 68 16 
接收时间：2016-09-12 15:25:42.046
接收内容：68 B2 00 C3 05 08 00 00 00 00 00 10 9D 08 85 03 09 60 12 03 00 02 00 40 01 02 00 01 30 2B 06 00 03 20 22 02 00 20 1E 02 00 20 20 02 00 01 04 55 07 05 00 00 00 00 00 01 01 03 06 00 00 1F 40 1C 07 E0 07 0F 00 00 00 1C 07 E0 07 0F 00 00 00 55 07 05 00 00 00 00 00 02 01 03 06 00 00 1F 40 1C 07 E0 07 0F 00 00 00 1C 07 E0 07 0F 00 00 00 55 07 05 00 00 00 00 00 01 01 03 06 00 00 1F 40 1C 07 E0 07 0F 00 00 00 1C 07 E0 07 0F 00 00 00 55 07 05 00 00 00 00 00 02 01 03 06 00 00 1F 40 1C 07 E0 07 0F 00 00 00 1C 07 E0 07 0F 00 00 00 00 00 16 77 16 
读取事件成功！
―――――――――――――――――――――――――――
读取事件记录_电能表电源异常事件
―――――――――――――――――――――――――――
发送时间：2016-09-12 15:25:42.092
发送内容：68 42 00 43 05 08 00 00 00 00 00 10 9B 00 05 03 0A 60 12 03 00 07 07 E0 09 0D 00 00 00 07 E0 09 0D 17 3B 3B 00 00 00 01 02 00 40 01 02 00 01 30 2C 06 00 03 20 22 02 00 20 1E 02 00 20 20 02 00 00 DE 75 16 
接收时间：2016-09-12 15:25:44.885
接收内容：68 B2 00 C3 05 08 00 00 00 00 00 10 9D 08 85 03 0A 60 12 03 00 02 00 40 01 02 00 01 30 2C 06 00 03 20 22 02 00 20 1E 02 00 20 20 02 00 01 04 55 07 05 00 00 00 00 00 01 01 03 06 00 00 1F 40 1C 07 E0 07 0F 00 00 00 1C 07 E0 07 0F 00 00 00 55 07 05 00 00 00 00 00 02 01 03 06 00 00 1F 40 1C 07 E0 07 0F 00 00 00 1C 07 E0 07 0F 00 00 00 55 07 05 00 00 00 00 00 01 01 03 06 00 00 1F 40 1C 07 E0 07 0F 00 00 00 1C 07 E0 07 0F 00 00 00 55 07 05 00 00 00 00 00 02 01 03 06 00 00 1F 40 1C 07 E0 07 0F 00 00 00 1C 07 E0 07 0F 00 00 00 00 00 72 F6 16 
读取事件成功！
―――――――――――――――――――――――――――
读取事件记录_电能表电流严重不平衡事件
―――――――――――――――――――――――――――
发送时间：2016-09-12 15:25:44.916
发送内容：68 42 00 43 05 08 00 00 00 00 00 10 9B 00 05 03 0B 60 12 03 00 07 07 E0 09 0D 00 00 00 07 E0 09 0D 17 3B 3B 00 00 00 01 02 00 40 01 02 00 01 30 2D 06 00 03 20 22 02 00 20 1E 02 00 20 20 02 00 00 41 B9 16 
接收时间：2016-09-12 15:25:47.786
接收内容：68 B2 00 C3 05 08 00 00 00 00 00 10 9D 08 85 03 0B 60 12 03 00 02 00 40 01 02 00 01 30 2D 06 00 03 20 22 02 00 20 1E 02 00 20 20 02 00 01 04 55 07 05 00 00 00 00 00 01 01 03 06 00 00 1F 40 1C 07 E0 07 0F 00 00 00 1C 07 E0 07 0F 00 00 00 55 07 05 00 00 00 00 00 02 01 03 06 00 00 1F 40 1C 07 E0 07 0F 00 00 00 1C 07 E0 07 0F 00 00 00 55 07 05 00 00 00 00 00 01 01 03 06 00 00 1F 40 1C 07 E0 07 0F 00 00 00 1C 07 E0 07 0F 00 00 00 55 07 05 00 00 00 00 00 02 01 03 06 00 00 1F 40 1C 07 E0 07 0F 00 00 00 1C 07 E0 07 0F 00 00 00 00 00 6B 3D 16 
读取事件成功！
―――――――――――――――――――――――――――
读取事件记录_电能表时钟故障事件
―――――――――――――――――――――――――――
发送时间：2016-09-12 15:25:47.833
发送内容：68 42 00 43 05 08 00 00 00 00 00 10 9B 00 05 03 0C 60 12 03 00 07 07 E0 09 0D 00 00 00 07 E0 09 0D 17 3B 3B 00 00 00 01 02 00 40 01 02 00 01 30 2E 06 00 03 20 22 02 00 20 1E 02 00 20 20 02 00 00 82 8E 16 
接收时间：2016-09-12 15:25:50.626
接收内容：68 B2 00 C3 05 08 00 00 00 00 00 10 9D 08 85 03 0C 60 12 03 00 02 00 40 01 02 00 01 30 2E 06 00 03 20 22 02 00 20 1E 02 00 20 20 02 00 01 04 55 07 05 00 00 00 00 00 01 01 03 06 00 00 1F 40 1C 07 E0 07 0F 00 00 00 1C 07 E0 07 0F 00 00 00 55 07 05 00 00 00 00 00 02 01 03 06 00 00 1F 40 1C 07 E0 07 0F 00 00 00 1C 07 E0 07 0F 00 00 00 55 07 05 00 00 00 00 00 01 01 03 06 00 00 1F 40 1C 07 E0 07 0F 00 00 00 1C 07 E0 07 0F 00 00 00 55 07 05 00 00 00 00 00 02 01 03 06 00 00 1F 40 1C 07 E0 07 0F 00 00 00 1C 07 E0 07 0F 00 00 00 00 00 58 88 16 
读取事件成功！
―――――――――――――――――――――――――――
读取事件记录_电能表计量芯片故障事件
―――――――――――――――――――――――――――
发送时间：2016-09-12 15:25:50.704
发送内容：68 42 00 43 05 08 00 00 00 00 00 10 9B 00 05 03 0D 60 12 03 00 07 07 E0 09 0D 00 00 00 07 E0 09 0D 17 3B 3B 00 00 00 01 02 00 40 01 02 00 01 30 2F 06 00 03 20 22 02 00 20 1E 02 00 20 20 02 00 00 1D 42 16 
接收时间：2016-09-12 15:25:53.480
接收内容：68 B2 00 C3 05 08 00 00 00 00 00 10 9D 08 85 03 0D 60 12 03 00 02 00 40 01 02 00 01 30 2F 06 00 03 20 22 02 00 20 1E 02 00 20 20 02 00 01 04 55 07 05 00 00 00 00 00 01 01 03 06 00 00 1F 40 1C 07 E0 07 0F 00 00 00 1C 07 E0 07 0F 00 00 00 55 07 05 00 00 00 00 00 02 01 03 06 00 00 1F 40 1C 07 E0 07 0F 00 00 00 1C 07 E0 07 0F 00 00 00 55 07 05 00 00 00 00 00 01 01 03 06 00 00 1F 40 1C 07 E0 07 0F 00 00 00 1C 07 E0 07 0F 00 00 00 55 07 05 00 00 00 00 00 02 01 03 06 00 00 1F 40 1C 07 E0 07 0F 00 00 00 1C 07 E0 07 0F 00 00 00 00 00 41 43 16 
读取事件成功！
――――――――――
检测结论：合格
――――――――――
==================================================
33. 电能表全事件采集  测试结束  表位号：8
==================================================