
==================================================
2. 时钟召测与对时  测试开始  表位号：8
==================================================
―――――――――――――――――――――――――――
设置时钟
―――――――――――――――――――――――――――
发送时间：2016-09-11 18:30:00.447
发送内容：68 1F 00 43 05 08 00 00 00 00 00 10 B5 0B 06 01 04 40 00 02 00 1C 07 E0 09 0B 12 1E 00 00 05 69 16 
接收时间：2016-09-11 18:30:02.163
接收内容：68 19 00 C3 05 08 00 00 00 00 00 10 15 3A 86 01 04 40 00 02 00 00 00 00 57 A0 16 
设置时钟 成功。
―――――――――――――――――――――――――――
延时等待 20 秒…
―――――――――――――――――――――――――――
延时等待结束。
―――――――――――――――――――――――――――
读取时钟
―――――――――――――――――――――――――――
发送时间：2016-09-11 18:30:22.521
发送内容：68 17 00 43 05 08 00 00 00 00 00 10 1F B7 05 01 05 40 00 02 00 00 D1 0B 16 
接收时间：2016-09-11 18:30:22.645
接收内容：68 21 00 C3 05 08 00 00 00 00 00 10 70 15 85 01 05 40 00 02 00 01 1C 07 E0 09 0B 12 1E 15 00 00 2A FB 16 
终端时钟：2016-09-11 18:30:21
时钟误差：1
――――――――――
检测结论：合格
――――――――――
==================================================
2. 时钟召测与对时  测试结束  表位号：8
==================================================