
==================================================
53. 日计时误差  测试开始  表位号：8
==================================================
―――――――――――――――――――――――――――
操作台体，停止计时误差测试
―――――――――――――――――――――――――――
发送时间：2016-09-12 10:19:49.614
发送内容：cmd=0411,data=7;60;2
接收时间：2016-09-12 10:19:51.065
接收内容：CMD=0411,RET=0,DATA=NULL
成功
―――――――――――――――――――――――――――
操作台体，设置计时误差参数
―――――――――――――――――――――――――――
发送时间：2016-09-12 10:19:51.065
发送内容：cmd=0411,data=8;60;2
接收时间：2016-09-12 10:19:52.313
接收内容：CMD=0411,RET=0,DATA=NULL
成功
―――――――――――――――――――――――――――
延时等待 180 秒...
―――――――――――――――――――――――――――
延时等待结束。
―――――――――――――――――――――――――――
操作台体，读取计时误差测试结果
―――――――――――――――――――――――――――
发送时间：2016-09-12 10:22:58.405
发送内容：cmd=0413,data=8
接收时间：2016-09-12 10:22:58.483
接收内容：CMD=0413,RET=0,DATA=50.40003
数据：50.40003
―――――――――――――――――――――――――――
操作台体，停止计时误差测试
―――――――――――――――――――――――――――
发送时间：2016-09-12 10:22:58.483
发送内容：cmd=0412,data=8
接收时间：2016-09-12 10:22:58.639
接收内容：CMD=0412,RET=0,DATA=NULL
成功
――――――――――
检测结论：合格
――――――――――
==================================================
53. 日计时误差  测试结束  表位号：8
==================================================