
==================================================
22. 终端对时事件  测试开始  表位号：8
==================================================
―――――――――――――――――――――――――――
数据区初始化
―――――――――――――――――――――――――――
发送时间：2016-09-11 19:10:27.592
发送内容：68 18 00 43 05 08 00 00 00 00 00 10 53 AB 07 01 18 43 00 03 00 00 00 CD 27 16 
接收时间：2016-09-11 19:10:27.717
接收内容：68 1A 00 C3 05 08 00 00 00 00 00 10 A6 C4 87 01 18 43 00 03 00 00 00 00 00 33 B2 16 

―――――――――――――――――――――――――――
延时等待 120 秒…
―――――――――――――――――――――――――――
延时等待结束。
―――――――――――――――――――――――――――
终端校时到 2016-09-11 23:59:50
―――――――――――――――――――――――――――
发送时间：2016-09-11 19:12:29.415
发送内容：68 1F 00 43 05 08 00 00 00 00 00 10 B5 0B 06 01 19 40 00 02 00 1C 07 E0 09 0B 17 3B 32 00 21 0C 16 
接收时间：2016-09-11 19:12:30.663
接收内容：68 19 00 C3 05 08 00 00 00 00 00 10 15 3A 86 01 19 40 00 02 00 00 00 00 F2 41 16 

―――――――――――――――――――――――――――
延时等待 10 秒…
―――――――――――――――――――――――――――
延时等待结束。
―――――――――――――――――――――――――――
读取终端对时事件
―――――――――――――――――――――――――――
发送时间：2016-09-11 19:12:40.803
发送内容：68 29 00 43 05 08 00 00 00 00 00 10 0D 6D 05 03 1A 31 14 02 00 09 01 03 00 20 22 02 00 00 20 1E 02 00 00 20 20 02 00 00 45 D7 16 
接收时间：2016-09-11 19:12:40.912
接收内容：68 3F 00 C3 05 08 00 00 00 00 00 10 E8 2D 85 03 1A 31 14 02 00 03 00 20 22 02 00 00 20 1E 02 00 00 20 20 02 00 01 01 06 00 00 00 00 1C 07 E0 09 0B 17 3B 33 1C 07 E0 09 0B 17 3B 33 00 00 03 49 16 
事件个数：[1]
读取终端对时事件成功！
――――――――――
检测结论：合格
――――――――――
==================================================
22. 终端对时事件  测试结束  表位号：8
==================================================