==================================================
26. 电能表时钟超差事件  测试开始  表位号：8
==================================================
―――――――――――――――――――――――――――
清空采集任务配置表
―――――――――――――――――――――――――――
发送时间：2016-09-11 20:39:15.861
发送内容：68 18 00 43 05 08 00 00 00 00 00 10 53 AB 07 01 00 60 12 81 00 00 00 25 73 16 
接收时间：2016-09-11 20:39:15.985
接收内容：68 1A 00 C3 05 08 00 00 00 00 00 10 A6 C4 87 01 00 60 12 81 00 00 00 00 00 CB 81 16 
清空任务配置表成功！
―――――――――――――――――――――――――――
清空事件采集方案
―――――――――――――――――――――――――――
发送时间：2016-09-11 20:39:15.985
发送内容：68 18 00 43 05 08 00 00 00 00 00 10 53 AB 07 01 01 60 16 81 00 00 00 E0 C1 16 
接收时间：2016-09-11 20:39:16.095
接收内容：68 1A 00 C3 05 08 00 00 00 00 00 10 A6 C4 87 01 01 60 16 81 00 00 00 00 00 40 A3 16 
清空事件采集方案 成功。
―――――――――――――――――――――――――――
禁止终端主动上报
―――――――――――――――――――――――――――
发送时间：2016-09-11 20:39:16.095
发送内容：68 19 00 43 05 08 00 00 00 00 00 10 C2 FE 06 01 02 43 00 08 00 03 00 00 B2 14 16 
接收时间：2016-09-11 20:39:16.282
接收内容：68 19 00 C3 05 08 00 00 00 00 00 10 15 3A 86 01 02 43 00 08 00 00 00 00 20 59 16 
禁止终端主动上报 成功。
―――――――――――――――――――――――――――
设置电能表时钟超差事件参数
―――――――――――――――――――――――――――
发送时间：2016-09-11 20:39:16.282
发送内容：68 1C 00 43 05 08 00 00 00 00 00 10 06 F5 06 01 03 31 05 06 00 02 01 12 00 64 00 1C 9C 16 
接收时间：2016-09-11 20:39:16.407
接收内容：68 19 00 C3 05 08 00 00 00 00 00 10 15 3A 86 01 03 31 05 06 00 00 00 00 57 8B 16 
设置电能表时钟超差配置参数 成功。
―――――――――――――――――――――――――――
数据区初始化
―――――――――――――――――――――――――――
发送时间：2016-09-11 20:39:16.407
发送内容：68 18 00 43 05 08 00 00 00 00 00 10 53 AB 07 01 04 43 00 03 00 00 00 9E 23 16 
接收时间：2016-09-11 20:39:16.531
接收内容：68 1A 00 C3 05 08 00 00 00 00 00 10 A6 C4 87 01 04 43 00 03 00 00 00 00 00 88 0D 16 
数据区初始化 成功！
―――――――――――――――――――――――――――
等待 120 秒…
―――――――――――――――――――――――――――
延时等待结束。
―――――――――――――――――――――――――――
下装普通采集方案
―――――――――――――――――――――――――――
发送时间：2016-09-11 20:41:18.210
发送内容：68 31 00 43 05 08 00 00 00 00 00 10 E2 A0 07 01 05 60 14 7F 00 01 01 02 06 11 01 12 01 00 02 02 11 00 00 01 01 5B 00 40 00 02 00 5C 01 16 02 00 54 F4 16 
接收时间：2016-09-11 20:41:18.319
接收内容：68 1A 00 C3 05 08 00 00 00 00 00 10 A6 C4 87 01 05 60 14 7F 00 00 00 00 00 1F 52 16 
下装普通采集方案 成功！
―――――――――――――――――――――――――――
下装采集任务
―――――――――――――――――――――――――――
发送时间：2016-09-11 20:41:18.319
发送内容：68 53 00 43 05 08 00 00 00 00 00 10 4F 24 07 01 06 60 12 7F 00 01 01 02 0C 11 01 54 03 00 01 16 01 11 01 1C 07 E0 09 0C 00 02 00 1C 08 33 09 09 09 09 09 54 00 00 00 16 02 16 01 12 00 00 12 00 00 02 02 16 00 01 01 02 04 11 00 11 00 11 17 11 3B 00 E6 E4 16 
接收时间：2016-09-11 20:41:18.491
接收内容：68 1A 00 C3 05 08 00 00 00 00 00 10 A6 C4 87 01 06 60 12 7F 00 00 00 00 00 D5 DC 16 
下装采集任务 成功！
―――――――――――――――――――――――――――
终端校时到 2016-09-11 23:59:50
―――――――――――――――――――――――――――
发送时间：2016-09-11 20:41:18.491
发送内容：68 1F 00 43 05 08 00 00 00 00 00 10 B5 0B 06 01 07 40 00 02 00 1C 07 E0 09 0B 17 3B 32 00 F8 3B 16 
接收时间：2016-09-11 20:41:20.222
接收内容：68 19 00 C3 05 08 00 00 00 00 00 10 15 3A 86 01 07 40 00 02 00 00 00 00 87 2A 16 
设置终端时间 成功。
―――――――――――――――――――――――――――
等待 300 秒…
―――――――――――――――――――――――――――
延时等待结束。
―――――――――――――――――――――――――――
终端校时到 2016-09-13 00:14:50
―――――――――――――――――――――――――――
发送时间：2016-09-11 20:46:24.454
发送内容：68 1F 00 43 05 08 00 00 00 00 00 10 B5 0B 06 01 08 40 00 02 00 1C 07 E0 09 0D 00 0E 32 00 17 B4 16 
接收时间：2016-09-11 20:46:25.827
接收内容：68 19 00 C3 05 08 00 00 00 00 00 10 15 3A 86 01 08 40 00 02 00 00 00 00 35 9B 16 
设置终端时间 成功。
―――――――――――――――――――――――――――
等待 300 秒…
―――――――――――――――――――――――――――
延时等待结束。
―――――――――――――――――――――――――――
读取上1次电能表时钟超差事件
―――――――――――――――――――――――――――
发送时间：2016-09-11 20:51:31.520
发送内容：68 2E 00 43 05 08 00 00 00 00 00 10 EB CD 05 03 09 31 05 02 00 09 01 04 00 20 22 02 00 00 20 1E 02 00 00 20 20 02 00 00 20 24 02 00 00 5E 5F 16 
接收时间：2016-09-11 20:51:31.676
接收内容：68 4D 00 C3 05 08 00 00 00 00 00 10 00 D8 85 03 09 31 05 02 00 04 00 20 22 02 00 00 20 1E 02 00 00 20 20 02 00 00 20 24 02 00 01 01 06 00 00 00 03 1C 07 E0 09 0D 00 0E 33 1C 07 E0 09 0D 00 0E 33 55 07 05 02 00 00 00 00 00 00 00 CF 10 16 
读取上1次电能表时钟超差并验证成功！
――――――――――
检测结论：合格
――――――――――
==================================================
26. 电能表时钟超差事件  测试结束  表位号：8
==================================================