==================================================
8. 电能表实时数据  测试开始  表位号：8
==================================================
―――――――――――――――――――――――――――
禁止终端主动上报
―――――――――――――――――――――――――――
发送时间：2016-09-11 23:47:17.952
发送内容：68 19 00 43 05 08 00 00 00 00 00 10 C2 FE 06 01 00 43 00 08 00 03 00 00 DD 1F 16 
接收时间：2016-09-11 23:47:18.077
接收内容：68 19 00 C3 05 08 00 00 00 00 00 10 15 3A 86 01 00 43 00 08 00 00 00 00 4F 52 16 
设置终端时间为系统时间 成功。
―――――――――――――――――――――――――――
配置虚拟表数据
―――――――――――――――――――――――――――
―――――――――――――――――――――――――――
代理读取电能量类数据
―――――――――――――――――――――――――――
发送时间：2016-09-11 23:47:18.186
发送内容：68 45 00 43 05 08 00 00 00 00 00 10 7D A0 09 01 01 00 64 01 07 05 00 00 00 00 00 02 00 00 09 00 10 02 00 00 20 02 00 00 00 02 00 00 30 02 01 00 40 02 01 00 50 02 00 00 60 02 00 00 70 02 00 00 80 02 00 00 47 11 16 
接收时间：2016-09-11 23:47:19.918
接收内容：68 12 01 C3 05 08 00 00 00 00 00 10 2B 54 89 01 01 01 07 05 00 00 00 00 00 02 09 00 10 02 00 01 01 05 06 00 12 AF 98 06 00 01 E2 08 06 00 08 57 8C 06 00 04 F3 94 06 00 03 82 70 00 20 02 00 01 01 05 06 00 12 AF 98 06 00 01 E2 08 06 00 08 57 8C 06 00 04 F3 94 06 00 03 82 70 00 00 02 00 01 01 05 05 00 12 AF 98 05 00 01 E2 08 05 00 08 57 8C 05 00 04 F3 94 05 00 03 82 70 00 30 02 01 01 05 00 12 AF 98 00 40 02 01 01 05 00 12 AF 98 00 50 02 00 01 01 05 06 00 12 AF 98 06 00 01 E2 08 06 00 08 57 8C 06 00 04 F3 94 06 00 03 82 70 00 60 02 00 01 01 05 06 00 12 AF 98 06 00 01 E2 08 06 00 08 57 8C 06 00 04 F3 94 06 00 03 82 70 00 70 02 00 01 01 05 06 00 12 AF 98 06 00 01 E2 08 06 00 08 57 8C 06 00 04 F3 94 06 00 03 82 70 00 80 02 00 01 01 05 06 00 12 AF 98 06 00 01 E2 08 06 00 08 57 8C 06 00 04 F3 94 06 00 03 82 70 00 00 9A 98 16 
代理读取并验证电能量类数据成功！
―――――――――――――――――――――――――――
代理读取需量类数据
―――――――――――――――――――――――――――
发送时间：2016-09-11 23:47:19.933
发送内容：68 31 00 43 05 08 00 00 00 00 00 10 E2 A0 09 01 02 00 64 01 07 05 00 00 00 00 00 02 00 00 04 10 10 02 00 10 20 02 00 10 30 02 00 10 40 02 00 00 BE 27 16 
接收时间：2016-09-11 23:47:24.941
接收内容：68 66 01 C3 05 08 00 00 00 00 00 10 B4 54 89 01 02 01 07 05 00 00 00 00 00 02 04 10 10 02 00 01 01 05 02 02 06 01 40 6F 40 1C 07 E0 08 1F 16 3B 20 02 02 06 00 BB AE E0 1C 07 E0 05 15 16 31 20 02 02 06 00 DD 40 A0 1C 07 E0 03 16 16 3B 20 02 02 06 00 DD 40 A0 1C 07 E0 03 16 16 3B 20 02 02 06 00 DD 40 A0 1C 07 E0 03 16 16 3B 20 10 20 02 00 01 01 05 02 02 06 01 40 6F 40 1C 07 E0 08 1F 16 3B 20 02 02 06 00 BB AE E0 1C 07 E0 05 15 16 31 20 02 02 06 00 DD 40 A0 1C 07 E0 03 16 16 3B 20 02 02 06 00 DD 40 A0 1C 07 E0 03 16 16 3B 20 02 02 06 00 DD 40 A0 1C 07 E0 03 16 16 3B 20 10 30 02 00 01 01 05 02 02 05 01 40 6F 40 1C 07 E0 08 1F 16 3B 20 02 02 05 00 BB AE E0 1C 07 E0 05 15 16 31 20 02 02 05 00 DD 40 A0 1C 07 E0 03 16 16 3B 20 02 02 05 00 DD 40 A0 1C 07 E0 03 16 16 3B 20 02 02 05 00 DD 40 A0 1C 07 E0 03 16 16 3B 20 10 40 02 00 01 01 05 02 02 05 01 40 6F 40 1C 07 E0 08 1F 16 3B 20 02 02 05 00 BB AE E0 1C 07 E0 05 15 16 31 20 02 02 05 00 DD 40 A0 1C 07 E0 03 16 16 3B 20 02 02 05 00 DD 40 A0 1C 07 E0 03 16 16 3B 20 02 02 05 00 DD 40 A0 1C 07 E0 03 16 16 3B 20 00 00 25 1F 16 
代理读取并验证需量类数据成功！
―――――――――――――――――――――――――――
代理读取变量类数据
―――――――――――――――――――――――――――
发送时间：2016-09-11 23:47:24.972
发送内容：68 29 00 43 05 08 00 00 00 00 00 10 0D 6D 09 01 03 00 64 01 07 05 00 00 00 00 00 02 00 00 02 20 00 02 00 20 01 02 00 00 04 ED 16 
接收时间：2016-09-11 23:47:28.607
接收内容：68 49 00 C3 05 08 00 00 00 00 00 10 55 86 89 01 03 01 07 05 00 00 00 00 00 02 02 20 00 02 00 01 01 03 12 08 99 12 07 DA 12 08 20 20 01 02 00 01 01 04 05 00 00 05 3C 05 00 00 09 24 05 00 00 0D 0C 05 00 00 10 F4 00 00 E8 D2 16 
代理读取并验证变量类数据成功！
―――――――――――――――――――――――――――
代理读取参变量量类数据
―――――――――――――――――――――――――――
发送时间：2016-09-11 23:47:28.638
发送内容：68 25 00 43 05 08 00 00 00 00 00 10 F2 8F 09 01 04 00 64 01 07 05 00 00 00 00 00 02 00 00 01 40 00 02 00 00 D4 C2 16 
接收时间：2016-09-11 23:47:32.101
接收内容：68 2B 00 C3 05 08 00 00 00 00 00 10 F8 02 89 01 04 01 07 05 00 00 00 00 00 02 01 40 00 02 00 01 1C 07 E0 08 1F 17 2A 37 00 00 CB 5A 16 
代理读取并验证参变量类数据成功！
―――――――――――――――――――――――――――
代理读取事件类所有数据
―――――――――――――――――――――――――――
发送时间：2016-09-11 23:47:32.133
发送内容：68 31 00 43 05 08 00 00 00 00 00 10 E2 A0 09 01 05 00 64 01 07 05 00 00 00 00 00 02 00 00 04 30 15 07 00 30 17 07 00 30 03 0A 00 20 14 02 00 00 90 83 16 
接收时间：2016-09-11 23:47:36.204
接收内容：68 98 00 C3 05 08 00 00 00 00 00 10 9F FD 89 01 05 01 07 05 00 00 00 00 00 02 04 30 15 07 00 01 01 01 02 02 00 02 02 06 00 00 03 F0 06 00 00 03 F0 30 17 07 00 01 01 01 02 02 00 02 02 06 00 00 03 F0 06 00 00 03 F0 30 03 0A 00 01 01 03 02 02 06 00 00 03 F0 06 00 00 03 F0 02 02 06 00 00 03 F0 06 00 00 03 F0 02 02 06 00 00 03 F0 06 00 00 03 F0 20 14 02 00 01 01 07 04 10 AA AA 04 10 AA AA 04 10 AA AA 04 10 AA AA 04 10 AA AA 04 10 AA AA 04 10 AA AA 00 00 04 92 16 
代理读取并验证事件类数据成功！
――――――――――
检测结论：合格
――――――――――
==================================================
8. 电能表实时数据  测试结束  表位号：8
==================================================