==================================================
27. 电能表示度下降事件  测试开始  表位号：8
==================================================
―――――――――――――――――――――――――――
清空采集任务配置表
―――――――――――――――――――――――――――
发送时间：2016-09-11 20:51:32.035
发送内容：68 18 00 43 05 08 00 00 00 00 00 10 53 AB 07 01 0A 60 12 81 00 00 00 72 9A 16 
接收时间：2016-09-11 20:51:32.160
接收内容：68 1A 00 C3 05 08 00 00 00 00 00 10 A6 C4 87 01 0A 60 12 81 00 00 00 00 00 FB 65 16 
清空任务配置表成功！
―――――――――――――――――――――――――――
清空事件采集方案
―――――――――――――――――――――――――――
发送时间：2016-09-11 20:51:32.160
发送内容：68 18 00 43 05 08 00 00 00 00 00 10 53 AB 07 01 0B 60 16 81 00 00 00 B7 28 16 
接收时间：2016-09-11 20:51:32.285
接收内容：68 1A 00 C3 05 08 00 00 00 00 00 10 A6 C4 87 01 0B 60 16 81 00 00 00 00 00 70 47 16 
清空事件采集方案 成功。
―――――――――――――――――――――――――――
禁止终端主动上报
―――――――――――――――――――――――――――
发送时间：2016-09-11 20:51:32.285
发送内容：68 19 00 43 05 08 00 00 00 00 00 10 C2 FE 06 01 0C 43 00 08 00 03 00 00 BF 24 16 
接收时间：2016-09-11 20:51:32.456
接收内容：68 19 00 C3 05 08 00 00 00 00 00 10 15 3A 86 01 0C 43 00 08 00 00 00 00 2D 69 16 
禁止终端主动上报 成功。
―――――――――――――――――――――――――――
数据区初始化
―――――――――――――――――――――――――――
发送时间：2016-09-11 20:51:32.472
发送内容：68 18 00 43 05 08 00 00 00 00 00 10 53 AB 07 01 0D 43 00 03 00 00 00 A7 62 16 
―――――――――――――――――――――――――――
配置模拟表
―――――――――――――――――――――――――――
接收时间：2016-09-11 20:51:32.581
接收内容：68 1A 00 C3 05 08 00 00 00 00 00 10 A6 C4 87 01 0D 43 00 03 00 00 00 00 00 BF 3F 16 
数据区初始化 成功！
―――――――――――――――――――――――――――
等待 120 秒…
―――――――――――――――――――――――――――
延时等待结束。
―――――――――――――――――――――――――――
下装普通采集方案
―――――――――――――――――――――――――――
发送时间：2016-09-11 20:53:34.261
发送内容：68 31 00 43 05 08 00 00 00 00 00 10 E2 A0 07 01 0E 60 14 7F 00 01 01 02 06 11 01 12 01 00 02 02 11 00 00 01 01 5B 00 00 10 02 00 5C 01 16 02 00 CA 73 16 
接收时间：2016-09-11 20:53:34.371
接收内容：68 1A 00 C3 05 08 00 00 00 00 00 10 A6 C4 87 01 0E 60 14 7F 00 00 00 00 00 D2 FB 16 
下装普通采集方案 成功！
―――――――――――――――――――――――――――
下装采集任务
―――――――――――――――――――――――――――
发送时间：2016-09-11 20:53:34.371
发送内容：68 53 00 43 05 08 00 00 00 00 00 10 4F 24 07 01 0F 60 12 7F 00 01 01 02 0C 11 01 54 03 00 01 16 01 11 01 1C 07 E0 09 0C 00 02 00 1C 08 33 09 09 09 09 09 54 00 00 00 16 02 16 01 12 00 00 12 00 00 02 02 16 00 01 01 02 04 11 00 11 00 11 17 11 3B 00 A7 EE 16 
接收时间：2016-09-11 20:53:34.573
接收内容：68 1A 00 C3 05 08 00 00 00 00 00 10 A6 C4 87 01 0F 60 12 7F 00 00 00 00 00 E2 EE 16 
下装采集任务 成功！
―――――――――――――――――――――――――――
终端校时到 2016-09-11 23:59:50
―――――――――――――――――――――――――――
发送时间：2016-09-11 20:53:34.573
发送内容：68 1F 00 43 05 08 00 00 00 00 00 10 B5 0B 06 01 10 40 00 02 00 1C 07 E0 09 0B 17 3B 32 00 A8 9D 16 
接收时间：2016-09-11 20:53:36.367
接收内容：68 19 00 C3 05 08 00 00 00 00 00 10 15 3A 86 01 10 40 00 02 00 00 00 00 F1 ED 16 
设置终端时间 成功。
―――――――――――――――――――――――――――
等待 300 秒…
―――――――――――――――――――――――――――
延时等待结束。
―――――――――――――――――――――――――――
终端校时到 2016-09-13 00:14:50
―――――――――――――――――――――――――――
发送时间：2016-09-11 20:58:40.583
发送内容：68 1F 00 43 05 08 00 00 00 00 00 10 B5 0B 06 01 11 40 00 02 00 1C 07 E0 09 0D 00 0E 32 00 49 F3 16 
―――――――――――――――――――――――――――
配置模拟表
―――――――――――――――――――――――――――
接收时间：2016-09-11 20:58:46.402
接收内容：68 19 00 C3 05 08 00 00 00 00 00 10 15 3A 86 01 11 40 00 02 00 00 00 00 4E 6C 16 
设置终端时间 成功。
―――――――――――――――――――――――――――
等待 300 秒…
―――――――――――――――――――――――――――
延时等待结束。
―――――――――――――――――――――――――――
读取上1次电能表示度下降事件
―――――――――――――――――――――――――――
发送时间：2016-09-11 21:03:50.603
发送内容：68 2E 00 43 05 08 00 00 00 00 00 10 EB CD 05 03 12 31 0B 02 00 09 01 04 00 20 22 02 00 00 20 1E 02 00 00 20 20 02 00 00 20 24 02 00 00 CF 21 16 
接收时间：2016-09-11 21:03:50.759
接收内容：68 46 00 C3 05 08 00 00 00 00 00 10 19 9A 85 03 12 31 0B 02 00 04 00 20 22 02 00 00 20 1E 02 00 00 20 20 02 00 00 20 24 02 00 01 01 06 00 00 00 01 1C 07 E0 09 0D 00 0F 0F 00 55 07 05 02 00 00 00 00 00 00 00 ED 73 16 
读取上1次电能表示度下降并验证成功！
――――――――――
检测结论：合格
――――――――――
==================================================
27. 电能表示度下降事件  测试结束  表位号：8
==================================================