
==================================================
20. 终端主动上报  测试开始  表位号：8
==================================================
―――――――――――――――――――――――――――
清空采集任务配置表
―――――――――――――――――――――――――――
发送时间：2016-09-13 18:11:29.219
发送内容：68 18 00 43 05 08 00 00 00 00 00 10 53 AB 07 01 00 60 12 81 00 00 00 25 73 16 
接收时间：2016-09-13 18:11:29.344
接收内容：68 1A 00 C3 05 08 00 00 00 00 00 10 A6 C4 87 01 00 60 12 81 00 00 00 00 00 CB 81 16 
清空采集任务配置表成功！
―――――――――――――――――――――――――――
清空上报任务方案
―――――――――――――――――――――――――――
发送时间：2016-09-13 18:11:29.359
发送内容：68 18 00 43 05 08 00 00 00 00 00 10 53 AB 07 01 01 60 1C 81 00 00 00 48 8D 16 
接收时间：2016-09-13 18:11:29.484
接收内容：68 1A 00 C3 05 08 00 00 00 00 00 10 A6 C4 87 01 01 60 1C 81 00 00 00 00 00 17 4A 16 
清空上报方案成功！
―――――――――――――――――――――――――――
禁止终端主动上报
―――――――――――――――――――――――――――
发送时间：2016-09-13 18:11:29.484
发送内容：68 19 00 43 05 08 00 00 00 00 00 10 C2 FE 06 01 02 43 00 08 00 03 00 00 B2 14 16 
接收时间：2016-09-13 18:11:29.609
接收内容：68 19 00 C3 05 08 00 00 00 00 00 10 15 3A 86 01 02 43 00 08 00 00 00 00 20 59 16 
参数设置成功
―――――――――――――――――――――――――――
清空普通采集方案
―――――――――――――――――――――――――――
发送时间：2016-09-13 18:11:29.625
发送内容：68 18 00 43 05 08 00 00 00 00 00 10 53 AB 07 01 03 60 14 81 00 00 00 D3 E0 16 
接收时间：2016-09-13 18:11:29.749
接收内容：68 1A 00 C3 05 08 00 00 00 00 00 10 A6 C4 87 01 03 60 14 81 00 00 00 00 00 01 0F 16 
清空普通采集方案成功！
―――――――――――――――――――――――――――
下装普通采集方案
―――――――――――――――――――――――――――
发送时间：2016-09-13 18:11:29.765
发送内容：68 41 00 43 05 08 00 00 00 00 00 10 28 FE 07 01 04 60 14 7F 00 01 01 02 06 11 03 12 00 FF 02 02 11 01 11 01 01 02 5B 00 40 01 02 00 5B 01 50 04 02 00 02 00 10 02 00 00 20 02 00 5C 01 16 02 00 0C F2 16 
接收时间：2016-09-13 18:11:29.890
接收内容：68 1A 00 C3 05 08 00 00 00 00 00 10 A6 C4 87 01 04 60 14 7F 00 00 00 00 00 E2 1F 16 
下发普通采集方案成功！
―――――――――――――――――――――――――――
下发上报方案
―――――――――――――――――――――――――――
发送时间：2016-09-13 18:11:29.921
发送内容：68 61 00 43 05 08 00 00 00 00 00 10 A2 1C 07 01 05 60 1C 7F 00 01 02 02 05 11 01 01 01 51 45 10 00 00 54 00 00 14 11 03 02 02 11 00 51 40 00 02 00 02 05 11 02 01 01 51 45 10 00 00 54 00 00 14 11 03 02 02 11 01 02 03 51 60 12 03 00 60 01 01 50 04 02 00 02 00 10 02 00 00 20 02 00 5A 00 00 F0 C4 16 
接收时间：2016-09-13 18:11:30.046
接收内容：68 1A 00 C3 05 08 00 00 00 00 00 10 A6 C4 87 01 05 60 1C 7F 00 00 00 00 00 F3 8C 16 
下发上报方案成功！
―――――――――――――――――――――――――――
下装采集任务
―――――――――――――――――――――――――――
发送时间：2016-09-13 18:11:30.077
发送内容：68 C7 00 43 05 08 00 00 00 00 00 10 44 99 07 01 06 60 12 7F 00 01 03 02 0C 11 01 54 03 00 01 16 04 11 01 1C 07 E0 09 0D 00 00 00 1C 08 33 09 09 09 09 09 54 01 00 02 16 02 16 01 12 00 00 12 00 00 02 02 16 00 01 01 02 04 11 00 11 00 11 17 11 3B 02 0C 11 02 54 03 00 01 16 04 11 02 1C 07 E0 09 0D 00 00 00 1C 08 33 09 09 09 09 09 54 01 00 02 16 02 16 01 12 00 00 12 00 00 02 02 16 00 01 01 02 04 11 00 11 00 11 17 11 3B 02 0C 11 03 54 03 00 01 16 01 11 03 1C 07 E0 09 0D 00 00 00 1C 08 33 09 09 09 09 09 54 00 00 00 16 02 16 01 12 00 00 12 00 00 02 02 16 00 01 01 02 04 11 00 11 00 11 17 11 3B 00 69 2D 16 
接收时间：2016-09-13 18:11:30.202
接收内容：68 1A 00 C3 05 08 00 00 00 00 00 10 A6 C4 87 01 06 60 12 7F 00 00 00 00 00 D5 DC 16 
下发任务配置成功！
―――――――――――――――――――――――――――
终端校时到 2016-09-16 23:59:50
―――――――――――――――――――――――――――
发送时间：2016-09-13 18:11:30.233
发送内容：68 1F 00 43 05 08 00 00 00 00 00 10 B5 0B 06 01 07 40 00 02 00 1C 07 E0 09 10 17 3B 32 00 54 C8 16 
接收时间：2016-09-13 18:11:31.855
接收内容：68 19 00 C3 05 08 00 00 00 00 00 10 15 3A 86 01 07 40 00 02 00 00 00 00 87 2A 16 

―――――――――――――――――――――――――――
允许终端主动上报
―――――――――――――――――――――――――――
发送时间：2016-09-13 18:11:31.887
发送内容：68 19 00 43 05 08 00 00 00 00 00 10 C2 FE 06 01 08 43 00 08 00 03 01 00 B9 2B 16 
接收时间：2016-09-13 18:11:32.011
接收内容：68 19 00 C3 05 08 00 00 00 00 00 10 15 3A 86 01 08 43 00 08 00 00 00 00 F3 7F 16 
参数设置成功
―――――――――――――――――――――――――――
延时等待 180 秒…等待上报
―――――――――――――――――――――――――――
接收时间：2016-09-13 18:13:40.462
接收内容：68 22 00 83 05 08 00 00 00 00 00 00 21 1D 88 01 02 01 40 00 02 00 01 1C 07 E0 09 11 00 02 00 00 00 C6 71 16 
响应上报 普通对象数据
接收时间：2016-09-13 18:13:40.759
接收内容：68 9A 00 83 05 08 00 00 00 00 00 00 5F A0 88 02 03 01 60 12 03 00 01 01 50 04 02 00 02 00 10 02 00 00 20 02 00 01 02 01 02 01 05 06 00 00 00 00 06 00 00 00 00 06 00 00 00 00 06 00 00 00 00 06 00 00 00 00 01 05 06 00 00 00 00 06 00 00 00 00 06 00 00 00 00 06 00 00 00 00 06 00 00 00 00 01 02 01 05 06 00 00 00 00 06 00 00 00 00 06 00 00 00 00 06 00 00 00 00 06 00 00 00 00 01 05 06 00 00 00 00 06 00 00 00 00 06 00 00 00 00 06 00 00 00 00 06 00 00 00 00 00 00 78 7A 16 
响应上报记录型对象数据
―――――――――――――――――――――――――――
终端校时到 2016-09-17 23:59:50
―――――――――――――――――――――――――――
发送时间：2016-09-13 18:14:32.051
发送内容：68 1F 00 43 05 08 00 00 00 00 00 10 B5 0B 06 01 09 40 00 02 00 1C 07 E0 09 11 17 3B 32 00 1E 22 16 
接收时间：2016-09-13 18:14:33.284
接收内容：68 19 00 C3 05 08 00 00 00 00 00 10 15 3A 86 01 09 40 00 02 00 00 00 00 8A 1A 16 

―――――――――――――――――――――――――――
延时等待 300 秒…等待上报
―――――――――――――――――――――――――――
接收时间：2016-09-13 18:16:41.532
接收内容：68 22 00 83 05 08 00 00 00 00 00 00 21 1D 88 01 04 01 40 00 02 00 01 1C 07 E0 09 12 00 02 00 00 00 99 1D 16 
接收时间：2016-09-13 18:17:02.779
接收内容：68 22 00 83 05 08 00 00 00 00 00 00 21 1D 88 01 04 01 40 00 02 00 01 1C 07 E0 09 12 00 02 00 00 00 99 1D 16 
接收时间：2016-09-13 18:17:24.042
接收内容：68 22 00 83 05 08 00 00 00 00 00 00 21 1D 88 01 04 01 40 00 02 00 01 1C 07 E0 09 12 00 02 00 00 00 99 1D 16 
接收时间：2016-09-13 18:17:45.507
接收内容：68 9A 00 83 05 08 00 00 00 00 00 00 5F A0 88 02 05 01 60 12 03 00 01 01 50 04 02 00 02 00 10 02 00 00 20 02 00 01 02 01 02 01 05 06 00 00 00 00 06 00 00 00 00 06 00 00 00 00 06 00 00 00 00 06 00 00 00 00 01 05 06 00 00 00 00 06 00 00 00 00 06 00 00 00 00 06 00 00 00 00 06 00 00 00 00 01 02 01 05 06 00 00 00 00 06 00 00 00 00 06 00 00 00 00 06 00 00 00 00 06 00 00 00 00 01 05 06 00 00 00 00 06 00 00 00 00 06 00 00 00 00 06 00 00 00 00 06 00 00 00 00 00 00 A8 81 16 
接收时间：2016-09-13 18:18:06.739
接收内容：68 9A 00 83 05 08 00 00 00 00 00 00 5F A0 88 02 05 01 60 12 03 00 01 01 50 04 02 00 02 00 10 02 00 00 20 02 00 01 02 01 02 01 05 06 00 00 00 00 06 00 00 00 00 06 00 00 00 00 06 00 00 00 00 06 00 00 00 00 01 05 06 00 00 00 00 06 00 00 00 00 06 00 00 00 00 06 00 00 00 00 06 00 00 00 00 01 02 01 05 06 00 00 00 00 06 00 00 00 00 06 00 00 00 00 06 00 00 00 00 06 00 00 00 00 01 05 06 00 00 00 00 06 00 00 00 00 06 00 00 00 00 06 00 00 00 00 06 00 00 00 00 00 00 A8 81 16 
接收时间：2016-09-13 18:18:28.002
接收内容：68 9A 00 83 05 08 00 00 00 00 00 00 5F A0 88 02 05 01 60 12 03 00 01 01 50 04 02 00 02 00 10 02 00 00 20 02 00 01 02 01 02 01 05 06 00 00 00 00 06 00 00 00 00 06 00 00 00 00 06 00 00 00 00 06 00 00 00 00 01 05 06 00 00 00 00 06 00 00 00 00 06 00 00 00 00 06 00 00 00 00 06 00 00 00 00 01 02 01 05 06 00 00 00 00 06 00 00 00 00 06 00 00 00 00 06 00 00 00 00 06 00 00 00 00 01 05 06 00 00 00 00 06 00 00 00 00 06 00 00 00 00 06 00 00 00 00 06 00 00 00 00 00 00 A8 81 16 
―――――――――――――――――――――――――――
禁止终端主动上报
―――――――――――――――――――――――――――
发送时间：2016-09-13 18:19:33.319
发送内容：68 19 00 43 05 08 00 00 00 00 00 10 C2 FE 06 01 0A 43 00 08 00 03 00 00 0E 39 16 
接收时间：2016-09-13 18:19:33.444
接收内容：68 19 00 C3 05 08 00 00 00 00 00 10 15 3A 86 01 0A 43 00 08 00 00 00 00 9C 74 16 
参数设置成功
――――――――――
检测结论：合格
――――――――――
==================================================
20. 终端主动上报  测试结束  表位号：8
==================================================