==================================================
7. 终端当前数据  测试开始  表位号：8
==================================================
―――――――――――――――――――――――――――
禁止终端主动上报
―――――――――――――――――――――――――――
发送时间：2016-09-12 15:52:02.400
发送内容：68 19 00 43 05 08 00 00 00 00 00 10 C2 FE 06 01 00 43 00 08 00 03 00 00 DD 1F 16 
接收时间：2016-09-12 15:52:02.759
接收内容：68 19 00 C3 05 08 00 00 00 00 00 10 15 3A 86 01 00 43 00 08 00 00 00 00 4F 52 16 
禁止终端主动上报 成功。
―――――――――――――――――――――――――――
读取验证设备管理接口类数据：允许主动上报状态
―――――――――――――――――――――――――――
发送时间：2016-09-12 15:52:02.759
发送内容：68 17 00 43 05 08 00 00 00 00 00 10 1F B7 05 01 01 43 00 08 00 00 CB 75 16 
接收时间：2016-09-12 15:52:03.118
接收内容：68 1B 00 C3 05 08 00 00 00 00 00 10 37 91 85 01 01 43 00 08 00 01 03 00 00 00 3E 3E 16 
主动上报状态：不允许
―――――――――――――――――――――――――――
终端校时到 2016-09-12 15:52:03
―――――――――――――――――――――――――――
发送时间：2016-09-12 15:52:03.118
发送内容：68 1F 00 43 05 08 00 00 00 00 00 10 B5 0B 06 01 02 40 00 02 00 1C 07 E0 09 0C 0F 34 03 00 B3 45 16 
接收时间：2016-09-12 15:52:04.397
接收内容：68 19 00 C3 05 08 00 00 00 00 00 10 15 3A 86 01 02 40 00 02 00 00 00 00 E6 BD 16 
设置终端时间 成功。
―――――――――――――――――――――――――――
数据区初始化
―――――――――――――――――――――――――――
发送时间：2016-09-12 15:52:04.397
发送内容：68 18 00 43 05 08 00 00 00 00 00 10 53 AB 07 01 03 43 00 03 00 00 00 86 E4 16 
接收时间：2016-09-12 15:52:04.522
接收内容：68 1A 00 C3 05 08 00 00 00 00 00 10 A6 C4 87 01 03 43 00 03 00 00 00 00 00 6A E4 16 
数据区初始化成功！
―――――――――――――――――――――――――――
等待 120 秒…
―――――――――――――――――――――――――――
延时等待结束。
―――――――――――――――――――――――――――
读取终端实时数据
―――――――――――――――――――――――――――
发送时间：2016-09-12 15:54:06.217
发送内容：68 20 00 43 05 08 00 00 00 00 00 10 36 84 05 02 04 03 22 00 02 00 22 03 02 00 22 04 02 00 00 8A E3 16 
接收时间：2016-09-12 15:54:06.342
接收内容：68 44 00 C3 05 08 00 00 00 00 00 10 3B 31 85 02 04 03 22 00 02 00 01 02 02 06 00 00 00 00 06 00 00 00 00 22 03 02 00 01 02 02 06 00 00 00 02 06 00 00 00 02 22 04 02 00 01 02 02 12 00 01 12 00 01 00 00 80 31 16 
―――――――――――――――――――――――――――
终端校时到 2016-09-13 23:59:50
―――――――――――――――――――――――――――
发送时间：2016-09-12 15:54:06.373
发送内容：68 1F 00 43 05 08 00 00 00 00 00 10 B5 0B 06 01 05 40 00 02 00 1C 07 E0 09 0D 17 3B 32 00 B4 FD 16 
接收时间：2016-09-12 15:54:07.699
接收内容：68 19 00 C3 05 08 00 00 00 00 00 10 15 3A 86 01 05 40 00 02 00 00 00 00 E8 21 16 
设置终端时间 成功。
―――――――――――――――――――――――――――
延时等待 60 秒…
―――――――――――――――――――――――――――
延时等待结束。
―――――――――――――――――――――――――――
硬件复位
―――――――――――――――――――――――――――
发送时间：2016-09-12 15:55:08.555
发送内容：68 18 00 43 05 08 00 00 00 00 00 10 53 AB 07 01 06 43 00 01 00 00 00 53 2D 16 
接收时间：2016-09-12 15:55:08.664
接收内容：68 1A 00 C3 05 08 00 00 00 00 00 10 A6 C4 87 01 06 43 00 01 00 00 00 00 00 24 9E 16 
硬件复位 成功！
―――――――――――――――――――――――――――
等待 120 秒…
―――――――――――――――――――――――――――
延时等待结束。
―――――――――――――――――――――――――――
读取终端实时数据
―――――――――――――――――――――――――――
发送时间：2016-09-12 15:57:10.345
发送内容：68 20 00 43 05 08 00 00 00 00 00 10 36 84 05 02 07 03 22 00 02 00 22 03 02 00 22 04 02 00 00 F4 3B 16 
接收时间：2016-09-12 15:57:10.454
接收内容：68 44 00 C3 05 08 00 00 00 00 00 10 3B 31 85 02 07 03 22 00 02 00 01 02 02 06 00 00 00 00 06 00 00 00 00 22 03 02 00 01 02 02 06 00 00 00 03 06 00 00 00 05 22 04 02 00 01 02 02 12 00 01 12 00 02 00 00 0F 55 16 
――――――――――
检测结论：合格
――――――――――
==================================================
7. 终端当前数据  测试结束  表位号：8
==================================================