
==================================================
3. 基本参数  测试开始  表位号：8
==================================================
―――――――――――――――――――――――――――
设置客户编号
―――――――――――――――――――――――――――
发送时间：2016-09-11 18:30:22.911
发送内容：68 1F 00 43 05 08 00 00 00 00 00 10 B5 0B 06 01 06 40 03 02 00 09 06 00 00 00 00 00 01 00 8A 29 16 
接收时间：2016-09-11 18:30:23.082
接收内容：68 19 00 C3 05 08 00 00 00 00 00 10 15 3A 86 01 06 40 03 02 00 00 00 00 45 A7 16 
―――――――――――――――――――――――――――
读取客户编号
―――――――――――――――――――――――――――
发送时间：2016-09-11 18:30:23.082
发送内容：68 17 00 43 05 08 00 00 00 00 00 10 1F B7 05 01 07 40 03 02 00 00 4A 26 16 
接收时间：2016-09-11 18:30:23.207
接收内容：68 21 00 C3 05 08 00 00 00 00 00 10 70 15 85 01 07 40 03 02 00 01 09 06 00 00 00 00 00 01 00 00 11 32 16 
000000000001
―――――――――――――――――――――――――――
设置设备地理位置
―――――――――――――――――――――――――――
发送时间：2016-09-11 18:30:23.207
发送内容：68 32 00 43 05 08 00 00 00 00 00 10 51 5E 06 01 08 40 04 02 00 02 03 02 04 16 00 11 00 11 00 11 00 02 04 16 00 11 00 11 00 11 00 06 00 00 00 00 00 8C BC 16 
接收时间：2016-09-11 18:30:23.394
接收内容：68 19 00 C3 05 08 00 00 00 00 00 10 15 3A 86 01 08 40 04 02 00 00 00 00 99 8B 16 
―――――――――――――――――――――――――――
读取设备地理位置
―――――――――――――――――――――――――――
发送时间：2016-09-11 18:30:23.394
发送内容：68 17 00 43 05 08 00 00 00 00 00 10 1F B7 05 01 09 40 04 02 00 00 C9 48 16 
接收时间：2016-09-11 18:30:23.722
接收内容：68 34 00 C3 05 08 00 00 00 00 00 10 F1 6F 85 01 09 40 04 02 00 01 02 03 02 04 16 00 11 00 11 00 11 00 02 04 16 00 11 00 11 00 11 00 06 00 00 00 00 00 00 C1 F0 16 
0,0,0,0;0,0,0,0;0
―――――――――――――――――――――――――――
读取时钟源参数
―――――――――――――――――――――――――――
发送时间：2016-09-11 18:30:23.737
发送内容：68 17 00 43 05 08 00 00 00 00 00 10 1F B7 05 01 0A 40 06 02 00 00 C2 7D 16 
接收时间：2016-09-11 18:30:24.081
接收内容：68 1F 00 C3 05 08 00 00 00 00 00 10 62 CF 85 01 0A 40 06 02 00 01 02 02 16 01 16 00 00 00 05 95 16 
―――――――――――――――――――――――――――
设置LCD
―――――――――――――――――――――――――――
发送时间：2016-09-11 18:30:24.081
发送内容：68 2B 00 43 05 08 00 00 00 00 00 10 2F C6 06 01 0B 40 07 02 00 02 07 11 05 12 00 05 12 00 05 12 00 05 12 00 05 11 02 11 02 00 65 D0 16 
接收时间：2016-09-11 18:30:24.751
接收内容：68 19 00 C3 05 08 00 00 00 00 00 10 15 3A 86 01 0B 40 07 02 00 00 00 00 34 0D 16 
―――――――――――――――――――――――――――
读取LCD
―――――――――――――――――――――――――――
发送时间：2016-09-11 18:30:24.751
发送内容：68 17 00 43 05 08 00 00 00 00 00 10 1F B7 05 01 0C 40 07 02 00 00 83 79 16 
接收时间：2016-09-11 18:30:24.939
接收内容：68 2D 00 C3 05 08 00 00 00 00 00 10 8F F7 85 01 0C 40 07 02 00 01 02 07 11 05 12 00 05 12 00 05 12 00 05 12 00 05 11 02 11 02 00 00 EE 30 16 
5;5;5;5;5;2;2
―――――――――――――――――――――――――――
设置资产管理编码
―――――――――――――――――――――――――――
发送时间：2016-09-11 18:30:24.939
发送内容：68 20 00 43 05 08 00 00 00 00 00 10 36 84 06 01 0D 41 03 02 00 0A 07 53 47 43 4D 30 30 31 00 36 2D 16 
接收时间：2016-09-11 18:30:25.048
接收内容：68 19 00 C3 05 08 00 00 00 00 00 10 15 3A 86 01 0D 41 03 02 00 00 00 00 FC 9F 16 
―――――――――――――――――――――――――――
读取资产管理编码
―――――――――――――――――――――――――――
发送时间：2016-09-11 18:30:25.048
发送内容：68 17 00 43 05 08 00 00 00 00 00 10 1F B7 05 01 0E 41 03 02 00 00 7D 08 16 
接收时间：2016-09-11 18:30:25.173
接收内容：68 22 00 C3 05 08 00 00 00 00 00 10 C3 EB 85 01 0E 41 03 02 00 01 0A 07 53 47 43 4D 30 30 31 00 00 32 0B 16 
SGCM001
―――――――――――――――――――――――――――
设置终端广播校时时间
―――――――――――――――――――――――――――
发送时间：2016-09-11 18:30:25.173
发送内容：68 1F 00 43 05 08 00 00 00 00 00 10 B5 0B 06 01 0F 42 04 02 00 02 02 1B 23 55 00 03 00 00 0E 61 16 
接收时间：2016-09-11 18:30:25.282
接收内容：68 19 00 C3 05 08 00 00 00 00 00 10 15 3A 86 01 0F 42 04 02 00 00 00 00 2C 20 16 
―――――――――――――――――――――――――――
读取终端广播校时时间
―――――――――――――――――――――――――――
发送时间：2016-09-11 18:30:25.282
发送内容：68 17 00 43 05 08 00 00 00 00 00 10 1F B7 05 01 10 42 04 02 00 00 82 39 16 
接收时间：2016-09-11 18:30:25.531
接收内容：68 21 00 C3 05 08 00 00 00 00 00 10 70 15 85 01 10 42 04 02 00 01 02 02 1B 23 55 00 03 00 00 00 A2 FF 16 
235500
―――――――――――――――――――――――――――
设置开关量输入
―――――――――――――――――――――――――――
发送时间：2016-09-11 18:30:25.547
发送内容：68 1F 00 43 05 08 00 00 00 00 00 10 B5 0B 06 01 11 F2 03 04 00 02 02 04 08 00 04 08 00 00 EE 04 16 
接收时间：2016-09-11 18:30:25.703
接收内容：68 19 00 C3 05 08 00 00 00 00 00 10 15 3A 86 01 11 F2 03 04 00 00 00 00 47 3C 16 
―――――――――――――――――――――――――――
读取开关量输入
―――――――――――――――――――――――――――
发送时间：2016-09-11 18:30:25.703
发送内容：68 17 00 43 05 08 00 00 00 00 00 10 1F B7 05 01 12 F2 03 04 00 00 A8 EE 16 
接收时间：2016-09-11 18:30:25.906
接收内容：68 21 00 C3 05 08 00 00 00 00 00 10 70 15 85 01 12 F2 03 04 00 01 02 02 04 08 00 04 08 00 00 00 9A 10 16 
00000000;00000000
――――――――――
检测结论：合格
――――――――――
==================================================
3. 基本参数  测试结束  表位号：8
==================================================