
==================================================
24. 终端故障记录485通讯故障  测试开始  表位号：8
==================================================
―――――――――――――――――――――――――――
清空采集任务配置表
―――――――――――――――――――――――――――
发送时间：2016-09-13 18:00:43.082
发送内容：68 18 00 43 05 08 00 00 00 00 00 10 53 AB 07 01 00 60 12 81 00 00 00 25 73 16 
接收时间：2016-09-13 18:00:43.206
接收内容：68 1A 00 C3 05 08 00 00 00 00 00 10 A6 C4 87 01 00 60 12 81 00 00 00 00 00 CB 81 16 
清空采集任务配置表 成功
―――――――――――――――――――――――――――
清空普通采集方案
―――――――――――――――――――――――――――
发送时间：2016-09-13 18:00:43.222
发送内容：68 18 00 43 05 08 00 00 00 00 00 10 53 AB 07 01 01 60 14 81 00 00 00 68 D7 16 
接收时间：2016-09-13 18:00:43.331
接收内容：68 1A 00 C3 05 08 00 00 00 00 00 10 A6 C4 87 01 01 60 14 81 00 00 00 00 00 FB 94 16 
清空普通采集方案 成功
―――――――――――――――――――――――――――
数据区初始化
―――――――――――――――――――――――――――
发送时间：2016-09-13 18:00:43.331
发送内容：68 18 00 43 05 08 00 00 00 00 00 10 53 AB 07 01 02 43 00 03 00 00 00 53 7B 16 
接收时间：2016-09-13 18:00:43.456
接收内容：68 1A 00 C3 05 08 00 00 00 00 00 10 A6 C4 87 01 02 43 00 03 00 00 00 00 00 97 A9 16 
数据区初始化 成功
―――――――――――――――――――――――――――
延时等待 120 秒…
―――――――――――――――――――――――――――
延时等待结束。
―――――――――――――――――――――――――――
终端校时到 2016-09-13 18:02:46
―――――――――――――――――――――――――――
发送时间：2016-09-13 18:02:46.135
发送内容：68 1F 00 43 05 08 00 00 00 00 00 10 B5 0B 06 01 03 40 00 02 00 1C 07 E0 09 0D 12 02 2E 00 0F BB 16 
接收时间：2016-09-13 18:02:47.337
接收内容：68 19 00 C3 05 08 00 00 00 00 00 10 15 3A 86 01 03 40 00 02 00 00 00 00 59 3C 16 
终端对时 成功
―――――――――――――――――――――――――――
下装普通采集方案
―――――――――――――――――――――――――――
发送时间：2016-09-13 18:02:47.337
发送内容：68 31 00 43 05 08 00 00 00 00 00 10 E2 A0 07 01 04 60 14 7F 00 01 01 02 06 11 01 12 01 00 02 02 11 00 00 01 01 5B 00 00 10 02 00 5C 01 16 02 00 2D 3E 16 
接收时间：2016-09-13 18:02:47.461
接收内容：68 1A 00 C3 05 08 00 00 00 00 00 10 A6 C4 87 01 04 60 14 7F 00 00 00 00 00 E2 1F 16 
下装普通采集方案 成功！
―――――――――――――――――――――――――――
下装采集任务
―――――――――――――――――――――――――――
发送时间：2016-09-13 18:02:47.461
发送内容：68 53 00 43 05 08 00 00 00 00 00 10 4F 24 07 01 05 60 12 7F 00 01 01 02 0C 11 01 54 01 00 01 16 01 11 01 1C 07 E0 09 0D 00 02 00 1C 08 33 09 09 09 09 09 54 00 00 00 16 02 16 01 12 00 00 12 00 00 02 02 16 00 01 01 02 04 11 00 11 00 11 17 11 3B 00 E0 44 16 
接收时间：2016-09-13 18:02:47.571
接收内容：68 1A 00 C3 05 08 00 00 00 00 00 10 A6 C4 87 01 05 60 12 7F 00 00 00 00 00 D2 0A 16 
下装采集任务 成功
―――――――――――――――――――――――――――
台体操作关闭485口
―――――――――――――――――――――――――――
发送时间：2016-09-13 18:02:47.571
发送内容：cmd=040D,data=8;00
接收时间：2016-09-13 18:02:48.101
接收内容：CMD=040D,RET=0,DATA=00
―――――――――――――――――――――――――――
延时等待 300 秒…
―――――――――――――――――――――――――――
延时等待结束。
―――――――――――――――――――――――――――
台体操作恢复485口
―――――――――――――――――――――――――――
发送时间：2016-09-13 18:07:52.524
发送内容：cmd=040D,data=8;01
接收时间：2016-09-13 18:07:53.226
接收内容：CMD=040D,RET=0,DATA=01
―――――――――――――――――――――――――――
读取终端故障记录事件
―――――――――――――――――――――――――――
发送时间：2016-09-13 18:07:53.242
发送内容：68 29 00 43 05 08 00 00 00 00 00 10 0D 6D 05 03 06 31 0A 02 00 09 01 03 00 20 22 02 00 00 20 1E 02 00 00 20 20 02 00 00 69 AC 16 
接收时间：2016-09-13 18:07:53.366
接收内容：68 3F 00 C3 05 08 00 00 00 00 00 10 E8 2D 85 03 06 31 0A 02 00 03 00 20 22 02 00 00 20 1E 02 00 00 20 20 02 00 01 01 06 00 00 00 01 1C 07 E0 09 0D 12 05 1B 1C 07 E0 09 0D 12 05 1B 00 00 B3 0C 16 
读取终端故障记录事件成功！
――――――――――
检测结论：合格
――――――――――
==================================================
24. 终端故障记录485通讯故障  测试结束  表位号：8
==================================================