
==================================================
1. 读取终端信息  测试开始  表位号：8
==================================================
―――――――――――――――――――――――――――
读取版本信息
―――――――――――――――――――――――――――
发送时间：2016-09-11 18:29:59.479
发送内容：68 
17 00
43 
05 AF 
08 SA
00 00 00 00 00 SA
10  CA
1F HCS

B7 05 01 00 43 00 03 00 00 46 58 16 
接收时间：2016-09-11 18:29:59.651
接收内容：68 47 00 C3 05 08 00 00 00 00 00 10 88 CF 85 01 00 43 00 03 00 01 02 06 0A 04 54 4F 50 53 0A 04 31 2E 30 31 0A 06 31 36 30 36 31 35 0A 04 31 2E 30 30 0A 06 31 35 30 36 30 31 0A 08 20 20 20 20 20 20 20 20 00 00 1E 24 16 
TOPS
101
160615
100
150601

―――――――――――――――――――――――――――
读取生产日期
―――――――――――――――――――――――――――
发送时间：2016-09-11 18:29:59.667
发送内容：68 17 00 43 05 08 00 00 00 00 00 10 1F B7 05 01 01 43 00 04 00 00 68 D0 16 
接收时间：2016-09-11 18:29:59.838
接收内容：68 19 00 C3 05 08 00 00 00 00 00 10 15 3A 85 01 01 43 00 04 00 00 00 00 A9 D0 16 

―――――――――――――――――――――――――――
读取支持规约列表
―――――――――――――――――――――――――――
发送时间：2016-09-11 18:29:59.854
发送内容：68 17 00 43 05 08 00 00 00 00 00 10 1F B7 05 01 02 43 00 06 00 00 AD 69 16 
接收时间：2016-09-11 18:29:59.979
接收内容：68 28 00 C3 05 08 00 00 00 00 00 10 4B FC 85 01 02 43 00 06 00 01 01 01 0A 0B 44 4C 2F 54 20 36 39 38 2E 34 35 00 00 D8 BD 16 
DL/T69845
―――――――――――――――――――――――――――
读取无线公网设备版本信息
―――――――――――――――――――――――――――
发送时间：2016-09-11 18:29:59.994
发送内容：68 17 00 43 05 08 00 00 00 00 00 10 1F B7 05 01 03 45 00 05 00 00 7A B9 16 
接收时间：2016-09-11 18:30:00.150
接收内容：68 41 00 C3 05 08 00 00 00 00 00 10 FF 3A 85 01 03 45 00 05 00 01 02 06 0A 04 51 75 65 63 0A 04 30 31 30 32 0A 03 26 09 14 0A 04 4D 37 32 44 0A 03 04 12 12 0A 08 4D 37 32 2D 44 52 47 57 00 00 99 BA 16 
Quec
0102

M72D

M72DRGW
――――――――――
检测结论：合格
――――――――――
==================================================
1. 读取终端信息  测试结束  表位号：8
==================================================