==================================================
6. 状态量采集  测试开始  表位号：8
==================================================
―――――――――――――――――――――――――――
禁止终端主动上报
―――――――――――――――――――――――――――
发送时间：2016-09-12 15:43:05.400
发送内容：68 19 00 43 05 08 00 00 00 00 00 10 C2 FE 06 01 00 43 00 08 00 03 00 00 DD 1F 16 
接收时间：2016-09-12 15:43:05.790
接收内容：68 19 00 C3 05 08 00 00 00 00 00 10 15 3A 86 01 00 43 00 08 00 00 00 00 4F 52 16 
成功。
―――――――――――――――――――――――――――
数据区初始化
―――――――――――――――――――――――――――
发送时间：2016-09-12 15:43:05.790
发送内容：68 18 00 43 05 08 00 00 00 00 00 10 53 AB 07 01 01 43 00 03 00 00 00 3D D3 16 
接收时间：2016-09-12 15:43:05.900
接收内容：68 1A 00 C3 05 08 00 00 00 00 00 10 A6 C4 87 01 01 43 00 03 00 00 00 00 00 90 7F 16 
成功。
―――――――――――――――――――――――――――
等待 120 秒…
―――――――――――――――――――――――――――
延时等待结束。
―――――――――――――――――――――――――――
设置开关量输入状态
―――――――――――――――――――――――――――
发送时间：2016-09-12 15:45:07.580
发送内容：68 1F 00 43 05 08 00 00 00 00 00 10 B5 0B 06 01 02 F2 03 04 00 02 02 04 08 00 04 08 00 00 07 51 16 
接收时间：2016-09-12 15:45:08.157
接收内容：68 19 00 C3 05 08 00 00 00 00 00 10 15 3A 86 01 02 F2 03 04 00 00 00 00 EF ED 16 
成功。
―――――――――――――――――――――――――――
读取开关量输入状态
―――――――――――――――――――――――――――
发送时间：2016-09-12 15:45:08.157
发送内容：68 17 00 43 05 08 00 00 00 00 00 10 1F B7 05 01 03 F2 03 04 00 00 33 A8 16 
接收时间：2016-09-12 15:45:08.282
接收内容：68 21 00 C3 05 08 00 00 00 00 00 10 70 15 85 01 03 F2 03 04 00 01 02 02 04 08 00 04 08 00 00 00 02 3F 16 
数据1：00000000
数据2：00000000
―――――――――――――――――――――――――――
读取时钟
―――――――――――――――――――――――――――
发送时间：2016-09-12 15:45:08.282
发送内容：68 17 00 43 05 08 00 00 00 00 00 10 1F B7 05 01 04 40 00 02 00 00 FA 0F 16 
接收时间：2016-09-12 15:45:08.890
接收内容：68 21 00 C3 05 08 00 00 00 00 00 10 70 15 85 01 04 40 00 02 00 01 1C 07 E0 09 0D 00 1A 16 00 00 80 52 16 
2016-09-13 00:26:22
―――――――――――――――――――――――――――
改变台体遥信状态
―――――――――――――――――――――――――――
发送时间：2016-09-12 15:45:08.890
发送内容：cmd=0403,data=8;FF
接收时间：2016-09-12 15:45:09.389
接收内容：CMD=0403,RET=0,DATA=NULL
―――――――――――――――――――――――――――
延时等待 10 秒…
―――――――――――――――――――――――――――
延时等待结束。
―――――――――――――――――――――――――――
读取开关量单元
―――――――――――――――――――――――――――
发送时间：2016-09-12 15:45:19.529
发送内容：68 17 00 43 05 08 00 00 00 00 00 10 1F B7 05 01 05 F2 03 02 00 00 10 66 16 
接收时间：2016-09-12 15:45:19.763
接收内容：68 33 00 C3 05 08 00 00 00 00 00 10 17 CF 85 01 05 F2 03 02 00 01 01 04 02 02 11 00 11 00 02 02 11 00 11 00 02 02 11 00 11 00 02 02 11 00 11 00 00 00 EF 09 16 
第 1 路开关量单元，数据1：ST;CD=0;0   数据2：ST;CD=0;0
第 2 路开关量单元，数据1：ST;CD=0;0   数据2：ST;CD=0;0
第 3 路开关量单元，数据1：ST;CD=0;0   数据2：ST;CD=0;0
第 4 路开关量单元，数据1：ST;CD=0;0   数据2：ST;CD=0;0
―――――――――――――――――――――――――――
读取上一次终端开关量变位事件
―――――――――――――――――――――――――――
发送时间：2016-09-12 15:45:19.763
发送内容：68 17 00 43 05 08 00 00 00 00 00 10 1F B7 05 01 06 31 04 02 01 00 2F 72 16 
接收时间：2016-09-12 15:45:19.888
接收内容：68 1A 00 C3 05 08 00 00 00 00 00 10 A6 C4 85 01 06 31 04 02 01 00 FF 00 00 AC 18 16 
无事件数据
―――――――――――――――――――――――――――
恢复台体遥信状态
―――――――――――――――――――――――――――
发送时间：2016-09-12 15:45:19.888
发送内容：cmd=0403,data=8;00
接收时间：2016-09-12 15:45:20.387
接收内容：CMD=0403,RET=0,DATA=NULL
―――――――――――――――――――――――――――
延时等待 10 秒…
―――――――――――――――――――――――――――
延时等待结束。
―――――――――――――――――――――――――――
设置开关量输入状态
―――――――――――――――――――――――――――
发送时间：2016-09-12 15:45:30.527
发送内容：68 1F 00 43 05 08 00 00 00 00 00 10 B5 0B 06 01 07 F2 03 04 00 02 02 04 08 F0 04 08 F0 00 FA 3F 16 
接收时间：2016-09-12 15:45:30.933
接收内容：68 19 00 C3 05 08 00 00 00 00 00 10 15 3A 86 01 07 F2 03 04 00 00 00 00 8E 7A 16 
―――――――――――――――――――――――――――
读取开关量输入状态
―――――――――――――――――――――――――――
发送时间：2016-09-12 15:45:30.949
发送内容：68 17 00 43 05 08 00 00 00 00 00 10 1F B7 05 01 08 F2 03 04 00 00 16 85 16 
接收时间：2016-09-12 15:45:31.058
接收内容：68 21 00 C3 05 08 00 00 00 00 00 10 70 15 85 01 08 F2 03 04 00 01 02 02 04 08 F0 04 08 F0 00 00 70 B9 16 
11110000;11110000
―――――――――――――――――――――――――――
读取时钟
―――――――――――――――――――――――――――
发送时间：2016-09-12 15:45:31.058
发送内容：68 17 00 43 05 08 00 00 00 00 00 10 1F B7 05 01 09 40 00 02 00 00 25 3A 16 
接收时间：2016-09-12 15:45:31.167
接收内容：68 21 00 C3 05 08 00 00 00 00 00 10 70 15 85 01 09 40 00 02 00 01 1C 07 E0 09 0D 00 1A 2C 00 00 E2 51 16 
2016-09-13 00:26:44
―――――――――――――――――――――――――――
改变台体遥信状态
―――――――――――――――――――――――――――
发送时间：2016-09-12 15:45:31.183
发送内容：cmd=0403,data=8;FF
接收时间：2016-09-12 15:45:31.682
接收内容：CMD=0403,RET=0,DATA=NULL
―――――――――――――――――――――――――――
延时等待 10 秒…
―――――――――――――――――――――――――――
延时等待结束。
―――――――――――――――――――――――――――
读取开关量输入开关量单元
―――――――――――――――――――――――――――
发送时间：2016-09-12 15:45:41.822
发送内容：68 17 00 43 05 08 00 00 00 00 00 10 1F B7 05 01 0A F2 03 02 00 00 99 5B 16 
接收时间：2016-09-12 15:45:41.931
接收内容：68 33 00 C3 05 08 00 00 00 00 00 10 17 CF 85 01 0A F2 03 02 00 01 01 04 02 02 11 00 11 01 02 02 11 00 11 01 02 02 11 00 11 01 02 02 11 00 11 01 00 00 40 42 16 
第 1 路开关量单元，数据1：ST;CD=0;1   数据2：ST;CD=0;1
第 2 路开关量单元，数据1：ST;CD=0;1   数据2：ST;CD=0;1
第 3 路开关量单元，数据1：ST;CD=0;1   数据2：ST;CD=0;1
第 4 路开关量单元，数据1：ST;CD=0;1   数据2：ST;CD=0;1
―――――――――――――――――――――――――――
读取上一次终端开关量变位事件
―――――――――――――――――――――――――――
发送时间：2016-09-12 15:45:41.931
发送内容：68 17 00 43 05 08 00 00 00 00 00 10 1F B7 05 01 0B 31 04 02 01 00 F0 47 16 
接收时间：2016-09-12 15:45:42.056
接收内容：68 65 00 C3 05 08 00 00 00 00 00 10 20 86 85 01 0B 31 04 02 01 01 02 0A 06 00 00 00 00 1C 07 E0 09 0D 00 1A 2D 1C 07 E0 09 0D 00 1A 2D 00 01 02 02 02 51 45 00 00 00 16 00 02 02 51 45 10 00 00 16 00 1C 07 E0 09 0D 00 1A 2D 02 02 11 00 11 01 02 02 11 00 11 01 02 02 11 00 11 01 02 02 11 00 11 01 00 00 3B 05 16 
事件发生时间：2016-09-13 00:26:45
第 1 路开关量单元，数据1：ST;CD=0;1   数据2：ST;CD=0;1
第 2 路开关量单元，数据1：ST;CD=0;1   数据2：ST;CD=0;1
第 3 路开关量单元，数据1：ST;CD=0;1   数据2：ST;CD=0;1
第 4 路开关量单元，数据1：ST;CD=0;1   数据2：ST;CD=0;1
―――――――――――――――――――――――――――
读取时钟
―――――――――――――――――――――――――――
发送时间：2016-09-12 15:45:42.056
发送内容：68 17 00 43 05 08 00 00 00 00 00 10 1F B7 05 01 0C 40 00 02 00 00 A2 2E 16 
接收时间：2016-09-12 15:45:42.165
接收内容：68 21 00 C3 05 08 00 00 00 00 00 10 70 15 85 01 0C 40 00 02 00 01 1C 07 E0 09 0D 00 1A 37 00 00 A3 5B 16 
2016-09-13 00:26:55
―――――――――――――――――――――――――――
恢复台体遥信状态
―――――――――――――――――――――――――――
发送时间：2016-09-12 15:45:42.181
发送内容：cmd=0403,data=8;00
接收时间：2016-09-12 15:45:42.680
接收内容：CMD=0403,RET=0,DATA=NULL
―――――――――――――――――――――――――――
延时等待 10 秒…
―――――――――――――――――――――――――――
延时等待结束。
―――――――――――――――――――――――――――
读取开关量输入开关量单元
―――――――――――――――――――――――――――
发送时间：2016-09-12 15:45:52.820
发送内容：68 17 00 43 05 08 00 00 00 00 00 10 1F B7 05 01 0D F2 03 02 00 00 48 47 16 
接收时间：2016-09-12 15:45:52.929
接收内容：68 33 00 C3 05 08 00 00 00 00 00 10 17 CF 85 01 0D F2 03 02 00 01 01 04 02 02 11 01 11 01 02 02 11 01 11 01 02 02 11 01 11 01 02 02 11 01 11 01 00 00 51 38 16 
第 1 路开关量单元，数据1：ST;CD=1;1   数据2：ST;CD=1;1
第 2 路开关量单元，数据1：ST;CD=1;1   数据2：ST;CD=1;1
第 3 路开关量单元，数据1：ST;CD=1;1   数据2：ST;CD=1;1
第 4 路开关量单元，数据1：ST;CD=1;1   数据2：ST;CD=1;1
―――――――――――――――――――――――――――
读取上一次终端开关量变位事件
―――――――――――――――――――――――――――
发送时间：2016-09-12 15:45:52.929
发送内容：68 17 00 43 05 08 00 00 00 00 00 10 1F B7 05 01 0E 31 04 02 01 00 77 53 16 
接收时间：2016-09-12 15:45:53.054
接收内容：68 65 00 C3 05 08 00 00 00 00 00 10 20 86 85 01 0E 31 04 02 01 01 02 0A 06 00 00 00 01 1C 07 E0 09 0D 00 1A 38 1C 07 E0 09 0D 00 1A 38 00 01 02 02 02 51 45 00 00 00 16 00 02 02 51 45 10 00 00 16 00 1C 07 E0 09 0D 00 1A 38 02 02 11 01 11 01 02 02 11 01 11 01 02 02 11 01 11 01 02 02 11 01 11 01 00 00 B8 2F 16 
事件发生时间：2016-09-13 00:26:56
第 1 路开关量单元，数据1：ST;CD=1;1   数据2：ST;CD=1;1
第 2 路开关量单元，数据1：ST;CD=1;1   数据2：ST;CD=1;1
第 3 路开关量单元，数据1：ST;CD=1;1   数据2：ST;CD=1;1
第 4 路开关量单元，数据1：ST;CD=1;1   数据2：ST;CD=1;1
―――――――――――――――――――――――――――
设置开关量输入状态
―――――――――――――――――――――――――――
发送时间：2016-09-12 15:45:53.054
发送内容：68 1F 00 43 05 08 00 00 00 00 00 10 B5 0B 06 01 0F F2 03 04 00 02 02 04 08 F0 04 08 F0 00 99 D0 16 
接收时间：2016-09-12 15:45:53.179
接收内容：68 19 00 C3 05 08 00 00 00 00 00 10 15 3A 86 01 0F F2 03 04 00 00 00 00 32 57 16 
―――――――――――――――――――――――――――
读取开关量输入状态
―――――――――――――――――――――――――――
发送时间：2016-09-12 15:45:53.179
发送内容：68 17 00 43 05 08 00 00 00 00 00 10 1F B7 05 01 10 F2 03 02 00 00 27 30 16 
接收时间：2016-09-12 15:45:53.288
接收内容：68 33 00 C3 05 08 00 00 00 00 00 10 17 CF 85 01 10 F2 03 02 00 01 01 04 02 02 11 01 11 00 02 02 11 01 11 00 02 02 11 01 11 00 02 02 11 01 11 00 00 00 C1 E5 16 
第 1 路开关量单元，数据1：ST;CD=1;0   数据2：ST;CD=1;0
第 2 路开关量单元，数据1：ST;CD=1;0   数据2：ST;CD=1;0
第 3 路开关量单元，数据1：ST;CD=1;0   数据2：ST;CD=1;0
第 4 路开关量单元，数据1：ST;CD=1;0   数据2：ST;CD=1;0
―――――――――――――――――――――――――――
读取时钟
―――――――――――――――――――――――――――
发送时间：2016-09-12 15:45:53.288
发送内容：68 17 00 43 05 08 00 00 00 00 00 10 1F B7 05 01 11 40 00 02 00 00 CD 59 16 
接收时间：2016-09-12 15:45:53.413
接收内容：68 21 00 C3 05 08 00 00 00 00 00 10 70 15 85 01 11 40 00 02 00 01 1C 07 E0 09 0D 00 1B 07 00 00 88 96 16 
2016-09-13 00:27:07
―――――――――――――――――――――――――――
改变台体遥信状态
―――――――――――――――――――――――――――
发送时间：2016-09-12 15:45:53.413
发送内容：cmd=0403,data=8;FF
接收时间：2016-09-12 15:45:53.912
接收内容：CMD=0403,RET=0,DATA=NULL
―――――――――――――――――――――――――――
延时等待 10 秒…
―――――――――――――――――――――――――――
延时等待结束。
―――――――――――――――――――――――――――
读取开关量输入开关量单元
―――――――――――――――――――――――――――
发送时间：2016-09-12 15:46:04.052
发送内容：68 17 00 43 05 08 00 00 00 00 00 10 1F B7 05 01 12 F2 03 02 00 00 71 38 16 
接收时间：2016-09-12 15:46:04.161
接收内容：68 33 00 C3 05 08 00 00 00 00 00 10 17 CF 85 01 12 F2 03 02 00 01 01 04 02 02 11 00 11 01 02 02 11 00 11 01 02 02 11 00 11 01 02 02 11 00 11 01 00 00 0F E9 16 
第 1 路开关量单元，数据1：ST;CD=0;1   数据2：ST;CD=0;1
第 2 路开关量单元，数据1：ST;CD=0;1   数据2：ST;CD=0;1
第 3 路开关量单元，数据1：ST;CD=0;1   数据2：ST;CD=0;1
第 4 路开关量单元，数据1：ST;CD=0;1   数据2：ST;CD=0;1
―――――――――――――――――――――――――――
读取上一次终端开关量变位事件
―――――――――――――――――――――――――――
发送时间：2016-09-12 15:46:04.161
发送内容：68 17 00 43 05 08 00 00 00 00 00 10 1F B7 05 01 13 31 04 02 01 00 18 24 16 
接收时间：2016-09-12 15:46:04.286
接收内容：68 65 00 C3 05 08 00 00 00 00 00 10 20 86 85 01 13 31 04 02 01 01 02 0A 06 00 00 00 02 1C 07 E0 09 0D 00 1B 07 1C 07 E0 09 0D 00 1B 07 00 01 02 02 02 51 45 00 00 00 16 00 02 02 51 45 10 00 00 16 00 1C 07 E0 09 0D 00 1B 07 02 02 11 00 11 01 02 02 11 00 11 01 02 02 11 00 11 01 02 02 11 00 11 01 00 00 BE 0A 16 
事件发生时间：2016-09-13 00:27:07
第 1 路开关量单元，数据1：ST;CD=0;1   数据2：ST;CD=0;1
第 2 路开关量单元，数据1：ST;CD=0;1   数据2：ST;CD=0;1
第 3 路开关量单元，数据1：ST;CD=0;1   数据2：ST;CD=0;1
第 4 路开关量单元，数据1：ST;CD=0;1   数据2：ST;CD=0;1
―――――――――――――――――――――――――――
读取时钟
―――――――――――――――――――――――――――
发送时间：2016-09-12 15:46:04.286
发送内容：68 17 00 43 05 08 00 00 00 00 00 10 1F B7 05 01 14 40 00 02 00 00 4A 4D 16 
接收时间：2016-09-12 15:46:04.411
接收内容：68 21 00 C3 05 08 00 00 00 00 00 10 70 15 85 01 14 40 00 02 00 01 1C 07 E0 09 0D 00 1B 12 00 00 D2 8C 16 
2016-09-13 00:27:18
―――――――――――――――――――――――――――
恢复台体遥信状态
―――――――――――――――――――――――――――
发送时间：2016-09-12 15:46:04.411
发送内容：cmd=0403,data=8;00
接收时间：2016-09-12 15:46:04.910
接收内容：CMD=0403,RET=0,DATA=NULL
―――――――――――――――――――――――――――
延时等待 10 秒…
―――――――――――――――――――――――――――
延时等待结束。
―――――――――――――――――――――――――――
读取开关量输入开关量单元
―――――――――――――――――――――――――――
发送时间：2016-09-12 15:46:15.050
发送内容：68 17 00 43 05 08 00 00 00 00 00 10 1F B7 05 01 15 F2 03 02 00 00 A0 24 16 
接收时间：2016-09-12 15:46:15.159
接收内容：68 33 00 C3 05 08 00 00 00 00 00 10 17 CF 85 01 15 F2 03 02 00 01 01 04 02 02 11 01 11 01 02 02 11 01 11 01 02 02 11 01 11 01 02 02 11 01 11 01 00 00 1E 93 16 
第 1 路开关量单元，数据1：ST;CD=1;1   数据2：ST;CD=1;1
第 2 路开关量单元，数据1：ST;CD=1;1   数据2：ST;CD=1;1
第 3 路开关量单元，数据1：ST;CD=1;1   数据2：ST;CD=1;1
第 4 路开关量单元，数据1：ST;CD=1;1   数据2：ST;CD=1;1
―――――――――――――――――――――――――――
读取上一次终端开关量变位事件
―――――――――――――――――――――――――――
发送时间：2016-09-12 15:46:15.159
发送内容：68 17 00 43 05 08 00 00 00 00 00 10 1F B7 05 01 16 31 04 02 01 00 9F 30 16 
接收时间：2016-09-12 15:46:15.284
接收内容：68 65 00 C3 05 08 00 00 00 00 00 10 20 86 85 01 16 31 04 02 01 01 02 0A 06 00 00 00 03 1C 07 E0 09 0D 00 1B 12 1C 07 E0 09 0D 00 1B 12 00 01 02 02 02 51 45 00 00 00 16 00 02 02 51 45 10 00 00 16 00 1C 07 E0 09 0D 00 1B 12 02 02 11 01 11 01 02 02 11 01 11 01 02 02 11 01 11 01 02 02 11 01 11 01 00 00 3D 20 16 
事件发生时间：2016-09-13 00:27:18
第 1 路开关量单元，数据1：ST;CD=1;1   数据2：ST;CD=1;1
第 2 路开关量单元，数据1：ST;CD=1;1   数据2：ST;CD=1;1
第 3 路开关量单元，数据1：ST;CD=1;1   数据2：ST;CD=1;1
第 4 路开关量单元，数据1：ST;CD=1;1   数据2：ST;CD=1;1
―――――――――――――――――――――――――――
清除终端开关量变位事件
―――――――――――――――――――――――――――
发送时间：2016-09-12 15:46:15.284
发送内容：68 19 00 43 05 08 00 00 00 00 00 10 C2 FE 07 01 17 31 04 01 00 0F 00 00 10 36 16 
接收时间：2016-09-12 15:46:15.393
接收内容：68 1B 00 C3 05 08 00 00 00 00 00 10 37 91 87 01 17 31 04 01 00 00 00 04 00 00 3E 69 16 
成功。
――――――――――
检测结论：合格
――――――――――
==================================================
6. 状态量采集  测试结束  表位号：8
==================================================