==================================================
15. 历史日数据  测试开始  表位号：8
==================================================
―――――――――――――――――――――――――――
清空采集任务配置表
―――――――――――――――――――――――――――
发送时间：2016-09-12 10:29:55.236
发送内容：68 18 00 43 05 08 00 00 00 00 00 10 53 AB 07 01 00 60 12 81 00 00 00 25 73 16 
接收时间：2016-09-12 10:29:55.346
接收内容：68 1A 00 C3 05 08 00 00 00 00 00 10 A6 C4 87 01 00 60 12 81 00 00 00 00 00 CB 81 16 
清空任务配置表成功！
―――――――――――――――――――――――――――
清空普通采集方案
―――――――――――――――――――――――――――
发送时间：2016-09-12 10:29:55.361
发送内容：68 18 00 43 05 08 00 00 00 00 00 10 53 AB 07 01 01 60 14 81 00 00 00 68 D7 16 
接收时间：2016-09-12 10:29:55.470
接收内容：68 1A 00 C3 05 08 00 00 00 00 00 10 A6 C4 87 01 01 60 14 81 00 00 00 00 00 FB 94 16 
清空普通采集方案 成功。
―――――――――――――――――――――――――――
终端校时到 2016-09-12 12:00:00
―――――――――――――――――――――――――――
发送时间：2016-09-12 10:29:55.502
发送内容：68 1F 00 43 05 08 00 00 00 00 00 10 B5 0B 06 01 02 40 00 02 00 1C 07 E0 09 0C 0C 00 00 00 D9 AF 16 
接收时间：2016-09-12 10:29:55.845
接收内容：68 19 00 C3 05 08 00 00 00 00 00 10 15 3A 86 01 02 40 00 02 00 00 00 00 E6 BD 16 
终端校时 成功。
―――――――――――――――――――――――――――
数据区初始化
―――――――――――――――――――――――――――
发送时间：2016-09-12 10:29:55.845
发送内容：68 18 00 43 05 08 00 00 00 00 00 10 53 AB 07 01 03 43 00 03 00 00 00 86 E4 16 
接收时间：2016-09-12 10:29:56.016
接收内容：68 1A 00 C3 05 08 00 00 00 00 00 10 A6 C4 87 01 03 43 00 03 00 00 00 00 00 6A E4 16 
数据区初始化 成功！
―――――――――――――――――――――――――――
等待 120 秒…
―――――――――――――――――――――――――――
延时等待结束。
―――――――――――――――――――――――――――
下装普通采集方案
―――――――――――――――――――――――――――
发送时间：2016-09-12 10:31:57.746
发送内容：68 3F 00 43 05 08 00 00 00 00 00 10 3F E9 07 01 04 60 14 7F 00 01 01 02 06 11 01 12 01 00 02 02 11 01 11 01 01 01 5B 01 50 04 02 00 03 20 21 02 00 00 10 02 00 00 20 02 00 5C 01 16 04 00 DD 90 16 
接收时间：2016-09-12 10:31:57.855
接收内容：68 1A 00 C3 05 08 00 00 00 00 00 10 A6 C4 87 01 04 60 14 7F 00 00 00 00 00 E2 1F 16 
下装普通采集方案 成功！
―――――――――――――――――――――――――――
下装采集任务
―――――――――――――――――――――――――――
发送时间：2016-09-12 10:31:57.871
发送内容：68 53 00 43 05 08 00 00 00 00 00 10 4F 24 07 01 05 60 12 7F 00 01 01 02 0C 11 01 54 03 00 01 16 01 11 01 1C 07 E0 09 0C 00 02 00 1C 08 33 09 09 09 09 09 54 00 00 00 16 02 16 01 12 00 00 12 00 00 02 02 16 00 01 01 02 04 11 00 11 00 11 17 11 3B 00 96 89 16 
接收时间：2016-09-12 10:31:57.996
接收内容：68 1A 00 C3 05 08 00 00 00 00 00 10 A6 C4 87 01 05 60 12 7F 00 00 00 00 00 D2 0A 16 
下装采集任务 成功！
―――――――――――――――――――――――――――
终端校时到 2016-09-12 23:59:50
―――――――――――――――――――――――――――
发送时间：2016-09-12 10:31:57.996
发送内容：68 1F 00 43 05 08 00 00 00 00 00 10 B5 0B 06 01 06 40 00 02 00 1C 07 E0 09 0C 17 3B 32 00 CE 75 16 
接收时间：2016-09-12 10:31:58.339
接收内容：68 19 00 C3 05 08 00 00 00 00 00 10 15 3A 86 01 06 40 00 02 00 00 00 00 38 AB 16 
终端校时 成功。
―――――――――――――――――――――――――――
等待 240 秒…
―――――――――――――――――――――――――――
延时等待结束。
―――――――――――――――――――――――――――
读取采集任务监控数据
―――――――――――――――――――――――――――
发送时间：2016-09-12 10:36:01.715
发送内容：68 1F 00 43 05 08 00 00 00 00 00 10 B5 0B 05 03 07 60 34 02 00 01 60 35 02 01 11 01 00 00 DA 5C 16 
接收时间：2016-09-12 10:36:02.245
接收内容：68 42 00 C3 05 08 00 00 00 00 00 10 4C C4 85 03 07 60 34 02 00 01 00 60 35 02 00 01 01 02 08 11 01 16 02 1C 07 E0 09 0D 00 00 00 1C 07 E0 09 0D 00 00 10 12 00 02 12 00 02 12 00 02 12 00 02 00 00 D2 4E 16 
读取采集任务检测数据并验证成功！
―――――――――――――――――――――――――――
读取电表历史日数据
―――――――――――――――――――――――――――
发送时间：2016-09-12 10:36:02.245
发送内容：68 47 00 43 05 08 00 00 00 00 00 10 5F 0B 05 03 08 60 12 03 00 05 07 E0 09 0C 00 00 00 01 05 00 40 01 02 00 00 60 40 02 00 00 60 41 02 00 00 60 42 02 00 01 50 04 02 00 03 20 21 02 00 00 10 02 00 00 20 02 00 00 07 6B 16 
接收时间：2016-09-12 10:36:02.604
接收内容：68 03 01 C3 05 08 00 00 00 00 00 10 FF 70 85 03 08 60 12 03 00 05 00 40 01 02 00 00 60 40 02 00 00 60 41 02 00 00 60 42 02 00 01 50 04 02 00 03 20 21 02 00 00 10 02 00 00 20 02 00 01 02 55 07 05 00 00 00 00 00 01 1C 07 E0 09 0D 00 00 00 1C 07 E0 09 0D 00 00 0F 1C 07 E0 09 0C 00 00 00 01 03 1C 07 E0 09 0C 00 00 00 01 05 06 00 00 00 00 06 00 00 00 00 06 00 00 00 00 06 00 00 00 00 06 00 00 00 00 01 05 06 00 00 00 00 06 00 00 00 00 06 00 00 00 00 06 00 00 00 00 06 00 00 00 00 55 07 05 00 00 00 00 00 02 1C 07 E0 09 0D 00 00 00 1C 07 E0 09 0D 00 00 10 1C 07 E0 09 0C 00 00 00 01 03 1C 07 E0 09 0C 00 00 00 01 05 06 00 00 00 00 06 00 00 00 00 06 00 00 00 00 06 00 00 00 00 06 00 00 00 00 01 05 06 00 00 00 00 06 00 00 00 00 06 00 00 00 00 06 00 00 00 00 06 00 00 00 00 00 00 1D 52 16 
读取采集任务数据并验证成功！
―――――――――――――――――――――――――――
终端校时到 2016-09-13 23:59:50
―――――――――――――――――――――――――――
发送时间：2016-09-12 10:36:02.604
发送内容：68 1F 00 43 05 08 00 00 00 00 00 10 B5 0B 06 01 09 40 00 02 00 1C 07 E0 09 0D 17 3B 32 00 6E E1 16 
接收时间：2016-09-12 10:36:03.010
接收内容：68 19 00 C3 05 08 00 00 00 00 00 10 15 3A 86 01 09 40 00 02 00 00 00 00 8A 1A 16 
终端校时 成功。
―――――――――――――――――――――――――――
等待 240 秒…
―――――――――――――――――――――――――――
延时等待结束。
―――――――――――――――――――――――――――
读取采集任务监控数据
―――――――――――――――――――――――――――
发送时间：2016-09-12 10:40:06.370
发送内容：68 1F 00 43 05 08 00 00 00 00 00 10 B5 0B 05 03 0A 60 34 02 00 01 60 35 02 01 11 01 00 00 EA 3E 16 
接收时间：2016-09-12 10:40:07.056
接收内容：68 42 00 C3 05 08 00 00 00 00 00 10 4C C4 85 03 0A 60 34 02 00 01 00 60 35 02 00 01 01 02 08 11 01 16 02 1C 07 E0 09 0E 00 00 00 1C 07 E0 09 0E 00 00 10 12 00 02 12 00 02 12 00 02 12 00 02 00 00 0E 72 16 
读取采集任务检测数据并验证成功！
―――――――――――――――――――――――――――
读取电表历史日数据
―――――――――――――――――――――――――――
发送时间：2016-09-12 10:40:07.056
发送内容：68 47 00 43 05 08 00 00 00 00 00 10 5F 0B 05 03 0B 60 12 03 00 05 07 E0 09 0D 00 00 00 01 05 00 40 01 02 00 00 60 40 02 00 00 60 41 02 00 00 60 42 02 00 01 50 04 02 00 03 20 21 02 00 00 10 02 00 00 20 02 00 00 D7 AE 16 
接收时间：2016-09-12 10:40:07.431
接收内容：68 03 01 C3 05 08 00 00 00 00 00 10 FF 70 85 03 0B 60 12 03 00 05 00 40 01 02 00 00 60 40 02 00 00 60 41 02 00 00 60 42 02 00 01 50 04 02 00 03 20 21 02 00 00 10 02 00 00 20 02 00 01 02 55 07 05 00 00 00 00 00 01 1C 07 E0 09 0E 00 00 00 1C 07 E0 09 0E 00 00 0F 1C 07 E0 09 0D 00 00 00 01 03 1C 07 E0 09 0D 00 00 00 01 05 06 00 00 00 00 06 00 00 00 00 06 00 00 00 00 06 00 00 00 00 06 00 00 00 00 01 05 06 00 00 00 00 06 00 00 00 00 06 00 00 00 00 06 00 00 00 00 06 00 00 00 00 55 07 05 00 00 00 00 00 02 1C 07 E0 09 0E 00 00 00 1C 07 E0 09 0E 00 00 10 1C 07 E0 09 0D 00 00 00 01 03 1C 07 E0 09 0D 00 00 00 01 05 06 00 00 00 00 06 00 00 00 00 06 00 00 00 00 06 00 00 00 00 06 00 00 00 00 01 05 06 00 00 00 00 06 00 00 00 00 06 00 00 00 00 06 00 00 00 00 06 00 00 00 00 00 00 19 6F 16 
读取采集任务数据并验证成功！
――――――――――
检测结论：合格
――――――――――
==================================================
15. 历史日数据  测试结束  表位号：8
==================================================