==================================================
55. 终端维护  测试开始  表位号：8
==================================================
―――――――――――――――――――――――――――
读取时钟
―――――――――――――――――――――――――――
发送时间：2016-09-13 21:20:45.261
发送内容：68 17 00 43 05 08 00 00 00 00 00 10 1F B7 05 01 00 40 00 02 00 00 56 1F 16 
接收时间：2016-09-13 21:20:45.386
接收内容：68 21 00 C3 05 08 00 00 00 00 00 10 70 15 85 01 00 40 00 02 00 01 1C 07 E0 09 0E 02 05 34 00 00 CC A7 16 
终端时间: 2016-09-14 02:05:52
―――――――――――――――――――――――――――
读取上1次终端初始化事件
―――――――――――――――――――――――――――
发送时间：2016-09-13 21:20:45.386
发送内容：68 29 00 43 05 08 00 00 00 00 00 10 0D 6D 05 03 01 31 00 02 00 09 01 03 00 20 22 02 00 00 20 1E 02 00 00 20 20 02 00 00 B2 1C 16 
接收时间：2016-09-13 21:20:45.511
接收内容：68 3F 00 C3 05 08 00 00 00 00 00 10 E8 2D 85 03 01 31 00 02 00 03 00 20 22 02 00 00 20 1E 02 00 00 20 20 02 00 01 01 06 00 00 00 00 1C 07 E0 09 0E 02 05 1F 1C 07 E0 09 0E 02 05 1F 00 00 FF 5D 16 
读取上1次终端初始化事件成功！
―――――――――――――――――――――――――――
数据区初始化
―――――――――――――――――――――――――――
发送时间：2016-09-13 21:20:45.526
发送内容：68 18 00 43 05 08 00 00 00 00 00 10 53 AB 07 01 02 43 00 03 00 00 00 53 7B 16 
接收时间：2016-09-13 21:20:45.636
接收内容：68 1A 00 C3 05 08 00 00 00 00 00 10 A6 C4 87 01 02 43 00 03 00 00 00 00 00 97 A9 16 
复位成功！
―――――――――――――――――――――――――――
等待 120 秒…
―――――――――――――――――――――――――――
延时等待结束。
―――――――――――――――――――――――――――
读取上1次终端初始化事件
―――――――――――――――――――――――――――
发送时间：2016-09-13 21:22:47.345
发送内容：68 29 00 43 05 08 00 00 00 00 00 10 0D 6D 05 03 03 31 00 02 00 09 01 03 00 20 22 02 00 00 20 1E 02 00 00 20 20 02 00 00 3A AA 16 
接收时间：2016-09-13 21:22:47.469
接收内容：68 3F 00 C3 05 08 00 00 00 00 00 10 E8 2D 85 03 03 31 00 02 00 03 00 20 22 02 00 00 20 1E 02 00 00 20 20 02 00 01 01 06 00 00 00 00 1C 07 E0 09 0E 02 05 34 1C 07 E0 09 0E 02 05 34 00 00 2C C1 16 
读取上1次终端初始化事件并验证成功！
――――――――――
检测结论：合格
――――――――――
==================================================
55. 终端维护  测试结束  表位号：8
==================================================