
==================================================
5. 事件参数  测试开始  表位号：8
==================================================
―――――――――――――――――――――――――――
设置电能表时钟超差事件阈值
―――――――――――――――――――――――――――
发送时间：2016-09-11 18:30:26.935
发送内容：68 1C 00 43 05 08 00 00 00 00 00 10 06 F5 06 01 16 31 05 06 00 02 01 12 00 01 00 70 FD 16 
接收时间：2016-09-11 18:30:27.107
接收内容：68 19 00 C3 05 08 00 00 00 00 00 10 15 3A 86 01 16 31 05 06 00 00 00 00 4E 47 16 
―――――――――――――――――――――――――――
读取电能表时钟超差事件阈值
―――――――――――――――――――――――――――
发送时间：2016-09-11 18:30:27.107
发送内容：68 17 00 43 05 08 00 00 00 00 00 10 1F B7 05 01 17 31 05 06 00 00 B6 52 16 
接收时间：2016-09-11 18:30:27.216
接收内容：68 1E 00 C3 05 08 00 00 00 00 00 10 F3 9A 85 01 17 31 05 06 00 01 02 01 12 00 01 00 00 93 B9 16 
1
数据1：1
数据2：1
―――――――――――――――――――――――――――
设置终端停上电事件参数
―――――――――――――――――――――――――――
发送时间：2016-09-11 18:30:27.232
发送内容：68 41 00 43 05 08 00 00 00 00 00 10 28 FE 06 01 18 31 06 06 00 02 02 02 04 04 08 00 11 01 11 01 01 01 55 07 05 00 00 00 00 00 01 02 06 12 00 01 12 00 02 12 00 03 12 00 04 12 00 05 12 00 06 00 0B CD 16 
接收时间：2016-09-11 18:30:27.403
接收内容：68 19 00 C3 05 08 00 00 00 00 00 10 15 3A 86 01 18 31 06 06 00 00 00 00 3E 7B 16 
―――――――――――――――――――――――――――
读取终端停上电事件参数
―――――――――――――――――――――――――――
发送时间：2016-09-11 18:30:27.403
发送内容：68 17 00 43 05 08 00 00 00 00 00 10 1F B7 05 01 19 31 06 06 00 00 D9 4E 16 
接收时间：2016-09-11 18:30:27.575
接收内容：68 43 00 C3 05 08 00 00 00 00 00 10 DD 91 85 01 19 31 06 06 00 01 02 02 02 04 04 08 00 11 01 11 01 01 01 55 07 05 00 00 00 00 00 01 02 06 12 00 01 12 00 02 12 00 03 12 00 04 12 00 05 12 00 06 00 00 CA 45 16 
00000000,1,1;1,2,3,4,5,6
数据1：00000000,1,1;1,2,3,4,5,6
数据2：00000000,1,1;1,2,3,4,5,6
―――――――――――――――――――――――――――
设置电能量超差事件阈值
―――――――――――――――――――――――――――
发送时间：2016-09-11 18:30:27.575
发送内容：68 1E 00 43 05 08 00 00 00 00 00 10 24 5E 06 01 1A 31 0C 06 00 02 01 06 00 00 00 01 00 71 56 16 
接收时间：2016-09-11 18:30:27.731
接收内容：68 19 00 C3 05 08 00 00 00 00 00 10 15 3A 86 01 1A 31 0C 06 00 00 00 00 5F 59 16 
―――――――――――――――――――――――――――
读取电能量超差事件阈值
―――――――――――――――――――――――――――
发送时间：2016-09-11 18:30:27.747
发送内容：68 17 00 43 05 08 00 00 00 00 00 10 1F B7 05 01 1B 31 0C 06 00 00 21 9A 16 
接收时间：2016-09-11 18:30:27.934
接收内容：68 20 00 C3 05 08 00 00 00 00 00 10 E1 40 85 01 1B 31 0C 06 00 01 02 01 06 00 00 00 01 00 00 11 CE 16 
1
数据1：1
数据2：1
―――――――――――――――――――――――――――
设置电能表飞走事件阈值
―――――――――――――――――――――――――――
发送时间：2016-09-11 18:30:27.934
发送内容：68 1E 00 43 05 08 00 00 00 00 00 10 24 5E 06 01 1C 31 0D 06 00 02 01 06 00 00 00 01 00 0E 1E 16 
接收时间：2016-09-11 18:30:28.105
接收内容：68 19 00 C3 05 08 00 00 00 00 00 10 15 3A 86 01 1C 31 0D 06 00 00 00 00 C5 40 16 
―――――――――――――――――――――――――――
读取电能表飞走事件阈值
―――――――――――――――――――――――――――
发送时间：2016-09-11 18:30:28.105
发送内容：68 17 00 43 05 08 00 00 00 00 00 10 1F B7 05 01 1D 31 0D 06 00 00 60 9E 16 
接收时间：2016-09-11 18:30:28.230
接收内容：68 20 00 C3 05 08 00 00 00 00 00 10 E1 40 85 01 1D 31 0D 06 00 01 02 01 06 00 00 00 01 00 00 51 73 16 
1
数据1：1
数据2：1
―――――――――――――――――――――――――――
设置电能表停走事件阈值
―――――――――――――――――――――――――――
发送时间：2016-09-11 18:30:28.230
发送内容：68 1D 00 43 05 08 00 00 00 00 00 10 97 A0 06 01 1E 31 0E 06 00 02 01 54 01 00 02 00 C3 1B 16 
接收时间：2016-09-11 18:30:28.620
接收内容：68 19 00 C3 05 08 00 00 00 00 00 10 15 3A 86 01 1E 31 0E 06 00 00 00 00 D7 47 16 
―――――――――――――――――――――――――――
读取电能表停走事件阈值
―――――――――――――――――――――――――――
发送时间：2016-09-11 18:30:28.620
发送内容：68 17 00 43 05 08 00 00 00 00 00 10 1F B7 05 01 1F 31 0E 06 00 00 FB B3 16 
接收时间：2016-09-11 18:30:28.745
接收内容：68 1F 00 C3 05 08 00 00 00 00 00 10 62 CF 85 01 1F 31 0E 06 00 01 02 01 54 01 00 02 00 00 DE 8C 16 
1;2
数据1：1;2
数据2：1;2
―――――――――――――――――――――――――――
设置月通信流量超限事件阈值
―――――――――――――――――――――――――――
发送时间：2016-09-11 18:30:28.745
发送内容：68 1E 00 43 05 08 00 00 00 00 00 10 24 5E 06 01 20 31 10 06 00 02 01 06 00 00 00 01 00 89 0C 16 
接收时间：2016-09-11 18:30:28.932
接收内容：68 19 00 C3 05 08 00 00 00 00 00 10 15 3A 86 01 20 31 10 06 00 00 00 00 40 E1 16 
―――――――――――――――――――――――――――
读取月通信流量超限事件阈值
―――――――――――――――――――――――――――
发送时间：2016-09-11 18:30:28.932
发送内容：68 17 00 43 05 08 00 00 00 00 00 10 1F B7 05 01 21 31 10 06 00 00 6A 20 16 
接收时间：2016-09-11 18:30:29.041
接收内容：68 20 00 C3 05 08 00 00 00 00 00 10 E1 40 85 01 21 31 10 06 00 01 02 01 06 00 00 00 01 00 00 06 81 16 
1
数据1：1
数据2：1
――――――――――
检测结论：合格
――――――――――
==================================================
5. 事件参数  测试结束  表位号：8
==================================================