==================================================
16. 历史月数据  测试开始  表位号：8
==================================================
―――――――――――――――――――――――――――
清空采集任务配置表
―――――――――――――――――――――――――――
发送时间：2016-09-12 13:23:52.481
发送内容：68 18 00 43 05 08 00 00 00 00 00 10 53 AB 07 01 00 60 12 81 00 00 00 25 73 16 
接收时间：2016-09-12 13:23:52.808
接收内容：68 1A 00 C3 05 08 00 00 00 00 00 10 A6 C4 87 01 00 60 12 81 00 00 00 00 00 CB 81 16 
清空任务配置表成功！
―――――――――――――――――――――――――――
清空普通采集方案
―――――――――――――――――――――――――――
发送时间：2016-09-12 13:23:52.808
发送内容：68 18 00 43 05 08 00 00 00 00 00 10 53 AB 07 01 01 60 14 81 00 00 00 68 D7 16 
接收时间：2016-09-12 13:23:53.167
接收内容：68 1A 00 C3 05 08 00 00 00 00 00 10 A6 C4 87 01 01 60 14 81 00 00 00 00 00 FB 94 16 
清空普通采集方案 成功。
―――――――――――――――――――――――――――
终端校时到 2016-09-12 12:00:00
―――――――――――――――――――――――――――
发送时间：2016-09-12 13:23:53.183
发送内容：68 1F 00 43 05 08 00 00 00 00 00 10 B5 0B 06 01 02 40 00 02 00 1C 07 E0 09 0C 0C 00 00 00 D9 AF 16 
接收时间：2016-09-12 13:23:54.509
接收内容：68 19 00 C3 05 08 00 00 00 00 00 10 15 3A 86 01 02 40 00 02 00 00 00 00 E6 BD 16 
设置终端时间 成功。
―――――――――――――――――――――――――――
数据区初始化
―――――――――――――――――――――――――――
发送时间：2016-09-12 13:23:54.509
发送内容：68 18 00 43 05 08 00 00 00 00 00 10 53 AB 07 01 03 43 00 03 00 00 00 86 E4 16 
接收时间：2016-09-12 13:23:54.634
接收内容：68 1A 00 C3 05 08 00 00 00 00 00 10 A6 C4 87 01 03 43 00 03 00 00 00 00 00 6A E4 16 
初始化 成功！
―――――――――――――――――――――――――――
延时等待 120 秒…
―――――――――――――――――――――――――――
延时等待结束。
―――――――――――――――――――――――――――
下装普通采集方案
―――――――――――――――――――――――――――
发送时间：2016-09-12 13:25:56.314
发送内容：68 3F 00 43 05 08 00 00 00 00 00 10 3F E9 07 01 04 60 14 7F 00 01 01 02 06 11 01 12 01 00 02 02 11 01 11 01 01 01 5B 01 50 06 02 00 03 20 21 02 00 00 10 02 00 00 20 02 00 5C 01 16 05 00 DD E7 16 
接收时间：2016-09-12 13:25:56.423
接收内容：68 1A 00 C3 05 08 00 00 00 00 00 10 A6 C4 87 01 04 60 14 7F 00 00 00 00 00 E2 1F 16 
配置任务配置表 成功。
―――――――――――――――――――――――――――
下装采集任务
―――――――――――――――――――――――――――
发送时间：2016-09-12 13:25:56.423
发送内容：68 53 00 43 05 08 00 00 00 00 00 10 4F 24 07 01 05 60 12 7F 00 01 01 02 0C 11 01 54 04 00 01 16 01 11 01 1C 07 E0 09 0C 00 02 00 1C 08 33 09 09 09 09 09 54 00 00 00 16 02 16 01 12 00 00 12 00 00 02 02 16 00 01 01 02 04 11 00 11 00 11 17 11 3B 00 08 37 16 
接收时间：2016-09-12 13:25:56.548
接收内容：68 1A 00 C3 05 08 00 00 00 00 00 10 A6 C4 87 01 05 60 12 7F 00 00 00 00 00 D2 0A 16 
配置任务配置表 成功。
―――――――――――――――――――――――――――
终端校时到 2016-09-30 23:59:50
―――――――――――――――――――――――――――
发送时间：2016-09-12 13:25:56.548
发送内容：68 1F 00 43 05 08 00 00 00 00 00 10 B5 0B 06 01 06 40 00 02 00 1C 07 E0 09 1E 17 3B 32 00 06 D7 16 
接收时间：2016-09-12 13:25:58.513
接收内容：68 19 00 C3 05 08 00 00 00 00 00 10 15 3A 86 01 06 40 00 02 00 00 00 00 38 AB 16 
设置终端时间 成功。
―――――――――――――――――――――――――――
延时等待 240 秒…
―――――――――――――――――――――――――――
延时等待结束。
―――――――――――――――――――――――――――
读取采集任务监测数据
―――――――――――――――――――――――――――
发送时间：2016-09-12 13:30:01.884
发送内容：68 1F 00 43 05 08 00 00 00 00 00 10 B5 0B 05 03 07 60 34 02 00 01 60 35 02 01 11 01 00 00 DA 5C 16 
接收时间：2016-09-12 13:30:02.383
接收内容：68 42 00 C3 05 08 00 00 00 00 00 10 4C C4 85 03 07 60 34 02 00 01 00 60 35 02 00 01 01 02 08 11 01 16 02 1C 07 E0 0A 01 00 00 00 1C 07 E0 0A 01 00 00 10 12 00 02 12 00 02 12 00 02 12 00 02 00 00 B5 76 16 
读取采集任务检测数据并验证成功！
―――――――――――――――――――――――――――
读取电表历史月数据
―――――――――――――――――――――――――――
发送时间：2016-09-12 13:30:02.399
发送内容：68 47 00 43 05 08 00 00 00 00 00 10 5F 0B 05 03 08 60 12 03 00 05 07 E0 0A 01 00 00 00 01 05 00 40 01 02 00 00 60 40 02 00 00 60 41 02 00 00 60 42 02 00 01 50 06 02 00 03 20 21 02 00 00 10 02 00 00 20 02 00 00 BC 85 16 
接收时间：2016-09-12 13:30:02.789
接收内容：68 03 01 C3 05 08 00 00 00 00 00 10 FF 70 85 03 08 60 12 03 00 05 00 40 01 02 00 00 60 40 02 00 00 60 41 02 00 00 60 42 02 00 01 50 06 02 00 03 20 21 02 00 00 10 02 00 00 20 02 00 01 02 55 07 05 00 00 00 00 00 01 1C 07 E0 0A 01 00 00 00 1C 07 E0 0A 01 00 00 0F 1C 07 E0 0A 01 00 00 00 01 03 1C 07 E0 09 1E 00 00 00 01 05 06 00 0C 35 00 06 00 03 0D 40 06 00 03 0D 40 06 00 03 0D 40 06 00 03 0D 40 01 05 06 00 0C 35 00 06 00 03 0D 40 06 00 03 0D 40 06 00 03 0D 40 06 00 03 0D 40 55 07 05 00 00 00 00 00 02 1C 07 E0 0A 01 00 00 00 1C 07 E0 0A 01 00 00 10 1C 07 E0 0A 01 00 00 00 01 03 1C 07 E0 09 1E 00 00 00 01 05 06 00 0C 35 00 06 00 03 0D 40 06 00 03 0D 40 06 00 03 0D 40 06 00 03 0D 40 01 05 06 00 0C 35 00 06 00 03 0D 40 06 00 03 0D 40 06 00 03 0D 40 06 00 03 0D 40 00 00 87 0A 16 
读取采集任务数据并验证成功！
―――――――――――――――――――――――――――
终端校时到 2016-10-31 23:59:50
―――――――――――――――――――――――――――
发送时间：2016-09-12 13:30:02.835
发送内容：68 1F 00 43 05 08 00 00 00 00 00 10 B5 0B 06 01 09 40 00 02 00 1C 07 E0 0A 1F 17 3B 32 00 DB 4F 16 
接收时间：2016-09-12 13:30:04.146
接收内容：68 19 00 C3 05 08 00 00 00 00 00 10 15 3A 86 01 09 40 00 02 00 00 00 00 8A 1A 16 
设置终端时间 成功。
―――――――――――――――――――――――――――
延时等待 240 秒…
―――――――――――――――――――――――――――
延时等待结束。
―――――――――――――――――――――――――――
读取采集任务监测数据
―――――――――――――――――――――――――――
发送时间：2016-09-12 13:34:07.622
发送内容：68 1F 00 43 05 08 00 00 00 00 00 10 B5 0B 05 03 0A 60 34 02 00 01 60 35 02 01 11 01 00 00 EA 3E 16 
接收时间：2016-09-12 13:34:08.136
接收内容：68 42 00 C3 05 08 00 00 00 00 00 10 4C C4 85 03 0A 60 34 02 00 01 00 60 35 02 00 01 01 02 08 11 01 16 02 1C 07 E0 0B 01 00 00 00 1C 07 E0 0B 01 00 00 10 12 00 02 12 00 02 12 00 02 12 00 02 00 00 B1 D5 16 
读取采集任务检测数据并验证成功！
―――――――――――――――――――――――――――
读取电表历史月数据
―――――――――――――――――――――――――――
发送时间：2016-09-12 13:34:08.152
发送内容：68 47 00 43 05 08 00 00 00 00 00 10 5F 0B 05 03 0B 60 12 03 00 05 07 E0 0B 01 00 00 00 01 05 00 40 01 02 00 00 60 40 02 00 00 60 41 02 00 00 60 42 02 00 01 50 06 02 00 03 20 21 02 00 00 10 02 00 00 20 02 00 00 31 F9 16 
接收时间：2016-09-12 13:34:08.542
接收内容：68 03 01 C3 05 08 00 00 00 00 00 10 FF 70 85 03 0B 60 12 03 00 05 00 40 01 02 00 00 60 40 02 00 00 60 41 02 00 00 60 42 02 00 01 50 06 02 00 03 20 21 02 00 00 10 02 00 00 20 02 00 01 02 55 07 05 00 00 00 00 00 01 1C 07 E0 0B 01 00 00 00 1C 07 E0 0B 01 00 00 0F 1C 07 E0 0B 01 00 00 00 01 03 1C 07 E0 0A 1F 00 00 00 01 05 06 00 0C 35 00 06 00 03 0D 40 06 00 03 0D 40 06 00 03 0D 40 06 00 03 0D 40 01 05 06 00 0C 35 00 06 00 03 0D 40 06 00 03 0D 40 06 00 03 0D 40 06 00 03 0D 40 55 07 05 00 00 00 00 00 02 1C 07 E0 0B 01 00 00 00 1C 07 E0 0B 01 00 00 10 1C 07 E0 0B 01 00 00 00 01 03 1C 07 E0 0A 1F 00 00 00 01 05 06 00 0C 35 00 06 00 03 0D 40 06 00 03 0D 40 06 00 03 0D 40 06 00 03 0D 40 01 05 06 00 0C 35 00 06 00 03 0D 40 06 00 03 0D 40 06 00 03 0D 40 06 00 03 0D 40 00 00 D4 C5 16 
读取采集任务数据并验证成功！
―――――――――――――――――――――――――――
终端校时到 2016-11-30 23:59:50
―――――――――――――――――――――――――――
发送时间：2016-09-12 13:34:08.558
发送内容：68 1F 00 43 05 08 00 00 00 00 00 10 B5 0B 06 01 0C 40 00 02 00 1C 07 E0 0B 1E 17 3B 32 00 E7 CD 16 
接收时间：2016-09-12 13:34:09.868
接收内容：68 19 00 C3 05 08 00 00 00 00 00 10 15 3A 86 01 0C 40 00 02 00 00 00 00 EB 8D 16 
设置终端时间 成功。
―――――――――――――――――――――――――――
延时等待 240 秒…
―――――――――――――――――――――――――――
延时等待结束。
―――――――――――――――――――――――――――
读取采集任务监测数据
―――――――――――――――――――――――――――
发送时间：2016-09-12 13:38:13.230
发送内容：68 1F 00 43 05 08 00 00 00 00 00 10 B5 0B 05 03 0D 60 34 02 00 01 60 35 02 01 11 01 00 00 6D 4E 16 
接收时间：2016-09-12 13:38:13.760
接收内容：68 42 00 C3 05 08 00 00 00 00 00 10 4C C4 85 03 0D 60 34 02 00 01 00 60 35 02 00 01 01 02 08 11 01 16 02 1C 07 E0 0C 01 00 00 00 1C 07 E0 0C 01 00 00 10 12 00 02 12 00 02 12 00 02 12 00 02 00 00 46 85 16 
读取采集任务检测数据并验证成功！
―――――――――――――――――――――――――――
读取电表历史月数据
―――――――――――――――――――――――――――
发送时间：2016-09-12 13:38:13.760
发送内容：68 47 00 43 05 08 00 00 00 00 00 10 5F 0B 05 03 0E 60 12 03 00 05 07 E0 0C 01 00 00 00 01 05 00 40 01 02 00 00 60 40 02 00 00 60 41 02 00 00 60 42 02 00 01 50 06 02 00 03 20 21 02 00 00 10 02 00 00 20 02 00 00 1C 51 16 
接收时间：2016-09-12 13:38:14.166
接收内容：68 03 01 C3 05 08 00 00 00 00 00 10 FF 70 85 03 0E 60 12 03 00 05 00 40 01 02 00 00 60 40 02 00 00 60 41 02 00 00 60 42 02 00 01 50 06 02 00 03 20 21 02 00 00 10 02 00 00 20 02 00 01 02 55 07 05 00 00 00 00 00 01 1C 07 E0 0C 01 00 00 00 1C 07 E0 0C 01 00 00 0F 1C 07 E0 0C 01 00 00 00 01 03 1C 07 E0 0A 1F 00 00 00 01 05 06 00 0C 35 00 06 00 03 0D 40 06 00 03 0D 40 06 00 03 0D 40 06 00 03 0D 40 01 05 06 00 0C 35 00 06 00 03 0D 40 06 00 03 0D 40 06 00 03 0D 40 06 00 03 0D 40 55 07 05 00 00 00 00 00 02 1C 07 E0 0C 01 00 00 00 1C 07 E0 0C 01 00 00 10 1C 07 E0 0C 01 00 00 00 01 03 1C 07 E0 0A 1F 00 00 00 01 05 06 00 0C 35 00 06 00 03 0D 40 06 00 03 0D 40 06 00 03 0D 40 06 00 03 0D 40 01 05 06 00 0C 35 00 06 00 03 0D 40 06 00 03 0D 40 06 00 03 0D 40 06 00 03 0D 40 00 00 14 42 16 
读取采集任务数据并验证成功！
――――――――――
检测结论：合格
――――――――――
==================================================
16. 历史月数据  测试结束  表位号：8
==================================================